
================================================================
======== txAdmin Starting - 8/30/2023, 10:51:24 AM              
================================================================
[10:53:57 AM] txAdmin: Logger started
[10:55:21 AM] txAdmin: Logger started

================================================================
======== txAdmin Starting - 8/30/2023, 11:24:09 AM              
================================================================
[11:24:38 AM] txAdmin: Logger started

================================================================
======== txAdmin Starting - 8/30/2023, 11:28:00 AM              
================================================================
[11:28:13 AM] txAdmin: Logger started
[11:29:57 AM] [bRYH8#1] Barb: joined with identifiers [license:63ece83bec31d86f0787a776378cb3bd987aa3d1; discord:302865640111472640; fivem:1871334; license2:4613851b390c5b23eef5f33d537710bcb3e3bec7]
[11:30:00 AM] [bRYH8#2] -Sk3tch: joined with identifiers [license:48043ff12bd90d0b8cd53d98a97726ee90bbc870; xbl:2535452117168309; live:1055521565662318; discord:380480863865012224; fivem:11487262; license2:a2fc45ca5c8e40e2431a7066dcc632bacf7310d2]
[11:30:59 AM] txAdmin: ((Broadcast) txAdmin): said "This server is scheduled to restart in 30 minutes."
[11:45:00 AM] txAdmin: ((Broadcast) txAdmin): said "This server is scheduled to restart in 15 minutes."
[11:48:52 AM] [bRYH8#2] -Sk3tch: said "/-platescan"
[11:48:55 AM] [bRYH8#2] -Sk3tch: said "/-platescan"
[11:48:59 AM] [bRYH8#2] -Sk3tch: said "/-platescan"
[11:49:02 AM] [bRYH8#2] -Sk3tch: said "/-platescan"
[11:49:04 AM] [bRYH8#2] -Sk3tch: said "/-platescan"
[11:49:10 AM] [bRYH8#2] -Sk3tch: said "/-platescan"
[11:49:12 AM] [bRYH8#2] -Sk3tch: said "/-platescan"
[11:49:15 AM] [bRYH8#2] -Sk3tch: said "/-platescan"
[11:49:17 AM] [bRYH8#2] -Sk3tch: said "/-platescan"
[11:49:19 AM] [bRYH8#2] -Sk3tch: said "/-platescan"
[11:49:20 AM] [bRYH8#2] -Sk3tch: said "/-platescan"
[11:49:22 AM] [bRYH8#2] -Sk3tch: said "/-platescan"
[11:49:23 AM] [bRYH8#2] -Sk3tch: said "/-platescan"
[11:49:25 AM] [bRYH8#2] -Sk3tch: said "/-platescan"
[11:49:29 AM] [bRYH8#2] -Sk3tch: said "/-platescan"
[11:49:30 AM] [bRYH8#2] -Sk3tch: said "/-platescan"
[11:49:32 AM] [bRYH8#2] -Sk3tch: said "/-platescan"
[11:49:42 AM] [bRYH8#2] -Sk3tch: disconnected (Exiting)
[11:50:00 AM] txAdmin: ((Broadcast) txAdmin): said "This server is scheduled to restart in 10 minutes."
[11:50:48 AM] [bRYH8#1] Barb: said "/-platescan"
[11:50:49 AM] [bRYH8#1] Barb: disconnected (Disconnected.)
[11:50:49 AM] [bRYH8#1] Barb: said "/-platescan"
[11:51:33 AM] txAdmin: Logger started
[11:55:00 AM] txAdmin: ((Broadcast) txAdmin): said "This server is scheduled to restart in 5 minutes."
[11:56:00 AM] txAdmin: ((Broadcast) txAdmin): said "This server is scheduled to restart in 4 minutes."
[11:57:00 AM] txAdmin: ((Broadcast) txAdmin): said "This server is scheduled to restart in 3 minutes."
[11:58:00 AM] txAdmin: ((Broadcast) txAdmin): said "This server is scheduled to restart in 2 minutes."
[11:59:00 AM] txAdmin: ((Broadcast) txAdmin): said "This server is scheduled to restart in 1 minute. Please disconnect now."
[12:00:17 PM] txAdmin: Logger started
[1:00:32 PM] [xA4cy#1] P. Adams: joined with identifiers [license:5aa773eb99bb1c16c8028ce664103018a0af52e1; xbl:2533274877001361; live:1759221481199184; discord:342131859263848459; fivem:453160]
[1:05:07 PM] [xA4cy#1] P. Adams: disconnected (Server->client connection timed out. Last seen 37627 msec ago.)
[3:28:19 PM] [xA4cy#2] Hannibal77: joined with identifiers [license:0098725183558015426011b71e87f91d7af46ab0; xbl:2535433101330769; live:1055518313406691; discord:99914854340509696; fivem:1525860; license2:16027c2e3f27283b4ca1d7c3f73dfaa74597a45d]
[3:50:56 PM] [xA4cy#2] Hannibal77: said "/-platescan"
[3:50:57 PM] [xA4cy#2] Hannibal77: said "/-platescan"
[3:50:58 PM] [xA4cy#2] Hannibal77: said "/-platescan"
[3:51:00 PM] [xA4cy#2] Hannibal77: said "/-platescan"
[3:51:00 PM] [xA4cy#2] Hannibal77: said "/-platescan"
[3:53:53 PM] [xA4cy#2] Hannibal77: said "gang:register"
[4:08:36 PM] [xA4cy#2] Hannibal77: disconnected ([txAdmin] Server restarting (requested by Sk3tchPlays).)
[4:10:26 PM] txAdmin: Logger started
[4:10:37 PM] [p499T#1] Hannibal77: joined with identifiers [license:0098725183558015426011b71e87f91d7af46ab0; xbl:2535433101330769; live:1055518313406691; discord:99914854340509696; fivem:1525860; license2:16027c2e3f27283b4ca1d7c3f73dfaa74597a45d]
[4:11:15 PM] [p499T#1] Hannibal77: said "/-platescan"
[4:12:47 PM] [p499T#1] Hannibal77: said "/-platescan"
[4:12:48 PM] [p499T#1] Hannibal77: said "/-platescan"
[4:21:34 PM] [p499T#1] Hannibal77: said "/stash"
[4:31:37 PM] [p499T#1] Hannibal77: said "/-platescan"
[4:31:44 PM] [p499T#1] Hannibal77: said "/-platescan"
[4:31:44 PM] [p499T#1] Hannibal77: said "/-platescan"
[4:33:00 PM] [p499T#1] Hannibal77: said "/-platescan"
[4:33:01 PM] [p499T#1] Hannibal77: said "/-platescan"
[4:33:25 PM] [p499T#1] Hannibal77: said "/-platescan"
[4:33:26 PM] [p499T#1] Hannibal77: said "/-platescan"
[4:36:58 PM] [p499T#1] Hannibal77: said "/setstash"
[4:40:53 PM] [p499T#1] Hannibal77: said "/-platescan"
[4:40:53 PM] [p499T#1] Hannibal77: said "/-platescan"
[4:40:56 PM] [p499T#1] Hannibal77: said "/-platescan"
[4:40:58 PM] [p499T#1] Hannibal77: said "/-platescan"
[4:41:00 PM] [p499T#1] Hannibal77: said "/-platescan"
[4:41:02 PM] [p499T#1] Hannibal77: said "/-platescan"
[4:41:03 PM] [p499T#1] Hannibal77: said "/-platescan"
[4:41:04 PM] [p499T#1] Hannibal77: said "/-platescan"
[4:41:04 PM] [p499T#1] Hannibal77: said "/-platescan"
[4:41:05 PM] [p499T#1] Hannibal77: said "/-platescan"
[4:44:07 PM] [p499T#1] Hannibal77: said "/pzfinsh"
[4:50:24 PM] [p499T#1] Hannibal77: disconnected ([txAdmin] Server restarting (requested by Sk3tchPlays).)
[4:51:00 PM] txAdmin: Logger started
[4:51:10 PM] [faQwa#1] Hannibal77: joined with identifiers [license:0098725183558015426011b71e87f91d7af46ab0; xbl:2535433101330769; live:1055518313406691; discord:99914854340509696; fivem:1525860; license2:16027c2e3f27283b4ca1d7c3f73dfaa74597a45d]
[4:51:50 PM] [faQwa#1] Hannibal77: said "/-platescan"
[4:51:51 PM] [faQwa#1] Hannibal77: said "/-platescan"
[4:52:24 PM] [faQwa#1] Hannibal77: disconnected (Game crashed: GTA5_b2802.exe!sub_14094D9BC (0xda))
[4:52:50 PM] [faQwa#2] Hannibal77: joined with identifiers [license:0098725183558015426011b71e87f91d7af46ab0; xbl:2535433101330769; live:1055518313406691; discord:99914854340509696; fivem:1525860; license2:16027c2e3f27283b4ca1d7c3f73dfaa74597a45d]
[5:01:36 PM] [faQwa#2] Hannibal77: said "/-platescan"
[5:01:37 PM] [faQwa#2] Hannibal77: said "/-platescan"
[5:01:40 PM] [faQwa#2] Hannibal77: said "/-platescan"
[5:01:41 PM] [faQwa#2] Hannibal77: said "/-platescan"
[5:01:43 PM] [faQwa#2] Hannibal77: said "/-platescan"
[5:01:44 PM] [faQwa#2] Hannibal77: said "/-platescan"
[5:01:46 PM] [faQwa#2] Hannibal77: said "/-platescan"
[5:01:46 PM] [faQwa#2] Hannibal77: said "/-platescan"
[5:02:14 PM] [faQwa#2] Hannibal77: said "/-platescan"
[5:02:15 PM] [faQwa#2] Hannibal77: said "/-platescan"
[5:02:27 PM] [faQwa#2] Hannibal77: said "/-platescan"
[5:02:28 PM] [faQwa#2] Hannibal77: said "/-platescan"
[5:05:05 PM] [faQwa#2] Hannibal77: said "/-platescan"
[5:05:06 PM] [faQwa#2] Hannibal77: said "/-platescan"
[5:05:07 PM] [faQwa#2] Hannibal77: said "/-platescan"
[5:06:31 PM] [faQwa#2] Hannibal77: said "/-platescan"
[5:06:32 PM] [faQwa#2] Hannibal77: said "/-platescan"
[5:06:33 PM] [faQwa#2] Hannibal77: said "/-platescan"
[5:06:34 PM] [faQwa#2] Hannibal77: said "/-platescan"
[5:07:35 PM] [faQwa#2] Hannibal77: said "/-platescan"
[5:07:37 PM] [faQwa#2] Hannibal77: said "/-platescan"
[5:07:37 PM] [faQwa#2] Hannibal77: said "/-platescan"
[5:07:38 PM] [faQwa#2] Hannibal77: said "/-platescan"
[5:07:39 PM] [faQwa#2] Hannibal77: said "/-platescan"
[5:07:39 PM] [faQwa#2] Hannibal77: said "/-platescan"
[5:09:01 PM] [faQwa#2] Hannibal77: said "/vector 3"
[5:12:13 PM] [faQwa#2] Hannibal77: disconnected ([txAdmin] Server restarting (requested by Sk3tchPlays).)
[5:12:31 PM] txAdmin: Logger started
[5:13:21 PM] [jCTcY#1] Hannibal77: joined with identifiers [license:0098725183558015426011b71e87f91d7af46ab0; xbl:2535433101330769; live:1055518313406691; discord:99914854340509696; fivem:1525860; license2:16027c2e3f27283b4ca1d7c3f73dfaa74597a45d]
[5:14:05 PM] [jCTcY#1] Hannibal77: said "/-platescan"
[5:14:09 PM] [jCTcY#1] Hannibal77: said "/-platescan"
[5:14:09 PM] [jCTcY#1] Hannibal77: said "/-platescan"
[5:14:10 PM] [jCTcY#1] Hannibal77: said "/-platescan"
[5:15:28 PM] [jCTcY#1] Hannibal77: said "/-platescan"
[5:15:28 PM] [jCTcY#1] Hannibal77: said "/-platescan"
[5:15:28 PM] [jCTcY#1] Hannibal77: said "/-platescan"
[5:15:28 PM] [jCTcY#1] Hannibal77: said "/-platescan"
[5:15:29 PM] [jCTcY#1] Hannibal77: said "/-platescan"
[5:15:29 PM] [jCTcY#1] Hannibal77: said "/-platescan"
[5:16:50 PM] [jCTcY#1] Hannibal77: said "/-platescan"
[5:16:51 PM] [jCTcY#1] Hannibal77: said "/-platescan"
[5:17:21 PM] [jCTcY#1] Hannibal77: said "/-platescan"
[5:17:22 PM] [jCTcY#1] Hannibal77: said "/-platescan"
[5:17:38 PM] [jCTcY#1] Hannibal77: said "/-platescan"
[5:17:38 PM] [jCTcY#1] Hannibal77: said "/-platescan"
[5:18:05 PM] [jCTcY#1] Hannibal77: said "/-platescan"
[5:18:05 PM] [jCTcY#1] Hannibal77: said "/-platescan"
[5:18:06 PM] [jCTcY#1] Hannibal77: said "/-platescan"
[5:18:07 PM] [jCTcY#1] Hannibal77: said "/-platescan"
[5:18:08 PM] [jCTcY#1] Hannibal77: said "/-platescan"
[5:18:08 PM] [jCTcY#1] Hannibal77: said "/-platescan"
[5:25:59 PM] [jCTcY#1] Hannibal77: said "/-platescan"
[5:26:01 PM] [jCTcY#1] Hannibal77: said "/-platescan"
[5:26:12 PM] [jCTcY#1] Hannibal77: said "/-platescan"
[5:26:13 PM] [jCTcY#1] Hannibal77: said "/-platescan"
[5:26:14 PM] [jCTcY#1] Hannibal77: said "/-platescan"
[5:26:16 PM] [jCTcY#1] Hannibal77: said "/-platescan"
[5:26:16 PM] [jCTcY#1] Hannibal77: said "/-platescan"
[5:28:13 PM] [jCTcY#1] Hannibal77: disconnected ([txAdmin] Server restarting (requested by Sk3tchPlays).)
[5:28:31 PM] txAdmin: Logger started
[5:29:29 PM] [H7Xyq#1] Hannibal77: joined with identifiers [license:0098725183558015426011b71e87f91d7af46ab0; xbl:2535433101330769; live:1055518313406691; discord:99914854340509696; fivem:1525860; license2:16027c2e3f27283b4ca1d7c3f73dfaa74597a45d]
[5:30:06 PM] txAdmin: ((Broadcast) txAdmin): said "This server is scheduled to restart in 30 minutes."
[5:30:13 PM] [H7Xyq#1] Hannibal77: said "/-platescan"
[5:30:40 PM] [H7Xyq#1] Hannibal77: disconnected (Exiting)
[5:30:58 PM] [H7Xyq#2] Hannibal77: joined with identifiers [license:0098725183558015426011b71e87f91d7af46ab0; xbl:2535433101330769; live:1055518313406691; discord:99914854340509696; fivem:1525860; license2:16027c2e3f27283b4ca1d7c3f73dfaa74597a45d]
[5:32:14 PM] [H7Xyq#2] Hannibal77: disconnected (Exiting)
[5:32:36 PM] txAdmin: Logger started
[5:33:01 PM] [afUDw#1] Hannibal77: joined with identifiers [license:0098725183558015426011b71e87f91d7af46ab0; xbl:2535433101330769; live:1055518313406691; discord:99914854340509696; fivem:1525860; license2:16027c2e3f27283b4ca1d7c3f73dfaa74597a45d]
[5:34:20 PM] [afUDw#1] Hannibal77: disconnected ([txAdmin] Server restarting (requested by Sk3tchPlays).)
[5:34:38 PM] txAdmin: Logger started
[5:35:16 PM] [JPCL9#1] Hannibal77: joined with identifiers [license:0098725183558015426011b71e87f91d7af46ab0; xbl:2535433101330769; live:1055518313406691; discord:99914854340509696; fivem:1525860; license2:16027c2e3f27283b4ca1d7c3f73dfaa74597a45d]
[5:35:58 PM] [JPCL9#1] Hannibal77: disconnected (Exiting)
[5:37:12 PM] txAdmin: Logger started
[5:37:58 PM] [7rdd8#1] Hannibal77: joined with identifiers [license:0098725183558015426011b71e87f91d7af46ab0; xbl:2535433101330769; live:1055518313406691; discord:99914854340509696; fivem:1525860; license2:16027c2e3f27283b4ca1d7c3f73dfaa74597a45d]
[5:40:40 PM] [7rdd8#1] Hannibal77: said "/-platescan"
[5:40:41 PM] [7rdd8#1] Hannibal77: said "/-platescan"
[5:40:43 PM] [7rdd8#1] Hannibal77: said "/-platescan"
[5:40:44 PM] [7rdd8#1] Hannibal77: said "/-platescan"
[5:40:44 PM] [7rdd8#1] Hannibal77: said "/-platescan"
[5:41:11 PM] [7rdd8#1] Hannibal77: said "/-platescan"
[5:41:11 PM] [7rdd8#1] Hannibal77: said "/-platescan"
[5:41:12 PM] [7rdd8#1] Hannibal77: said "/-platescan"
[5:41:14 PM] [7rdd8#1] Hannibal77: said "/-platescan"
[5:41:15 PM] [7rdd8#1] Hannibal77: said "/-platescan"
[5:41:56 PM] [7rdd8#1] Hannibal77: said "/-platescan"
[5:42:21 PM] [7rdd8#1] Hannibal77: said "/-platescan"
[5:42:22 PM] [7rdd8#1] Hannibal77: said "/-platescan"
[5:43:00 PM] [7rdd8#1] Hannibal77: said "/-platescan"
[5:44:04 PM] [7rdd8#1] Hannibal77: said "/-platescan"
[5:45:07 PM] txAdmin: ((Broadcast) txAdmin): said "This server is scheduled to restart in 15 minutes."
[5:46:36 PM] [7rdd8#1] Hannibal77: said "/-platescan"
[5:46:38 PM] [7rdd8#1] Hannibal77: said "/-platescan"
[5:46:39 PM] [7rdd8#1] Hannibal77: said "/-platescan"
[5:46:41 PM] [7rdd8#1] Hannibal77: said "/-platescan"
[5:46:44 PM] [7rdd8#1] Hannibal77: said "/-platescan"
[5:46:44 PM] [7rdd8#1] Hannibal77: said "/-platescan"
[5:46:52 PM] [7rdd8#1] Hannibal77: said "/-platescan"
[5:46:56 PM] [7rdd8#1] Hannibal77: said "/-platescan"
[5:47:00 PM] [7rdd8#1] Hannibal77: said "/-platescan"
[5:47:01 PM] [7rdd8#1] Hannibal77: said "/-platescan"
[5:47:01 PM] [7rdd8#1] Hannibal77: said "/-platescan"
[5:49:06 PM] [7rdd8#1] Hannibal77: said "/-platescan"
[5:49:07 PM] [7rdd8#1] Hannibal77: said "/-platescan"
[5:49:07 PM] [7rdd8#1] Hannibal77: said "/-platescan"
[5:49:37 PM] [7rdd8#1] Hannibal77: said "/-platescan"
[5:49:38 PM] [7rdd8#1] Hannibal77: said "/-platescan"
[5:49:39 PM] [7rdd8#1] Hannibal77: said "/-platescan"
[5:49:40 PM] [7rdd8#1] Hannibal77: said "/-platescan"
[5:49:57 PM] [7rdd8#1] Hannibal77: said "/-platescan"
[5:49:58 PM] [7rdd8#1] Hannibal77: said "/-platescan"
[5:50:02 PM] [7rdd8#1] Hannibal77: said "/-platescan"
[5:50:03 PM] [7rdd8#1] Hannibal77: said "/-platescan"
[5:50:07 PM] txAdmin: ((Broadcast) txAdmin): said "This server is scheduled to restart in 10 minutes."
[5:53:15 PM] [7rdd8#1] Hannibal77: said "/-platescan"
[5:53:16 PM] [7rdd8#1] Hannibal77: said "/-platescan"
[5:55:06 PM] txAdmin: ((Broadcast) txAdmin): said "This server is scheduled to restart in 5 minutes."
[5:56:06 PM] txAdmin: ((Broadcast) txAdmin): said "This server is scheduled to restart in 4 minutes."
[5:57:06 PM] txAdmin: ((Broadcast) txAdmin): said "This server is scheduled to restart in 3 minutes."
[5:57:49 PM] [7rdd8#1] Hannibal77: disconnected (Exiting)
[5:58:06 PM] txAdmin: ((Broadcast) txAdmin): said "This server is scheduled to restart in 2 minutes."
[5:59:06 PM] txAdmin: ((Broadcast) txAdmin): said "This server is scheduled to restart in 1 minute. Please disconnect now."
[6:00:24 PM] txAdmin: Logger started
[6:00:55 PM] [wxtBG#1] Hannibal77: joined with identifiers [license:0098725183558015426011b71e87f91d7af46ab0; xbl:2535433101330769; live:1055518313406691; discord:99914854340509696; fivem:1525860; license2:16027c2e3f27283b4ca1d7c3f73dfaa74597a45d]
[6:01:34 PM] [wxtBG#1] Hannibal77: said "/-platescan"
[6:01:34 PM] [wxtBG#1] Hannibal77: said "/-platescan"
[6:01:56 PM] [wxtBG#1] Hannibal77: said "/-platescan"
[6:01:56 PM] [wxtBG#1] Hannibal77: said "/-platescan"
[6:02:01 PM] [wxtBG#1] Hannibal77: said "/-platescan"
[6:02:03 PM] [wxtBG#1] Hannibal77: said "/-platescan"
[6:02:04 PM] [wxtBG#1] Hannibal77: said "/-platescan"
[6:02:05 PM] [wxtBG#1] Hannibal77: said "/-platescan"
[6:02:26 PM] [wxtBG#1] Hannibal77: said "/-platescan"
[6:02:27 PM] [wxtBG#1] Hannibal77: said "/-platescan"
[6:02:28 PM] [wxtBG#1] Hannibal77: said "/-platescan"
[6:02:28 PM] [wxtBG#1] Hannibal77: said "/-platescan"
[6:02:43 PM] [wxtBG#1] Hannibal77: said "/-platescan"
[6:02:46 PM] [wxtBG#1] Hannibal77: said "/-platescan"
[6:02:48 PM] [wxtBG#1] Hannibal77: said "/-platescan"
[6:02:49 PM] [wxtBG#1] Hannibal77: said "/-platescan"
[6:02:49 PM] [wxtBG#1] Hannibal77: said "/-platescan"
[6:03:10 PM] [wxtBG#1] Hannibal77: said "/-platescan"
[6:03:11 PM] [wxtBG#1] Hannibal77: said "/-platescan"
[6:03:11 PM] [wxtBG#1] Hannibal77: said "/-platescan"
[6:03:14 PM] [wxtBG#1] Hannibal77: said "/-platescan"
[6:03:15 PM] [wxtBG#1] Hannibal77: said "/-platescan"
[6:03:16 PM] [wxtBG#1] Hannibal77: said "/-platescan"
[6:03:17 PM] [wxtBG#1] Hannibal77: said "/-platescan"
[6:03:17 PM] [wxtBG#1] Hannibal77: said "/-platescan"
[6:09:55 PM] [wxtBG#1] Hannibal77: said "/-platescan"
[6:10:01 PM] [wxtBG#1] Hannibal77: said "/-platescan"
[6:10:05 PM] [wxtBG#1] Hannibal77: said "/-platescan"
[6:10:06 PM] [wxtBG#1] Hannibal77: said "/-platescan"
[6:10:07 PM] [wxtBG#1] Hannibal77: said "/-platescan"
[6:10:08 PM] [wxtBG#1] Hannibal77: said "/-platescan"
[6:10:08 PM] [wxtBG#1] Hannibal77: said "/-platescan"
[6:11:36 PM] [wxtBG#1] Hannibal77: said "/-platescan"
[6:11:37 PM] [wxtBG#1] Hannibal77: said "/-platescan"
[6:11:39 PM] [wxtBG#1] Hannibal77: said "/-platescan"
[6:11:40 PM] [wxtBG#1] Hannibal77: said "/-platescan"
[6:11:40 PM] [wxtBG#1] Hannibal77: said "/-platescan"
[6:12:01 PM] [wxtBG#1] Hannibal77: said "/-platescan"
[6:12:29 PM] [wxtBG#1] Hannibal77: said "/-platescan"
[6:12:29 PM] [wxtBG#1] Hannibal77: said "/-platescan"
[6:13:05 PM] [wxtBG#1] Hannibal77: said "/-platescan"
[6:13:06 PM] [wxtBG#1] Hannibal77: said "/-platescan"
[6:13:07 PM] [wxtBG#1] Hannibal77: said "/-platescan"
[6:13:08 PM] [wxtBG#1] Hannibal77: said "/-platescan"
[6:13:09 PM] [wxtBG#1] Hannibal77: said "/-platescan"
[6:13:14 PM] [wxtBG#1] Hannibal77: said "/-platescan"
[6:13:18 PM] [wxtBG#1] Hannibal77: said "/-platescan"
[6:13:19 PM] [wxtBG#1] Hannibal77: said "/-platescan"
[6:13:23 PM] [wxtBG#1] Hannibal77: said "/-platescan"
[6:13:24 PM] [wxtBG#1] Hannibal77: said "/-platescan"
[6:13:25 PM] [wxtBG#1] Hannibal77: said "/-platescan"
[6:13:25 PM] [wxtBG#1] Hannibal77: said "/-platescan"
[6:13:27 PM] [wxtBG#1] Hannibal77: said "/-platescan"
[6:13:28 PM] [wxtBG#1] Hannibal77: said "/-platescan"
[6:13:28 PM] [wxtBG#1] Hannibal77: said "/-platescan"
[6:13:36 PM] [wxtBG#1] Hannibal77: said "/-platescan"
[6:13:42 PM] [wxtBG#1] Hannibal77: said "/-platescan"
[6:13:43 PM] [wxtBG#1] Hannibal77: said "/-platescan"
[6:16:47 PM] [wxtBG#1] Hannibal77: said "/-platescan"
[6:16:52 PM] [wxtBG#1] Hannibal77: said "/-platescan"
[6:16:56 PM] [wxtBG#1] Hannibal77: said "/-platescan"
[6:17:15 PM] [wxtBG#1] Hannibal77: said "/-platescan"
[6:17:37 PM] [wxtBG#1] Hannibal77: said "/-platescan"
[6:24:33 PM] [wxtBG#1] Hannibal77: said "/-platescan"
[6:24:35 PM] [wxtBG#1] Hannibal77: said "/-platescan"
[6:26:24 PM] [wxtBG#1] Hannibal77: said "/-platescan"
[6:26:24 PM] [wxtBG#1] Hannibal77: said "/-platescan"
[6:26:25 PM] [wxtBG#1] Hannibal77: said "/-platescan"
[6:26:26 PM] [wxtBG#1] Hannibal77: said "/-platescan"
[6:26:28 PM] [wxtBG#1] Hannibal77: said "/-platescan"
[6:26:45 PM] [wxtBG#1] Hannibal77: said "/-platescan"
[6:26:47 PM] [wxtBG#1] Hannibal77: said "/-platescan"
[6:28:18 PM] [wxtBG#1] Hannibal77: said "/-platescan"
[6:28:19 PM] [wxtBG#1] Hannibal77: said "/-platescan"
[6:28:20 PM] [wxtBG#1] Hannibal77: said "/-platescan"
[6:28:21 PM] [wxtBG#1] Hannibal77: said "/-platescan"
[6:28:22 PM] [wxtBG#1] Hannibal77: said "/-platescan"
[6:28:25 PM] [wxtBG#1] Hannibal77: said "/-platescan"
[6:28:25 PM] [wxtBG#1] Hannibal77: said "/-platescan"
[6:28:26 PM] [wxtBG#1] Hannibal77: said "/-platescan"
[6:28:26 PM] [wxtBG#1] Hannibal77: said "/-platescan"
[6:30:08 PM] [wxtBG#1] Hannibal77: disconnected ([txAdmin] Server restarting (requested by Sk3tchPlays).)
[6:30:26 PM] txAdmin: Logger started
[6:30:54 PM] [89EUV#1] Hannibal77: joined with identifiers [license:0098725183558015426011b71e87f91d7af46ab0; xbl:2535433101330769; live:1055518313406691; discord:99914854340509696; fivem:1525860; license2:16027c2e3f27283b4ca1d7c3f73dfaa74597a45d]
[6:32:30 PM] [89EUV#1] Hannibal77: disconnected ([txAdmin] Server restarting (requested by Sk3tchPlays).)
[6:32:48 PM] txAdmin: Logger started
[6:33:12 PM] [eb3Hm#1] Hannibal77: joined with identifiers [license:0098725183558015426011b71e87f91d7af46ab0; xbl:2535433101330769; live:1055518313406691; discord:99914854340509696; fivem:1525860; license2:16027c2e3f27283b4ca1d7c3f73dfaa74597a45d]
[6:33:56 PM] [eb3Hm#1] Hannibal77: said "/-platescan"
[6:33:57 PM] [eb3Hm#1] Hannibal77: said "/-platescan"
[6:34:05 PM] [eb3Hm#1] Hannibal77: said "/-platescan"
[6:34:10 PM] [eb3Hm#1] Hannibal77: said "/-platescan"
[6:34:11 PM] [eb3Hm#1] Hannibal77: said "/-platescan"
[6:34:12 PM] [eb3Hm#1] Hannibal77: said "/-platescan"
[6:34:13 PM] [eb3Hm#1] Hannibal77: said "/-platescan"
[6:34:14 PM] [eb3Hm#1] Hannibal77: said "/-platescan"
[6:34:15 PM] [eb3Hm#1] Hannibal77: said "/-platescan"
[6:34:19 PM] [eb3Hm#1] Hannibal77: said "/-platescan"
[6:34:19 PM] [eb3Hm#1] Hannibal77: said "/-platescan"
[6:34:48 PM] [eb3Hm#1] Hannibal77: said "/-platescan"
[6:34:49 PM] [eb3Hm#1] Hannibal77: said "/-platescan"
[6:34:52 PM] [eb3Hm#1] Hannibal77: said "/-platescan"
[6:34:54 PM] [eb3Hm#1] Hannibal77: said "/-platescan"
[6:34:56 PM] [eb3Hm#1] Hannibal77: said "/-platescan"
[6:34:58 PM] [eb3Hm#1] Hannibal77: said "/-platescan"
[6:34:59 PM] [eb3Hm#1] Hannibal77: said "/-platescan"
[6:35:00 PM] [eb3Hm#1] Hannibal77: said "/-platescan"
[6:35:01 PM] [eb3Hm#1] Hannibal77: said "/-platescan"
[6:35:01 PM] [eb3Hm#1] Hannibal77: said "/-platescan"
[6:35:33 PM] [eb3Hm#1] Hannibal77: said "/-platescan"
[6:35:34 PM] [eb3Hm#1] Hannibal77: said "/-platescan"
[6:35:34 PM] [eb3Hm#1] Hannibal77: said "/-platescan"
[6:36:24 PM] [eb3Hm#1] Hannibal77: said "/-platescan"
[6:36:24 PM] [eb3Hm#1] Hannibal77: said "/-platescan"
[6:36:25 PM] [eb3Hm#1] Hannibal77: said "/-platescan"
[6:36:26 PM] [eb3Hm#1] Hannibal77: said "/-platescan"
[6:36:26 PM] [eb3Hm#1] Hannibal77: said "/-platescan"
[6:36:34 PM] [eb3Hm#1] Hannibal77: said "noclip"
[6:37:01 PM] [eb3Hm#1] Hannibal77: said "/-platescan"
[6:37:26 PM] [eb3Hm#1] Hannibal77: died from suicide (Drowned)
[6:37:57 PM] [eb3Hm#1] Hannibal77: said "/-platescan"
[6:38:13 PM] [eb3Hm#1] Hannibal77: said "/-platescan"
[6:38:20 PM] [eb3Hm#1] Hannibal77: said "/-platescan"
[6:38:21 PM] [eb3Hm#1] Hannibal77: said "/-platescan"
[6:38:28 PM] [eb3Hm#1] Hannibal77: said "/-platescan"
[6:38:37 PM] [eb3Hm#1] Hannibal77: said "/-platescan"
[6:38:38 PM] [eb3Hm#1] Hannibal77: said "/-platescan"
[6:38:52 PM] [eb3Hm#1] Hannibal77: said "/-platescan"
[6:38:53 PM] [eb3Hm#1] Hannibal77: said "/-platescan"
[6:39:06 PM] [eb3Hm#1] Hannibal77: said "/-platescan"
[6:39:07 PM] [eb3Hm#1] Hannibal77: said "/-platescan"
[6:39:16 PM] [eb3Hm#1] Hannibal77: said "/-platescan"
[6:39:23 PM] [eb3Hm#1] Hannibal77: said "/-platescan"
[6:39:25 PM] [eb3Hm#1] Hannibal77: said "/-platescan"
[6:39:25 PM] [eb3Hm#1] Hannibal77: said "/-platescan"
[6:43:05 PM] [eb3Hm#1] Hannibal77: said "/-platescan"
[6:43:07 PM] [eb3Hm#1] Hannibal77: said "/-platescan"
[6:43:07 PM] [eb3Hm#1] Hannibal77: said "/-platescan"
[6:43:07 PM] [eb3Hm#1] Hannibal77: said "/-platescan"
[6:43:11 PM] [eb3Hm#1] Hannibal77: said "/-platescan"
[6:43:14 PM] [eb3Hm#1] Hannibal77: said "/-platescan"
[6:43:17 PM] [eb3Hm#1] Hannibal77: said "/-platescan"
[6:43:52 PM] [eb3Hm#1] Hannibal77: said "/-platescan"
[6:43:54 PM] [eb3Hm#1] Hannibal77: said "/-platescan"
[6:43:55 PM] [eb3Hm#1] Hannibal77: said "/-platescan"
[6:43:58 PM] [eb3Hm#1] Hannibal77: said "/-platescan"
[6:43:59 PM] [eb3Hm#1] Hannibal77: said "/-platescan"
[6:44:01 PM] [eb3Hm#1] Hannibal77: said "/-platescan"
[6:44:03 PM] [eb3Hm#1] Hannibal77: said "/-platescan"
[6:44:12 PM] [eb3Hm#1] Hannibal77: said "/-platescan"
[6:44:13 PM] [eb3Hm#1] Hannibal77: said "/-platescan"
[6:44:30 PM] [eb3Hm#1] Hannibal77: said "/-platescan"
[6:44:30 PM] [eb3Hm#1] Hannibal77: said "/-platescan"
[6:44:33 PM] [eb3Hm#1] Hannibal77: said "/-platescan"
[6:44:34 PM] [eb3Hm#1] Hannibal77: said "/-platescan"
[6:44:35 PM] [eb3Hm#1] Hannibal77: said "/-platescan"
[6:44:36 PM] [eb3Hm#1] Hannibal77: said "/-platescan"
[6:44:40 PM] [eb3Hm#1] Hannibal77: said "/-platescan"
[6:44:45 PM] [eb3Hm#1] Hannibal77: said "/-platescan"
[6:44:51 PM] [eb3Hm#1] Hannibal77: said "/-platescan"
[6:44:51 PM] [eb3Hm#1] Hannibal77: said "/-platescan"
[6:44:51 PM] [eb3Hm#1] Hannibal77: said "/-platescan"
[6:44:52 PM] [eb3Hm#1] Hannibal77: said "/-platescan"
[6:45:06 PM] [eb3Hm#1] Hannibal77: said "/-platescan"
[6:45:08 PM] [eb3Hm#1] Hannibal77: said "/-platescan"
[6:45:08 PM] [eb3Hm#1] Hannibal77: said "/-platescan"
[6:45:36 PM] [eb3Hm#1] Hannibal77: said "/-platescan"
[6:45:37 PM] [eb3Hm#1] Hannibal77: said "/-platescan"
[6:45:37 PM] [eb3Hm#1] Hannibal77: said "/-platescan"
[6:45:48 PM] [eb3Hm#1] Hannibal77: said "/-platescan"
[6:45:49 PM] [eb3Hm#1] Hannibal77: said "/-platescan"
[6:46:08 PM] [eb3Hm#1] Hannibal77: said "/-platescan"
[6:46:12 PM] [eb3Hm#1] Hannibal77: said "/-platescan"
[6:46:12 PM] [eb3Hm#1] Hannibal77: said "/-platescan"
[6:46:15 PM] [eb3Hm#1] Hannibal77: said "/-platescan"
[6:46:16 PM] [eb3Hm#1] Hannibal77: said "/-platescan"
[6:46:17 PM] [eb3Hm#1] Hannibal77: said "/-platescan"
[6:46:17 PM] [eb3Hm#1] Hannibal77: said "/-platescan"
[6:46:33 PM] [eb3Hm#1] Hannibal77: said "/-platescan"
[6:46:33 PM] [eb3Hm#1] Hannibal77: said "/-platescan"
[6:46:57 PM] [eb3Hm#1] Hannibal77: said "/-platescan"
[6:46:57 PM] [eb3Hm#1] Hannibal77: said "/-platescan"
[6:47:31 PM] [eb3Hm#1] Hannibal77: said "/-platescan"
[6:47:32 PM] [eb3Hm#1] Hannibal77: said "/-platescan"
[6:47:33 PM] [eb3Hm#1] Hannibal77: said "/-platescan"
[6:47:35 PM] [eb3Hm#1] Hannibal77: said "/-platescan"
[6:47:35 PM] [eb3Hm#1] Hannibal77: said "/-platescan"
[6:47:37 PM] [eb3Hm#1] Hannibal77: said "/-platescan"
[6:47:37 PM] [eb3Hm#1] Hannibal77: said "/-platescan"
[6:47:37 PM] [eb3Hm#1] Hannibal77: said "/-platescan"
[6:47:37 PM] [eb3Hm#1] Hannibal77: said "/-platescan"
[6:47:38 PM] [eb3Hm#1] Hannibal77: said "/-platescan"
[6:49:22 PM] [eb3Hm#1] Hannibal77: disconnected ([txAdmin] Server restarting (requested by Sk3tchPlays).)
[6:49:40 PM] txAdmin: Logger started
[11:30:12 PM] txAdmin: ((Broadcast) txAdmin): said "This server is scheduled to restart in 30 minutes."
[11:45:12 PM] txAdmin: ((Broadcast) txAdmin): said "This server is scheduled to restart in 15 minutes."
[11:50:12 PM] txAdmin: ((Broadcast) txAdmin): said "This server is scheduled to restart in 10 minutes."
[11:55:12 PM] txAdmin: ((Broadcast) txAdmin): said "This server is scheduled to restart in 5 minutes."
[11:56:12 PM] txAdmin: ((Broadcast) txAdmin): said "This server is scheduled to restart in 4 minutes."
[11:57:12 PM] txAdmin: ((Broadcast) txAdmin): said "This server is scheduled to restart in 3 minutes."
[11:58:12 PM] txAdmin: ((Broadcast) txAdmin): said "This server is scheduled to restart in 2 minutes."
[11:59:12 PM] txAdmin: ((Broadcast) txAdmin): said "This server is scheduled to restart in 1 minute. Please disconnect now."
