
================================================================
======== Log Rotated - 9/3/2023, 12:00:00 AM                    
================================================================
[12:00:38 AM] txAdmin: Logger started
[2:55:37 AM] [T3ddg#1] JCasper^: joined with identifiers [license:e877a585ff0996f661cc51a2ea1467b4bc2ed076; xbl:2535430569296258; live:844425416822082; discord:574295802713866250; fivem:1900090; license2:a3c538475ddfa54d8cb28e880eca7d2720afc2c9]
[2:56:29 AM] [T3ddg#1] JCasper^: said "/-platescan"
[2:57:56 AM] [T3ddg#1] JCasper^: said "/-platescan"
[2:57:57 AM] [T3ddg#1] JCasper^: said "/-platescan"
[2:58:13 AM] [T3ddg#1] JCasper^: said "/-platescan"
[2:58:14 AM] [T3ddg#1] JCasper^: said "/-platescan"
[2:58:15 AM] [T3ddg#1] JCasper^: said "/-platescan"
[2:58:15 AM] [T3ddg#1] JCasper^: said "/-platescan"
[2:58:16 AM] [T3ddg#1] JCasper^: said "/-platescan"
[2:59:18 AM] [T3ddg#1] JCasper^: said "/-platescan"
[2:59:19 AM] [T3ddg#1] JCasper^: said "/-platescan"
[2:59:20 AM] [T3ddg#1] JCasper^: said "/-platescan"
[2:59:23 AM] [T3ddg#1] JCasper^: said "/-platescan"
[2:59:24 AM] [T3ddg#1] JCasper^: said "/-platescan"
[3:00:14 AM] [T3ddg#1] JCasper^: said "/-platescan"
[3:00:14 AM] [T3ddg#1] JCasper^: said "/-platescan"
[3:06:34 AM] [T3ddg#1] JCasper^: said "/-platescan"
[3:06:35 AM] [T3ddg#1] JCasper^: said "/-platescan"
[3:09:11 AM] [T3ddg#1] JCasper^: said "/-platescan"
[3:09:12 AM] [T3ddg#1] JCasper^: said "/-platescan"
[3:09:13 AM] [T3ddg#1] JCasper^: said "/-platescan"
[3:09:20 AM] [T3ddg#1] JCasper^: said "/-platescan"
[3:09:21 AM] [T3ddg#1] JCasper^: said "/-platescan"
[3:09:23 AM] [T3ddg#1] JCasper^: said "/-platescan"
[3:09:23 AM] [T3ddg#1] JCasper^: said "/-platescan"
[3:10:07 AM] [T3ddg#1] JCasper^: said "/-platescan"
[3:10:09 AM] [T3ddg#1] JCasper^: said "/-platescan"
[3:10:09 AM] [T3ddg#1] JCasper^: said "/-platescan"
[3:11:00 AM] [T3ddg#1] JCasper^: said "/-platescan"
[3:11:03 AM] [T3ddg#1] JCasper^: said "/-platescan"
[3:11:04 AM] [T3ddg#1] JCasper^: said "/-platescan"
[3:11:44 AM] [T3ddg#1] JCasper^: said "/-platescan"
[3:12:02 AM] [T3ddg#1] JCasper^: said "/-platescan"
[3:12:04 AM] [T3ddg#1] JCasper^: said "/-platescan"
[3:12:55 AM] [T3ddg#1] JCasper^: said "/-platescan"
[3:12:57 AM] [T3ddg#1] JCasper^: said "/-platescan"
[3:12:58 AM] [T3ddg#1] JCasper^: said "/-platescan"
[3:12:59 AM] [T3ddg#1] JCasper^: said "/-platescan"
[3:13:00 AM] [T3ddg#1] JCasper^: said "/-platescan"
[3:13:00 AM] [T3ddg#1] JCasper^: said "/-platescan"
[3:13:01 AM] [T3ddg#1] JCasper^: said "/-platescan"
[3:14:45 AM] [T3ddg#1] JCasper^: said "/-platescan"
[3:14:46 AM] [T3ddg#1] JCasper^: said "/-platescan"
[3:16:50 AM] [T3ddg#1] JCasper^: said "/-platescan"
[3:16:50 AM] [T3ddg#1] JCasper^: said "/-platescan"
[3:17:17 AM] [T3ddg#1] JCasper^: said "/-platescan"
[3:17:17 AM] [T3ddg#1] JCasper^: said "/-platescan"
[3:18:44 AM] [T3ddg#1] JCasper^: said "/-platescan"
[3:18:44 AM] [T3ddg#1] JCasper^: said "/-platescan"
[3:19:41 AM] [T3ddg#1] JCasper^: said "/-platescan"
[3:19:41 AM] [T3ddg#1] JCasper^: said "/-platescan"
[3:21:16 AM] [T3ddg#1] JCasper^: said "/-platescan"
[3:21:17 AM] [T3ddg#1] JCasper^: said "/-platescan"
[3:21:18 AM] [T3ddg#1] JCasper^: said "/-platescan"
[3:21:19 AM] [T3ddg#1] JCasper^: said "/-platescan"
[3:21:21 AM] [T3ddg#1] JCasper^: said "/-platescan"
[3:21:21 AM] [T3ddg#1] JCasper^: said "/-platescan"
[3:21:37 AM] [T3ddg#1] JCasper^: said "/-platescan"
[3:24:30 AM] [T3ddg#1] JCasper^: said "/-platescan"
[3:24:46 AM] [T3ddg#1] JCasper^: said "/-platescan"
[3:24:46 AM] [T3ddg#1] JCasper^: said "/-platescan"
[3:31:47 AM] [T3ddg#1] JCasper^: said "/-platescan"
[3:32:17 AM] [T3ddg#1] JCasper^: said "/-platescan"
[3:32:18 AM] [T3ddg#1] JCasper^: said "/-platescan"
[3:32:44 AM] [T3ddg#1] JCasper^: said "/-platescan"
[3:34:20 AM] [T3ddg#1] JCasper^: said "/-platescan"
[3:34:52 AM] [T3ddg#1] JCasper^: said "/-platescan"
[3:34:53 AM] [T3ddg#1] JCasper^: said "/-platescan"
[3:34:53 AM] [T3ddg#1] JCasper^: said "/-platescan"
[3:34:55 AM] [T3ddg#1] JCasper^: said "/-platescan"
[3:34:55 AM] [T3ddg#1] JCasper^: said "/-platescan"
[3:34:56 AM] [T3ddg#1] JCasper^: said "/-platescan"
[3:34:57 AM] [T3ddg#1] JCasper^: said "/-platescan"
[3:34:57 AM] [T3ddg#1] JCasper^: said "/-platescan"
[3:35:11 AM] [T3ddg#1] JCasper^: said "/-platescan"
[3:35:14 AM] [T3ddg#1] JCasper^: said "/-platescan"
[3:35:22 AM] [T3ddg#1] JCasper^: said "/-platescan"
[3:35:25 AM] [T3ddg#1] JCasper^: said "/-platescan"
[3:35:31 AM] [T3ddg#1] JCasper^: said "/-platescan"
[3:35:36 AM] [T3ddg#1] JCasper^: said "/-platescan"
[3:35:43 AM] [T3ddg#1] JCasper^: said "/-platescan"
[3:35:45 AM] [T3ddg#1] JCasper^: said "/-platescan"
[3:35:50 AM] [T3ddg#1] JCasper^: said "/-platescan"
[3:35:51 AM] [T3ddg#1] JCasper^: said "/-platescan"
[3:35:52 AM] [T3ddg#1] JCasper^: said "/-platescan"
[3:35:53 AM] [T3ddg#1] JCasper^: said "/-platescan"
[3:39:47 AM] [T3ddg#1] JCasper^: said "/-platescan"
[3:40:04 AM] [T3ddg#1] JCasper^: said "/-platescan"
[3:40:10 AM] [T3ddg#1] JCasper^: said "/-platescan"
[3:40:11 AM] [T3ddg#1] JCasper^: said "/-platescan"
[3:40:11 AM] [T3ddg#1] JCasper^: said "/-platescan"
[3:40:12 AM] [T3ddg#1] JCasper^: said "/-platescan"
[3:40:21 AM] [T3ddg#1] JCasper^: said "/-platescan"
[3:40:23 AM] [T3ddg#1] JCasper^: said "/-platescan"
[3:40:25 AM] [T3ddg#1] JCasper^: said "/-platescan"
[3:40:27 AM] [T3ddg#1] JCasper^: said "/-platescan"
[3:40:28 AM] [T3ddg#1] JCasper^: said "/-platescan"
[3:40:29 AM] [T3ddg#1] JCasper^: said "/-platescan"
[3:40:32 AM] [T3ddg#1] JCasper^: said "/-platescan"
[3:40:34 AM] [T3ddg#1] JCasper^: said "/-platescan"
[3:40:35 AM] [T3ddg#1] JCasper^: said "/-platescan"
[3:40:41 AM] [T3ddg#1] JCasper^: said "/-platescan"
[3:40:46 AM] [T3ddg#1] JCasper^: said "/-platescan"
[3:40:48 AM] [T3ddg#1] JCasper^: said "/-platescan"
[3:40:49 AM] [T3ddg#1] JCasper^: said "/-platescan"
[3:40:49 AM] [T3ddg#1] JCasper^: said "/-platescan"
[3:40:52 AM] [T3ddg#1] JCasper^: said "/-platescan"
[3:40:59 AM] [T3ddg#1] JCasper^: said "/-platescan"
[3:41:00 AM] [T3ddg#1] JCasper^: said "/-platescan"
[3:41:05 AM] [T3ddg#1] JCasper^: said "/-platescan"
[3:41:07 AM] [T3ddg#1] JCasper^: said "/-platescan"
[3:41:10 AM] [T3ddg#1] JCasper^: said "/-platescan"
[3:41:11 AM] [T3ddg#1] JCasper^: said "/-platescan"
[3:41:12 AM] [T3ddg#1] JCasper^: said "/-platescan"
[3:41:12 AM] [T3ddg#1] JCasper^: said "/-platescan"
[3:41:13 AM] [T3ddg#1] JCasper^: said "/-platescan"
[3:41:14 AM] [T3ddg#1] JCasper^: said "/-platescan"
[3:41:15 AM] [T3ddg#1] JCasper^: said "/-platescan"
[3:41:16 AM] [T3ddg#1] JCasper^: said "/-platescan"
[3:41:21 AM] [T3ddg#1] JCasper^: said "/-platescan"
[3:41:24 AM] [T3ddg#1] JCasper^: said "/-platescan"
[3:41:25 AM] [T3ddg#1] JCasper^: said "/-platescan"
[3:41:26 AM] [T3ddg#1] JCasper^: said "/-platescan"
[3:41:27 AM] [T3ddg#1] JCasper^: said "/-platescan"
[3:41:28 AM] [T3ddg#1] JCasper^: said "/-platescan"
[3:41:28 AM] [T3ddg#1] JCasper^: said "/-platescan"
[3:41:28 AM] [T3ddg#1] JCasper^: said "/-platescan"
[3:43:06 AM] [T3ddg#1] JCasper^: said "/-platescan"
[3:43:07 AM] [T3ddg#1] JCasper^: said "/-platescan"
[3:43:23 AM] [T3ddg#1] JCasper^: said "/-platescan"
[3:43:23 AM] [T3ddg#1] JCasper^: said "/-platescan"
[3:43:39 AM] [T3ddg#1] JCasper^: said "/-platescan"
[3:43:39 AM] [T3ddg#1] JCasper^: said "/-platescan"
[3:44:39 AM] [T3ddg#1] JCasper^: said "/-platescan"
[3:44:39 AM] [T3ddg#1] JCasper^: said "/-platescan"
[3:44:57 AM] [T3ddg#1] JCasper^: said "/-platescan"
[3:44:58 AM] [T3ddg#1] JCasper^: said "/-platescan"
[3:45:13 AM] [T3ddg#1] JCasper^: said "/-platescan"
[3:45:13 AM] [T3ddg#1] JCasper^: said "/-platescan"
[3:46:01 AM] [T3ddg#1] JCasper^: said "/-platescan"
[3:46:01 AM] [T3ddg#1] JCasper^: said "/-platescan"
[3:46:17 AM] [T3ddg#1] JCasper^: said "/-platescan"
[3:46:17 AM] [T3ddg#1] JCasper^: said "/-platescan"
[3:46:34 AM] [T3ddg#1] JCasper^: said "/-platescan"
[3:46:34 AM] [T3ddg#1] JCasper^: said "/-platescan"
[3:47:35 AM] [T3ddg#1] JCasper^: said "/-platescan"
[3:47:36 AM] [T3ddg#1] JCasper^: said "/-platescan"
[3:47:50 AM] [T3ddg#1] JCasper^: said "/-platescan"
[3:47:51 AM] [T3ddg#1] JCasper^: said "/-platescan"
[3:48:10 AM] [T3ddg#1] JCasper^: said "/-platescan"
[3:48:11 AM] [T3ddg#1] JCasper^: said "/-platescan"
[3:49:07 AM] [T3ddg#1] JCasper^: said "/-platescan"
[3:49:08 AM] [T3ddg#1] JCasper^: said "/-platescan"
[3:49:25 AM] [T3ddg#1] JCasper^: said "/-platescan"
[3:49:26 AM] [T3ddg#1] JCasper^: said "/-platescan"
[3:49:45 AM] [T3ddg#1] JCasper^: said "/-platescan"
[3:49:45 AM] [T3ddg#1] JCasper^: said "/-platescan"
[3:50:05 AM] [T3ddg#1] JCasper^: said "/-platescan"
[3:50:07 AM] [T3ddg#1] JCasper^: said "/-platescan"
[3:50:07 AM] [T3ddg#1] JCasper^: said "/-platescan"
[3:50:45 AM] [T3ddg#1] JCasper^: said "/-platescan"
[3:51:46 AM] [T3ddg#1] JCasper^: said "/-platescan"
[3:51:47 AM] [T3ddg#1] JCasper^: said "/-platescan"
[3:54:59 AM] [T3ddg#1] JCasper^: said "/-platescan"
[3:55:00 AM] [T3ddg#1] JCasper^: said "/-platescan"
[3:55:11 AM] [T3ddg#1] JCasper^: said "/-platescan"
[3:55:12 AM] [T3ddg#1] JCasper^: said "/-platescan"
[4:00:04 AM] [T3ddg#1] JCasper^: said "/-platescan"
[4:00:04 AM] [T3ddg#1] JCasper^: said "/-platescan"
[4:00:05 AM] [T3ddg#1] JCasper^: said "/-platescan"
[4:05:25 AM] [T3ddg#1] JCasper^: said "/-platescan"
[4:05:25 AM] [T3ddg#1] JCasper^: said "/-platescan"
[4:06:32 AM] [T3ddg#1] JCasper^: said "/-platescan"
[4:06:35 AM] [T3ddg#1] JCasper^: said "/-platescan"
[4:06:45 AM] [T3ddg#1] JCasper^: said "/-platescan"
[4:06:46 AM] [T3ddg#1] JCasper^: said "/-platescan"
[4:08:45 AM] [T3ddg#1] JCasper^: said "/-platescan"
[4:08:46 AM] [T3ddg#1] JCasper^: said "/-platescan"
[4:09:02 AM] [T3ddg#1] JCasper^: said "/-platescan"
[4:09:03 AM] [T3ddg#1] JCasper^: said "/-platescan"
[4:09:05 AM] [T3ddg#1] JCasper^: said "/-platescan"
[4:09:06 AM] [T3ddg#1] JCasper^: said "/-platescan"
[4:09:49 AM] [T3ddg#1] JCasper^: said "/-platescan"
[4:09:50 AM] [T3ddg#1] JCasper^: said "/-platescan"
[4:10:39 AM] [T3ddg#1] JCasper^: said "/-platescan"
[4:10:40 AM] [T3ddg#1] JCasper^: said "/-platescan"
[4:11:22 AM] [T3ddg#1] JCasper^: said "/-platescan"
[4:11:22 AM] [T3ddg#1] JCasper^: said "/-platescan"
[4:12:06 AM] [T3ddg#1] JCasper^: said "/-platescan"
[4:12:07 AM] [T3ddg#1] JCasper^: said "/-platescan"
[4:13:07 AM] [T3ddg#1] JCasper^: said "/-platescan"
[4:13:07 AM] [T3ddg#1] JCasper^: said "/-platescan"
[4:13:46 AM] [T3ddg#1] JCasper^: said "/-platescan"
[4:13:46 AM] [T3ddg#1] JCasper^: said "/-platescan"
[4:14:30 AM] [T3ddg#1] JCasper^: said "/-platescan"
[4:14:30 AM] [T3ddg#1] JCasper^: said "/-platescan"
[4:15:28 AM] [T3ddg#1] JCasper^: said "/-platescan"
[4:15:28 AM] [T3ddg#1] JCasper^: said "/-platescan"
[4:16:17 AM] [T3ddg#1] JCasper^: said "/-platescan"
[4:16:17 AM] [T3ddg#1] JCasper^: said "/-platescan"
[4:17:01 AM] [T3ddg#1] JCasper^: said "/-platescan"
[4:17:01 AM] [T3ddg#1] JCasper^: said "/-platescan"
[4:17:41 AM] [T3ddg#1] JCasper^: said "/-platescan"
[4:17:41 AM] [T3ddg#1] JCasper^: said "/-platescan"
[4:18:34 AM] [T3ddg#1] JCasper^: said "/-platescan"
[4:18:34 AM] [T3ddg#1] JCasper^: said "/-platescan"
[4:18:35 AM] [T3ddg#1] JCasper^: said "/-platescan"
[4:18:36 AM] [T3ddg#1] JCasper^: said "/-platescan"
[4:18:39 AM] [T3ddg#1] JCasper^: said "/-platescan"
[4:18:39 AM] [T3ddg#1] JCasper^: said "/-platescan"
[4:18:40 AM] [T3ddg#1] JCasper^: said "/-platescan"
[4:18:41 AM] [T3ddg#1] JCasper^: said "/-platescan"
[4:19:29 AM] [T3ddg#1] JCasper^: said "/-platescan"
[4:19:30 AM] [T3ddg#1] JCasper^: said "/-platescan"
[4:19:36 AM] [T3ddg#1] JCasper^: said "/-platescan"
[4:19:38 AM] [T3ddg#1] JCasper^: said "/-platescan"
[4:19:38 AM] [T3ddg#1] JCasper^: said "/-platescan"
[4:20:30 AM] [T3ddg#1] JCasper^: said "/-platescan"
[4:20:31 AM] [T3ddg#1] JCasper^: said "/-platescan"
[4:24:37 AM] [T3ddg#1] JCasper^: said "/-platescan"
[4:24:38 AM] [T3ddg#1] JCasper^: said "/-platescan"
[4:24:43 AM] [T3ddg#1] JCasper^: said "/-platescan"
[4:24:46 AM] [T3ddg#1] JCasper^: said "/-platescan"
[4:24:49 AM] [T3ddg#1] JCasper^: said "/-platescan"
[4:24:50 AM] [T3ddg#1] JCasper^: said "/-platescan"
[4:24:57 AM] [T3ddg#1] JCasper^: said "/-platescan"
[4:40:38 AM] [T3ddg#1] JCasper^: said "/-platescan"
[4:40:38 AM] [T3ddg#1] JCasper^: said "/-platescan"
[4:41:33 AM] [T3ddg#1] JCasper^: said "/-platescan"
[4:42:08 AM] [T3ddg#1] JCasper^: said "/-platescan"
[4:50:01 AM] [T3ddg#1] JCasper^: said "/-platescan"
[4:50:02 AM] [T3ddg#1] JCasper^: said "/-platescan"
[4:50:17 AM] [T3ddg#1] JCasper^: said "/-platescan"
[4:50:20 AM] [T3ddg#1] JCasper^: said "/-platescan"
[4:50:21 AM] [T3ddg#1] JCasper^: said "/-platescan"
[4:50:42 AM] [T3ddg#1] JCasper^: said "/-platescan"
[4:50:43 AM] [T3ddg#1] JCasper^: said "/-platescan"
[4:51:23 AM] [T3ddg#1] JCasper^: said "/-platescan"
[4:51:24 AM] [T3ddg#1] JCasper^: said "/-platescan"
[4:51:25 AM] [T3ddg#1] JCasper^: said "/-platescan"
[4:51:59 AM] [T3ddg#1] JCasper^: said "/-platescan"
[4:52:00 AM] [T3ddg#1] JCasper^: said "/-platescan"
[4:52:01 AM] [T3ddg#1] JCasper^: said "/-platescan"
[4:52:01 AM] [T3ddg#1] JCasper^: said "/-platescan"
[4:52:14 AM] [T3ddg#1] JCasper^: said "/-platescan"
[4:52:19 AM] [T3ddg#1] JCasper^: said "/-platescan"
[4:52:19 AM] [T3ddg#1] JCasper^: said "/-platescan"
[4:52:57 AM] [T3ddg#1] JCasper^: said "/-platescan"
[4:55:39 AM] [T3ddg#1] JCasper^: disconnected (Disconnected.)
[5:26:28 AM] [T3ddg#2] JCasper^: joined with identifiers [license:e877a585ff0996f661cc51a2ea1467b4bc2ed076; xbl:2535430569296258; live:844425416822082; discord:574295802713866250; fivem:1900090; license2:a3c538475ddfa54d8cb28e880eca7d2720afc2c9]
[5:27:24 AM] [T3ddg#2] JCasper^: said "/-platescan"
[5:27:24 AM] [T3ddg#2] JCasper^: said "/-platescan"
[5:30:25 AM] txAdmin: ((Broadcast) txAdmin): said "This server is scheduled to restart in 30 minutes."
[5:30:39 AM] [T3ddg#2] JCasper^: said "/-platescan"
[5:31:11 AM] [T3ddg#2] JCasper^: said "/-platescan"
[5:31:13 AM] [T3ddg#2] JCasper^: said "/-platescan"
[5:31:13 AM] [T3ddg#2] JCasper^: said "/-platescan"
[5:31:52 AM] [T3ddg#2] JCasper^: said "/-platescan"
[5:31:54 AM] [T3ddg#2] JCasper^: said "/-platescan"
[5:31:55 AM] [T3ddg#2] JCasper^: said "/-platescan"
[5:31:55 AM] [T3ddg#2] JCasper^: said "/-platescan"
[5:31:57 AM] [T3ddg#2] JCasper^: said "/-platescan"
[5:31:58 AM] [T3ddg#2] JCasper^: said "/-platescan"
[5:31:58 AM] [T3ddg#2] JCasper^: said "/-platescan"
[5:31:58 AM] [T3ddg#2] JCasper^: said "/-platescan"
[5:31:58 AM] [T3ddg#2] JCasper^: said "/-platescan"
[5:31:59 AM] [T3ddg#2] JCasper^: said "/-platescan"
[5:31:59 AM] [T3ddg#2] JCasper^: said "/-platescan"
[5:31:59 AM] [T3ddg#2] JCasper^: said "/-platescan"
[5:31:59 AM] [T3ddg#2] JCasper^: said "/-platescan"
[5:32:00 AM] [T3ddg#2] JCasper^: said "/-platescan"
[5:32:03 AM] [T3ddg#2] JCasper^: said "/-platescan"
[5:32:04 AM] [T3ddg#2] JCasper^: said "/-platescan"
[5:32:09 AM] [T3ddg#2] JCasper^: said "/-platescan"
[5:32:12 AM] [T3ddg#2] JCasper^: said "/-platescan"
[5:32:13 AM] [T3ddg#2] JCasper^: said "/-platescan"
[5:33:04 AM] [T3ddg#2] JCasper^: said "/-platescan"
[5:33:05 AM] [T3ddg#2] JCasper^: said "/-platescan"
[5:45:26 AM] txAdmin: ((Broadcast) txAdmin): said "This server is scheduled to restart in 15 minutes."
[5:45:30 AM] [T3ddg#2] JCasper^: said "/-platescan"
[5:45:33 AM] [T3ddg#2] JCasper^: said "/-platescan"
[5:45:33 AM] [T3ddg#2] JCasper^: said "/-platescan"
[5:47:51 AM] [T3ddg#2] JCasper^: said "/-platescan"
[5:47:52 AM] [T3ddg#2] JCasper^: said "/-platescan"
[5:47:52 AM] [T3ddg#2] JCasper^: said "/-platescan"
[5:50:25 AM] txAdmin: ((Broadcast) txAdmin): said "This server is scheduled to restart in 10 minutes."
[5:51:35 AM] [T3ddg#2] JCasper^: said "/-platescan"
[5:51:35 AM] [T3ddg#2] JCasper^: said "/-platescan"
[5:51:42 AM] [T3ddg#2] JCasper^: said "/-platescan"
[5:51:46 AM] [T3ddg#2] JCasper^: said "/-platescan"
[5:51:47 AM] [T3ddg#2] JCasper^: said "/-platescan"
[5:51:55 AM] [T3ddg#2] JCasper^: said "/-platescan"
[5:51:55 AM] [T3ddg#2] JCasper^: said "/-platescan"
[5:51:56 AM] [T3ddg#2] JCasper^: said "/-platescan"
[5:51:57 AM] [T3ddg#2] JCasper^: said "/-platescan"
[5:51:59 AM] [T3ddg#2] JCasper^: said "/-platescan"
[5:52:02 AM] [T3ddg#2] JCasper^: said "/-platescan"
[5:52:02 AM] [T3ddg#2] JCasper^: said "/-platescan"
[5:52:07 AM] [T3ddg#2] JCasper^: said "/-platescan"
[5:52:07 AM] [T3ddg#2] JCasper^: said "/-platescan"
[5:52:12 AM] [T3ddg#2] JCasper^: said "/-platescan"
[5:52:13 AM] [T3ddg#2] JCasper^: said "/-platescan"
[5:52:13 AM] [T3ddg#2] JCasper^: said "/-platescan"
[5:53:23 AM] [T3ddg#2] JCasper^: said "/-platescan"
[5:53:24 AM] [T3ddg#2] JCasper^: said "/-platescan"
[5:53:44 AM] [T3ddg#2] JCasper^: said "/-platescan"
[5:53:44 AM] [T3ddg#2] JCasper^: said "/-platescan"
[5:53:45 AM] [T3ddg#2] JCasper^: disconnected (Disconnected.)
[5:53:45 AM] [T3ddg#2] JCasper^: said "/-platescan"
[5:55:25 AM] txAdmin: ((Broadcast) txAdmin): said "This server is scheduled to restart in 5 minutes."
[5:56:25 AM] txAdmin: ((Broadcast) txAdmin): said "This server is scheduled to restart in 4 minutes."
[5:57:25 AM] txAdmin: ((Broadcast) txAdmin): said "This server is scheduled to restart in 3 minutes."
[5:58:25 AM] txAdmin: ((Broadcast) txAdmin): said "This server is scheduled to restart in 2 minutes."
[5:59:25 AM] txAdmin: ((Broadcast) txAdmin): said "This server is scheduled to restart in 1 minute. Please disconnect now."
[6:00:43 AM] txAdmin: Logger started
[6:06:10 AM] [76Lib#1] JCasper^: joined with identifiers [license:e877a585ff0996f661cc51a2ea1467b4bc2ed076; xbl:2535430569296258; live:844425416822082; discord:574295802713866250; fivem:1900090; license2:a3c538475ddfa54d8cb28e880eca7d2720afc2c9]
[6:13:02 AM] [76Lib#1] JCasper^: said "/-platescan"
[6:13:02 AM] [76Lib#1] JCasper^: said "/-platescan"
[6:13:10 AM] [76Lib#1] JCasper^: said "/-platescan"
[6:13:10 AM] [76Lib#1] JCasper^: said "/-platescan"
[6:13:11 AM] [76Lib#1] JCasper^: said "/-platescan"
[6:13:11 AM] [76Lib#1] JCasper^: said "/-platescan"
[6:13:11 AM] [76Lib#1] JCasper^: said "/-platescan"
[6:13:11 AM] [76Lib#1] JCasper^: said "/-platescan"
[6:13:11 AM] [76Lib#1] JCasper^: said "/-platescan"
[6:13:12 AM] [76Lib#1] JCasper^: said "/-platescan"
[6:13:12 AM] [76Lib#1] JCasper^: said "/-platescan"
[6:13:12 AM] [76Lib#1] JCasper^: said "/-platescan"
[6:13:12 AM] [76Lib#1] JCasper^: said "/-platescan"
[6:13:12 AM] [76Lib#1] JCasper^: said "/-platescan"
[6:15:42 AM] [76Lib#1] JCasper^: said "/-platescan"
[6:15:43 AM] [76Lib#1] JCasper^: said "/-platescan"
[6:15:53 AM] [76Lib#1] JCasper^: said "/-platescan"
[6:15:54 AM] [76Lib#1] JCasper^: said "/-platescan"
[6:25:58 AM] [76Lib#1] JCasper^: said "/-platescan"
[6:25:58 AM] [76Lib#1] JCasper^: said "/-platescan"
[6:26:13 AM] [76Lib#1] JCasper^: said "/-platescan"
[6:26:14 AM] [76Lib#1] JCasper^: said "/-platescan"
[6:26:28 AM] [76Lib#1] JCasper^: said "/-platescan"
[6:26:28 AM] [76Lib#1] JCasper^: said "/-platescan"
[6:27:42 AM] [76Lib#1] JCasper^: said "/-platescan"
[6:27:43 AM] [76Lib#1] JCasper^: said "/-platescan"
[6:27:59 AM] [76Lib#1] JCasper^: said "/-platescan"
[6:28:00 AM] [76Lib#1] JCasper^: said "/-platescan"
[6:28:19 AM] [76Lib#1] JCasper^: said "/-platescan"
[6:28:19 AM] [76Lib#1] JCasper^: said "/-platescan"
[6:29:08 AM] [76Lib#1] JCasper^: said "/-platescan"
[6:29:08 AM] [76Lib#1] JCasper^: said "/-platescan"
[6:29:25 AM] [76Lib#1] JCasper^: said "/-platescan"
[6:29:25 AM] [76Lib#1] JCasper^: said "/-platescan"
[6:29:42 AM] [76Lib#1] JCasper^: said "/-platescan"
[6:29:42 AM] [76Lib#1] JCasper^: said "/-platescan"
[6:30:35 AM] [76Lib#1] JCasper^: said "/-platescan"
[6:30:35 AM] [76Lib#1] JCasper^: said "/-platescan"
[6:30:36 AM] [76Lib#1] JCasper^: said "/-platescan"
[6:30:52 AM] [76Lib#1] JCasper^: said "/-platescan"
[6:30:52 AM] [76Lib#1] JCasper^: said "/-platescan"
[6:31:08 AM] [76Lib#1] JCasper^: said "/-platescan"
[6:31:08 AM] [76Lib#1] JCasper^: said "/-platescan"
[6:31:58 AM] [76Lib#1] JCasper^: said "/-platescan"
[6:31:58 AM] [76Lib#1] JCasper^: said "/-platescan"
[6:32:12 AM] [76Lib#1] JCasper^: said "/-platescan"
[6:32:13 AM] [76Lib#1] JCasper^: said "/-platescan"
[6:32:28 AM] [76Lib#1] JCasper^: said "/-platescan"
[6:32:29 AM] [76Lib#1] JCasper^: said "/-platescan"
[6:32:29 AM] [76Lib#1] JCasper^: said "/-platescan"
[6:33:11 AM] [76Lib#1] JCasper^: said "/-platescan"
[6:33:12 AM] [76Lib#1] JCasper^: said "/-platescan"
[6:33:25 AM] [76Lib#1] JCasper^: said "/-platescan"
[6:33:25 AM] [76Lib#1] JCasper^: said "/-platescan"
[6:33:25 AM] [76Lib#1] JCasper^: said "/-platescan"
[6:33:46 AM] [76Lib#1] JCasper^: said "/-platescan"
[6:33:46 AM] [76Lib#1] JCasper^: said "/-platescan"
[6:34:25 AM] [76Lib#1] JCasper^: said "/-platescan"
[6:34:26 AM] [76Lib#1] JCasper^: said "/-platescan"
[6:34:43 AM] [76Lib#1] JCasper^: said "/-platescan"
[6:34:43 AM] [76Lib#1] JCasper^: said "/-platescan"
[6:34:43 AM] [76Lib#1] JCasper^: said "/-platescan"
[6:34:59 AM] [76Lib#1] JCasper^: said "/-platescan"
[6:34:59 AM] [76Lib#1] JCasper^: said "/-platescan"
[6:35:00 AM] [76Lib#1] JCasper^: said "/-platescan"
[6:35:01 AM] [76Lib#1] JCasper^: said "/-platescan"
[6:35:47 AM] [76Lib#1] JCasper^: said "/-platescan"
[6:35:48 AM] [76Lib#1] JCasper^: said "/-platescan"
[6:36:04 AM] [76Lib#1] JCasper^: said "/-platescan"
[6:36:04 AM] [76Lib#1] JCasper^: said "/-platescan"
[6:36:40 AM] [76Lib#1] JCasper^: said "/-platescan"
[6:36:40 AM] [76Lib#1] JCasper^: said "/-platescan"
[6:37:28 AM] [76Lib#1] JCasper^: said "/-platescan"
[6:37:28 AM] [76Lib#1] JCasper^: said "/-platescan"
[6:37:42 AM] [76Lib#1] JCasper^: said "/-platescan"
[6:37:43 AM] [76Lib#1] JCasper^: said "/-platescan"
[6:38:34 AM] [76Lib#1] JCasper^: said "/-platescan"
[6:38:34 AM] [76Lib#1] JCasper^: said "/-platescan"
[6:38:50 AM] [76Lib#1] JCasper^: said "/-platescan"
[6:38:50 AM] [76Lib#1] JCasper^: said "/-platescan"
[6:40:59 AM] [76Lib#1] JCasper^: said "/-platescan"
[6:40:59 AM] [76Lib#1] JCasper^: said "/-platescan"
[6:43:45 AM] [76Lib#1] JCasper^: said "/-answer"
[6:44:08 AM] [76Lib#1] JCasper^: said "/-platescan"
[6:44:09 AM] [76Lib#1] JCasper^: said "/-platescan"
[6:44:13 AM] [76Lib#1] JCasper^: said "/-platescan"
[6:44:14 AM] [76Lib#1] JCasper^: said "/-platescan"
[6:55:57 AM] [76Lib#1] JCasper^: said "/-platescan"
[6:55:57 AM] [76Lib#1] JCasper^: said "/-platescan"
[6:58:53 AM] [76Lib#1] JCasper^: said "/-platescan"
[6:58:57 AM] [76Lib#1] JCasper^: said "/-platescan"
[6:58:57 AM] [76Lib#1] JCasper^: said "/-platescan"
[7:00:45 AM] [76Lib#1] JCasper^: said "/-platescan"
[7:00:47 AM] [76Lib#1] JCasper^: said "/-platescan"
[7:00:47 AM] [76Lib#1] JCasper^: said "/-platescan"
[7:01:51 AM] [76Lib#1] JCasper^: said "/-platescan"
[7:01:56 AM] [76Lib#1] JCasper^: disconnected (Exiting)
[8:32:58 AM] [76Lib#2] JCasper^: joined with identifiers [license:e877a585ff0996f661cc51a2ea1467b4bc2ed076; xbl:2535430569296258; live:844425416822082; discord:574295802713866250; fivem:1900090; license2:a3c538475ddfa54d8cb28e880eca7d2720afc2c9]
[8:35:16 AM] [76Lib#2] JCasper^: said "/-platescan"
[8:39:00 AM] [76Lib#2] JCasper^: said "/-platescan"
[8:40:15 AM] [76Lib#2] JCasper^: said "/-platescan"
[8:40:17 AM] [76Lib#2] JCasper^: said "/-platescan"
[8:40:17 AM] [76Lib#2] JCasper^: said "/-platescan"
[8:40:56 AM] [76Lib#2] JCasper^: said "/-platescan"
[8:40:57 AM] [76Lib#2] JCasper^: said "/-platescan"
[8:41:00 AM] [76Lib#2] JCasper^: said "/-platescan"
[8:41:00 AM] [76Lib#2] JCasper^: said "/-platescan"
[8:41:10 AM] [76Lib#2] JCasper^: said "/-platescan"
[8:41:13 AM] [76Lib#2] JCasper^: said "/-platescan"
[8:41:13 AM] [76Lib#2] JCasper^: said "/-platescan"
[8:42:09 AM] [76Lib#2] JCasper^: said "/-platescan"
[8:42:09 AM] [76Lib#2] JCasper^: said "/-platescan"
[8:42:10 AM] [76Lib#2] JCasper^: said "/-platescan"
[8:42:10 AM] [76Lib#2] JCasper^: said "/-platescan"
[8:43:07 AM] [76Lib#2] JCasper^: said "/-platescan"
[8:43:07 AM] [76Lib#2] JCasper^: said "/-platescan"
[8:46:08 AM] [76Lib#2] JCasper^: said "/-platescan"
[8:46:08 AM] [76Lib#2] JCasper^: said "/-platescan"
[8:47:07 AM] [76Lib#2] JCasper^: said "/-platescan"
[8:47:08 AM] [76Lib#2] JCasper^: said "/-platescan"
[8:48:11 AM] [76Lib#2] JCasper^: said "/-platescan"
[8:48:14 AM] [76Lib#2] JCasper^: said "/-platescan"
[8:48:14 AM] [76Lib#2] JCasper^: said "/-platescan"
[8:48:14 AM] [76Lib#2] JCasper^: said "/-platescan"
[8:51:42 AM] [76Lib#2] JCasper^: said "/-platescan"
[8:51:42 AM] [76Lib#2] JCasper^: said "/-platescan"
[8:51:52 AM] [76Lib#2] JCasper^: said "/-platescan"
[8:51:52 AM] [76Lib#2] JCasper^: said "/-platescan"
[8:53:03 AM] [76Lib#2] JCasper^: said "/-platescan"
[8:53:23 AM] [76Lib#2] JCasper^: said "/-platescan"
[8:53:26 AM] [76Lib#2] JCasper^: said "/-platescan"
[8:53:26 AM] [76Lib#2] JCasper^: said "/-platescan"
[8:53:26 AM] [76Lib#2] JCasper^: said "/-platescan"
[8:53:26 AM] [76Lib#2] JCasper^: said "/-platescan"
[8:53:26 AM] [76Lib#2] JCasper^: said "/-platescan"
[8:53:27 AM] [76Lib#2] JCasper^: said "/-platescan"
[8:53:27 AM] [76Lib#2] JCasper^: said "/-platescan"
[8:53:32 AM] [76Lib#2] JCasper^: said "/-platescan"
[8:53:33 AM] [76Lib#2] JCasper^: said "/-platescan"
[8:54:34 AM] [76Lib#2] JCasper^: said "/-platescan"
[8:54:35 AM] [76Lib#2] JCasper^: said "/-platescan"
[8:54:37 AM] [76Lib#2] JCasper^: said "/-platescan"
[8:55:07 AM] [76Lib#2] JCasper^: said "/-platescan"
[8:55:08 AM] [76Lib#2] JCasper^: said "/-platescan"
[8:55:10 AM] [76Lib#2] JCasper^: said "/-platescan"
[8:55:10 AM] [76Lib#2] JCasper^: said "/-platescan"
[8:58:32 AM] [76Lib#2] JCasper^: said "/-platescan"
[8:58:33 AM] [76Lib#2] JCasper^: said "/-platescan"
[8:59:02 AM] [76Lib#2] JCasper^: said "/-platescan"
[8:59:03 AM] [76Lib#2] JCasper^: said "/-platescan"
[9:00:44 AM] [76Lib#2] JCasper^: said "/-platescan"
[9:00:45 AM] [76Lib#2] JCasper^: said "/-platescan"
[9:00:55 AM] [76Lib#2] JCasper^: said "/-platescan"
[9:00:56 AM] [76Lib#2] JCasper^: said "/-platescan"
[9:00:58 AM] [76Lib#2] JCasper^: said "/-platescan"
[9:00:58 AM] [76Lib#2] JCasper^: said "/-platescan"
[9:01:00 AM] [76Lib#2] JCasper^: said "/-platescan"
[9:01:00 AM] [76Lib#2] JCasper^: said "/-platescan"
[9:01:01 AM] [76Lib#2] JCasper^: said "/-platescan"
[9:01:01 AM] [76Lib#2] JCasper^: said "/-platescan"
[9:01:02 AM] [76Lib#2] JCasper^: said "/-platescan"
[9:01:04 AM] [76Lib#2] JCasper^: said "/-platescan"
[9:01:05 AM] [76Lib#2] JCasper^: said "/-platescan"
[9:01:06 AM] [76Lib#2] JCasper^: said "/-platescan"
[9:01:18 AM] [76Lib#2] JCasper^: said "/-platescan"
[9:01:19 AM] [76Lib#2] JCasper^: said "/-platescan"
[9:01:36 AM] [76Lib#2] JCasper^: said "/-platescan"
[9:01:36 AM] [76Lib#2] JCasper^: said "/-platescan"
[9:04:00 AM] [76Lib#2] JCasper^: said "/-platescan"
[9:04:01 AM] [76Lib#2] JCasper^: said "/-platescan"
[9:05:06 AM] [76Lib#2] JCasper^: said "/-platescan"
[9:05:07 AM] [76Lib#2] JCasper^: said "/-platescan"
[9:05:08 AM] [76Lib#2] JCasper^: said "/-platescan"
[9:05:10 AM] [76Lib#2] JCasper^: said "/-platescan"
[9:05:11 AM] [76Lib#2] JCasper^: said "/-platescan"
[9:05:16 AM] [76Lib#2] JCasper^: said "/-platescan"
[9:06:39 AM] [76Lib#2] JCasper^: said "/-platescan"
[9:06:39 AM] [76Lib#2] JCasper^: said "/-platescan"
[9:06:40 AM] [76Lib#2] JCasper^: said "/-platescan"
[9:06:41 AM] [76Lib#2] JCasper^: said "/-platescan"
[9:06:42 AM] [76Lib#2] JCasper^: said "/-platescan"
[9:06:42 AM] [76Lib#2] JCasper^: said "/-platescan"
[9:06:43 AM] [76Lib#2] JCasper^: said "/-platescan"
[9:06:43 AM] [76Lib#2] JCasper^: said "/-platescan"
[9:06:44 AM] [76Lib#2] JCasper^: said "/-platescan"
[9:06:44 AM] [76Lib#2] JCasper^: said "/-platescan"
[9:06:45 AM] [76Lib#2] JCasper^: said "/-platescan"
[9:06:45 AM] [76Lib#2] JCasper^: said "/-platescan"
[9:06:46 AM] [76Lib#2] JCasper^: said "/-platescan"
[9:06:46 AM] [76Lib#2] JCasper^: said "/-platescan"
[9:06:47 AM] [76Lib#2] JCasper^: said "/-platescan"
[9:06:47 AM] [76Lib#2] JCasper^: said "/-platescan"
[9:06:48 AM] [76Lib#2] JCasper^: said "/-platescan"
[9:06:48 AM] [76Lib#2] JCasper^: said "/-platescan"
[9:06:48 AM] [76Lib#2] JCasper^: said "/-platescan"
[9:06:49 AM] [76Lib#2] JCasper^: said "/-platescan"
[9:06:49 AM] [76Lib#2] JCasper^: said "/-platescan"
[9:06:50 AM] [76Lib#2] JCasper^: said "/-platescan"
[9:06:50 AM] [76Lib#2] JCasper^: said "/-platescan"
[9:06:51 AM] [76Lib#2] JCasper^: said "/-platescan"
[9:06:51 AM] [76Lib#2] JCasper^: said "/-platescan"
[9:06:52 AM] [76Lib#2] JCasper^: said "/-platescan"
[9:06:52 AM] [76Lib#2] JCasper^: said "/-platescan"
[9:06:53 AM] [76Lib#2] JCasper^: said "/-platescan"
[9:06:53 AM] [76Lib#2] JCasper^: said "/-platescan"
[9:06:54 AM] [76Lib#2] JCasper^: said "/-platescan"
[9:06:54 AM] [76Lib#2] JCasper^: said "/-platescan"
[9:06:54 AM] [76Lib#2] JCasper^: said "/-platescan"
[9:06:55 AM] [76Lib#2] JCasper^: said "/-platescan"
[9:06:55 AM] [76Lib#2] JCasper^: said "/-platescan"
[9:06:56 AM] [76Lib#2] JCasper^: said "/-platescan"
[9:06:56 AM] [76Lib#2] JCasper^: said "/-platescan"
[9:06:57 AM] [76Lib#2] JCasper^: said "/-platescan"
[9:06:57 AM] [76Lib#2] JCasper^: said "/-platescan"
[9:06:57 AM] [76Lib#2] JCasper^: said "/-platescan"
[9:06:58 AM] [76Lib#2] JCasper^: said "/-platescan"
[9:06:58 AM] [76Lib#2] JCasper^: said "/-platescan"
[9:06:59 AM] [76Lib#2] JCasper^: said "/-platescan"
[9:06:59 AM] [76Lib#2] JCasper^: said "/-platescan"
[9:07:00 AM] [76Lib#2] JCasper^: said "/-platescan"
[9:07:00 AM] [76Lib#2] JCasper^: said "/-platescan"
[9:07:01 AM] [76Lib#2] JCasper^: said "/-platescan"
[9:07:01 AM] [76Lib#2] JCasper^: said "/-platescan"
[9:07:02 AM] [76Lib#2] JCasper^: said "/-platescan"
[9:07:02 AM] [76Lib#2] JCasper^: said "/-platescan"
[9:07:03 AM] [76Lib#2] JCasper^: said "/-platescan"
[9:07:03 AM] [76Lib#2] JCasper^: said "/-platescan"
[9:07:04 AM] [76Lib#2] JCasper^: said "/-platescan"
[9:07:04 AM] [76Lib#2] JCasper^: said "/-platescan"
[9:07:05 AM] [76Lib#2] JCasper^: said "/-platescan"
[9:07:05 AM] [76Lib#2] JCasper^: said "/-platescan"
[9:07:06 AM] [76Lib#2] JCasper^: said "/-platescan"
[9:07:07 AM] [76Lib#2] JCasper^: said "/-platescan"
[9:07:34 AM] [76Lib#2] JCasper^: said "/-platescan"
[9:07:35 AM] [76Lib#2] JCasper^: said "/-platescan"
[9:07:35 AM] [76Lib#2] JCasper^: said "/-platescan"
[9:09:11 AM] [76Lib#2] JCasper^: said "/-platescan"
[9:09:11 AM] [76Lib#2] JCasper^: said "/-platescan"
[9:09:27 AM] [76Lib#2] JCasper^: said "/-platescan"
[9:09:28 AM] [76Lib#2] JCasper^: said "/-platescan"
[9:09:29 AM] [76Lib#2] JCasper^: said "/-platescan"
[9:10:02 AM] [76Lib#2] JCasper^: said "/-platescan"
[9:10:05 AM] [76Lib#2] JCasper^: said "/cashg"
[9:10:07 AM] [76Lib#2] JCasper^: said "/cashg"
[9:10:10 AM] [76Lib#2] JCasper^: said "/-platescan"
[9:10:10 AM] [76Lib#2] JCasper^: said "/-platescan"
[9:11:26 AM] [76Lib#2] JCasper^: said "/-platescan"
[9:11:29 AM] [76Lib#2] JCasper^: said "/-platescan"
[9:11:46 AM] [76Lib#2] JCasper^: said "/-platescan"
[9:12:34 AM] [76Lib#2] JCasper^: said "/-platescan"
[9:12:36 AM] [76Lib#2] JCasper^: said "/-platescan"
[9:12:36 AM] [76Lib#2] JCasper^: said "/-platescan"
[9:14:37 AM] [76Lib#2] JCasper^: said "/-platescan"
[9:14:37 AM] [76Lib#2] JCasper^: said "/-platescan"
[9:14:51 AM] [76Lib#2] JCasper^: said "/-platescan"
[9:14:51 AM] [76Lib#2] JCasper^: said "/-platescan"
[9:14:57 AM] [76Lib#2] JCasper^: said "/-platescan"
[9:14:58 AM] [76Lib#2] JCasper^: said "/-platescan"
[9:14:59 AM] [76Lib#2] JCasper^: said "/-platescan"
[9:15:11 AM] [76Lib#2] JCasper^: said "/-platescan"
[9:15:11 AM] [76Lib#2] JCasper^: said "/-platescan"
[9:17:31 AM] [76Lib#2] JCasper^: said "/-platescan"
[9:18:23 AM] [76Lib#2] JCasper^: said "/-platescan"
[9:18:23 AM] [76Lib#2] JCasper^: said "/-platescan"
[9:18:25 AM] [76Lib#2] JCasper^: said "/-platescan"
[9:18:27 AM] [76Lib#2] JCasper^: said "/-platescan"
[9:18:27 AM] [76Lib#2] JCasper^: said "/-platescan"
[10:34:24 AM] [76Lib#2] JCasper^: said "/-platescan"
[10:34:24 AM] [76Lib#2] JCasper^: said "/-platescan"
[10:34:27 AM] [76Lib#2] JCasper^: said "/-platescan"
[10:34:28 AM] [76Lib#2] JCasper^: said "/-platescan"
[10:34:36 AM] [76Lib#2] JCasper^: said "/-decline"
[10:34:37 AM] [76Lib#2] JCasper^: said "/-platescan"
[10:34:40 AM] [76Lib#2] JCasper^: said "/-platescan"
[10:34:40 AM] [76Lib#2] JCasper^: said "/-platescan"
[10:35:30 AM] [76Lib#2] JCasper^: said "/-platescan"
[10:35:31 AM] [76Lib#2] JCasper^: said "/-platescan"
[10:36:20 AM] [76Lib#2] JCasper^: said "/-platescan"
[10:36:21 AM] [76Lib#2] JCasper^: said "/-platescan"
[10:38:13 AM] [76Lib#2] JCasper^: said "/-platescan"
[10:38:13 AM] [76Lib#2] JCasper^: said "/-platescan"
[10:43:23 AM] [76Lib#2] JCasper^: said "/-platescan"
[10:43:23 AM] [76Lib#2] JCasper^: said "/-platescan"
[11:00:49 AM] [76Lib#2] JCasper^: said "/-platescan"
[11:04:48 AM] [76Lib#2] JCasper^: said "/-platescan"
[11:04:51 AM] [76Lib#2] JCasper^: said "/-platescan"
[11:04:51 AM] [76Lib#2] JCasper^: said "/-platescan"
[11:08:38 AM] [76Lib#2] JCasper^: said "/-platescan"
[11:08:41 AM] [76Lib#2] JCasper^: said "/-platescan"
[11:08:41 AM] [76Lib#2] JCasper^: said "/-platescan"
[11:09:06 AM] [76Lib#2] JCasper^: said "/-platescan"
[11:09:08 AM] [76Lib#2] JCasper^: said "/-answer"
[11:09:10 AM] [76Lib#2] JCasper^: said "/-answer"
[11:18:39 AM] [76Lib#2] JCasper^: said "/-platescan"
[11:18:40 AM] [76Lib#2] JCasper^: said "/-platescan"
[11:18:43 AM] [76Lib#2] JCasper^: said "/-platescan"
[11:18:43 AM] [76Lib#2] JCasper^: said "/-platescan"
[11:21:23 AM] [76Lib#2] JCasper^: said "/-platescan"
[11:21:27 AM] [76Lib#2] JCasper^: said "/-platescan"
[11:21:28 AM] [76Lib#2] JCasper^: said "/-platescan"
[11:23:44 AM] [76Lib#2] JCasper^: said "/-platescan"
[11:23:46 AM] [76Lib#2] JCasper^: said "/-platescan"
[11:23:46 AM] [76Lib#2] JCasper^: said "/-platescan"
[11:24:24 AM] [76Lib#2] JCasper^: said "/-platescan"
[11:24:25 AM] [76Lib#2] JCasper^: said "/-platescan"
[11:24:25 AM] [76Lib#2] JCasper^: said "/-platescan"
[11:24:54 AM] [76Lib#2] JCasper^: said "/-platescan"
[11:24:55 AM] [76Lib#2] JCasper^: said "/-platescan"
[11:24:57 AM] [76Lib#2] JCasper^: said "/-platescan"
[11:24:57 AM] [76Lib#2] JCasper^: said "/-platescan"
[11:25:01 AM] [76Lib#2] JCasper^: said "/-platescan"
[11:25:01 AM] [76Lib#2] JCasper^: said "/-platescan"
[11:27:33 AM] [76Lib#2] JCasper^: said "/-platescan"
[11:27:33 AM] [76Lib#2] JCasper^: said "/-platescan"
[11:27:37 AM] [76Lib#2] JCasper^: said "/-platescan"
[11:27:37 AM] [76Lib#2] JCasper^: said "/-platescan"
[11:28:38 AM] [76Lib#2] JCasper^: said "/-platescan"
[11:28:38 AM] [76Lib#2] JCasper^: said "/-platescan"
[11:29:09 AM] [76Lib#2] JCasper^: said "/-platescan"
[11:29:10 AM] [76Lib#2] JCasper^: said "/-platescan"
[11:29:10 AM] [76Lib#2] JCasper^: said "/-platescan"
[11:29:47 AM] [76Lib#2] JCasper^: said "/-platescan"
[11:29:51 AM] [76Lib#2] JCasper^: said "/-platescan"
[11:29:51 AM] [76Lib#2] JCasper^: said "/-platescan"
[11:29:51 AM] [76Lib#2] JCasper^: said "/-platescan"
[11:30:30 AM] txAdmin: ((Broadcast) txAdmin): said "This server is scheduled to restart in 30 minutes."
[11:31:00 AM] [76Lib#2] JCasper^: said "/-platescan"
[11:31:03 AM] [76Lib#2] JCasper^: said "/-platescan"
[11:31:32 AM] [76Lib#2] JCasper^: said "/-platescan"
[11:31:38 AM] [76Lib#2] JCasper^: said "/-platescan"
[11:31:39 AM] [76Lib#2] JCasper^: said "/-platescan"
[11:31:40 AM] [76Lib#2] JCasper^: said "/-platescan"
[11:31:40 AM] [76Lib#2] JCasper^: said "/-platescan"
[11:32:18 AM] [76Lib#2] JCasper^: said "/-platescan"
[11:45:30 AM] txAdmin: ((Broadcast) txAdmin): said "This server is scheduled to restart in 15 minutes."
[11:50:31 AM] txAdmin: ((Broadcast) txAdmin): said "This server is scheduled to restart in 10 minutes."
[11:55:31 AM] txAdmin: ((Broadcast) txAdmin): said "This server is scheduled to restart in 5 minutes."
[11:56:31 AM] txAdmin: ((Broadcast) txAdmin): said "This server is scheduled to restart in 4 minutes."
[11:57:31 AM] txAdmin: ((Broadcast) txAdmin): said "This server is scheduled to restart in 3 minutes."
[11:58:31 AM] txAdmin: ((Broadcast) txAdmin): said "This server is scheduled to restart in 2 minutes."
[11:59:31 AM] txAdmin: ((Broadcast) txAdmin): said "This server is scheduled to restart in 1 minute. Please disconnect now."
[12:00:30 PM] [76Lib#2] JCasper^: disconnected ([txAdmin] Server restarting (scheduled restart at 12:00).)
[12:00:49 PM] txAdmin: Logger started
[5:30:36 PM] txAdmin: ((Broadcast) txAdmin): said "This server is scheduled to restart in 30 minutes."
[5:45:36 PM] txAdmin: ((Broadcast) txAdmin): said "This server is scheduled to restart in 15 minutes."
[5:50:36 PM] txAdmin: ((Broadcast) txAdmin): said "This server is scheduled to restart in 10 minutes."
[5:55:36 PM] txAdmin: ((Broadcast) txAdmin): said "This server is scheduled to restart in 5 minutes."
[5:56:36 PM] txAdmin: ((Broadcast) txAdmin): said "This server is scheduled to restart in 4 minutes."
[5:57:36 PM] txAdmin: ((Broadcast) txAdmin): said "This server is scheduled to restart in 3 minutes."
[5:58:36 PM] txAdmin: ((Broadcast) txAdmin): said "This server is scheduled to restart in 2 minutes."
[5:59:36 PM] txAdmin: ((Broadcast) txAdmin): said "This server is scheduled to restart in 1 minute. Please disconnect now."
[6:02:21 PM] txAdmin: Logger started
