
================================================================
======== Log Rotated - 9/1/2023, 12:00:01 AM                    
================================================================
[12:00:36 AM] [htjyh#1] Hannibal77: disconnected ([txAdmin] Server restarting (scheduled restart at 00:00).)
[12:00:55 AM] txAdmin: Logger started
[12:01:23 AM] [Qatnd#1] JCasper^: joined with identifiers [license:e877a585ff0996f661cc51a2ea1467b4bc2ed076; xbl:2535430569296258; live:844425416822082; discord:574295802713866250; fivem:1900090; license2:a3c538475ddfa54d8cb28e880eca7d2720afc2c9]
[12:05:58 AM] [Qatnd#2] Gage Muid: joined with identifiers [license:b0494a005acf4e052cfb2b02bafdf03e0afa2e50; xbl:2535452686016926; live:844426164185034; discord:1077447299057324032; fivem:9706133; license2:b0494a005acf4e052cfb2b02bafdf03e0afa2e50]
[12:07:51 AM] [Qatnd#3] Hannibal77: joined with identifiers [license:0098725183558015426011b71e87f91d7af46ab0; xbl:2535433101330769; live:1055518313406691; discord:99914854340509696; fivem:1525860; license2:16027c2e3f27283b4ca1d7c3f73dfaa74597a45d]
[12:08:35 AM] [Qatnd#3] Hannibal77: said "/-platescan"
[12:08:51 AM] [Qatnd#3] Hannibal77: said "/-platescan"
[12:08:51 AM] [Qatnd#3] Hannibal77: said "/-platescan"
[12:09:32 AM] [Qatnd#1] JCasper^: said "/-platescan"
[12:09:32 AM] [Qatnd#1] JCasper^: said "/-platescan"
[12:09:33 AM] [Qatnd#1] JCasper^: said "/-platescan"
[12:09:34 AM] [Qatnd#1] JCasper^: said "/-platescan"
[12:09:34 AM] [Qatnd#1] JCasper^: said "/-platescan"
[12:09:35 AM] [Qatnd#1] JCasper^: said "/-platescan"
[12:09:36 AM] [Qatnd#1] JCasper^: said "/-platescan"
[12:09:36 AM] [Qatnd#1] JCasper^: said "/-platescan"
[12:10:00 AM] [Qatnd#3] Hannibal77: said "/-platescan"
[12:10:01 AM] [Qatnd#3] Hannibal77: said "/-platescan"
[12:10:35 AM] [Qatnd#2] Gage Muid: disconnected (Server->client connection timed out. Last seen 46256 msec ago.)
[12:11:07 AM] [Qatnd#3] Hannibal77: said "/-platescan"
[12:11:08 AM] [Qatnd#3] Hannibal77: said "/-platescan"
[12:11:08 AM] [Qatnd#3] Hannibal77: said "/-platescan"
[12:13:00 AM] [Qatnd#1] JCasper^: said "/-platescan"
[12:13:02 AM] [Qatnd#1] JCasper^: said "/-platescan"
[12:13:02 AM] [Qatnd#1] JCasper^: said "/-platescan"
[12:13:06 AM] [Qatnd#1] JCasper^: said "/-platescan"
[12:13:07 AM] [Qatnd#1] JCasper^: said "/-platescan"
[12:13:12 AM] [Qatnd#3] Hannibal77: said "/-platescan"
[12:13:12 AM] [Qatnd#3] Hannibal77: said "/-platescan"
[12:13:13 AM] [Qatnd#3] Hannibal77: said "/-platescan"
[12:13:30 AM] [Qatnd#1] JCasper^: said "/-platescan"
[12:13:31 AM] [Qatnd#1] JCasper^: said "/-platescan"
[12:14:42 AM] [Qatnd#3] Hannibal77: said "/-platescan"
[12:14:43 AM] [Qatnd#3] Hannibal77: said "/-platescan"
[12:14:46 AM] [Qatnd#3] Hannibal77: said "/-platescan"
[12:14:46 AM] [Qatnd#3] Hannibal77: said "/-platescan"
[12:15:31 AM] [Qatnd#3] Hannibal77: said "/-platescan"
[12:16:08 AM] [Qatnd#1] JCasper^: said "/-platescan"
[12:16:08 AM] [Qatnd#1] JCasper^: said "/-platescan"
[12:16:09 AM] [Qatnd#3] Hannibal77: said "/-platescan"
[12:16:09 AM] [Qatnd#3] Hannibal77: said "/-platescan"
[12:16:12 AM] [Qatnd#3] Hannibal77: said "/-platescan"
[12:16:12 AM] [Qatnd#3] Hannibal77: said "/-platescan"
[12:16:13 AM] [Qatnd#3] Hannibal77: said "/-platescan"
[12:16:37 AM] [Qatnd#3] Hannibal77: said "/-platescan"
[12:16:38 AM] [Qatnd#3] Hannibal77: said "/-platescan"
[12:23:45 AM] [Qatnd#3] Hannibal77: said "/-platescan"
[12:26:18 AM] [Qatnd#3] Hannibal77: said "/-platescan"
[12:26:23 AM] [Qatnd#3] Hannibal77: said "/-platescan"
[12:31:13 AM] [Qatnd#3] Hannibal77: said "/-platescan"
[12:31:14 AM] [Qatnd#3] Hannibal77: said "/-platescan"
[12:33:30 AM] [Qatnd#1] JCasper^: disconnected ([txAdmin] Server restarting (requested by Sk3tchPlays).)
[12:33:30 AM] [Qatnd#3] Hannibal77: disconnected ([txAdmin] Server restarting (requested by Sk3tchPlays).)
[12:33:48 AM] txAdmin: Logger started
[12:34:13 AM] [VbMe7#1] Hannibal77: joined with identifiers [license:0098725183558015426011b71e87f91d7af46ab0; xbl:2535433101330769; live:1055518313406691; discord:99914854340509696; fivem:1525860; license2:16027c2e3f27283b4ca1d7c3f73dfaa74597a45d]
[12:36:10 AM] [VbMe7#1] Hannibal77: said "/-platescan"
[12:36:11 AM] [VbMe7#1] Hannibal77: said "/-platescan"
[12:36:12 AM] [VbMe7#1] Hannibal77: said "/-platescan"
[12:36:13 AM] [VbMe7#1] Hannibal77: said "/-platescan"
[12:36:14 AM] [VbMe7#1] Hannibal77: said "/-platescan"
[12:36:14 AM] [VbMe7#1] Hannibal77: said "/-platescan"
[12:43:43 AM] [VbMe7#1] Hannibal77: said "/-platescan"
[12:46:16 AM] [VbMe7#1] Hannibal77: said "/-platescan"
[12:47:56 AM] [VbMe7#1] Hannibal77: disconnected (Exiting)
[12:54:33 AM] txAdmin: Logger started
[4:41:20 AM] [XWh77#1] JCasper^: joined with identifiers [license:e877a585ff0996f661cc51a2ea1467b4bc2ed076; xbl:2535430569296258; live:844425416822082; discord:574295802713866250; fivem:1900090; license2:a3c538475ddfa54d8cb28e880eca7d2720afc2c9]
[4:45:07 AM] [XWh77#1] JCasper^: said "/-platescan"
[4:46:49 AM] [XWh77#1] JCasper^: said "/-platescan"
[4:46:50 AM] [XWh77#1] JCasper^: said "/-platescan"
[4:46:50 AM] [XWh77#1] JCasper^: said "/-platescan"
[4:46:55 AM] [XWh77#1] JCasper^: said "/gas"
[4:46:57 AM] [XWh77#1] JCasper^: said "/fiv"
[4:47:44 AM] [XWh77#1] JCasper^: said "/-platescan"
[4:47:45 AM] [XWh77#1] JCasper^: said "/-platescan"
[4:48:06 AM] [XWh77#1] JCasper^: said "/-platescan"
[4:48:08 AM] [XWh77#1] JCasper^: said "/-platescan"
[4:48:09 AM] [XWh77#1] JCasper^: said "/-platescan"
[4:48:11 AM] [XWh77#1] JCasper^: said "/-platescan"
[4:48:12 AM] [XWh77#1] JCasper^: said "/-platescan"
[4:48:12 AM] [XWh77#1] JCasper^: said "/-platescan"
[4:48:15 AM] [XWh77#1] JCasper^: said "/-platescan"
[4:48:16 AM] [XWh77#1] JCasper^: said "/-platescan"
[4:48:22 AM] [XWh77#1] JCasper^: said "/-platescan"
[4:48:23 AM] [XWh77#1] JCasper^: said "/-platescan"
[4:49:07 AM] [XWh77#1] JCasper^: said "/-platescan"
[4:49:07 AM] [XWh77#1] JCasper^: said "/-platescan"
[4:49:41 AM] [XWh77#1] JCasper^: said "/-platescan"
[4:49:41 AM] [XWh77#1] JCasper^: said "/-platescan"
[4:50:21 AM] [XWh77#1] JCasper^: said "/-platescan"
[4:50:21 AM] [XWh77#1] JCasper^: said "/-platescan"
[4:50:44 AM] [XWh77#1] JCasper^: said "/-platescan"
[4:50:45 AM] [XWh77#1] JCasper^: said "/-platescan"
[4:50:46 AM] [XWh77#1] JCasper^: said "/-platescan"
[4:50:46 AM] [XWh77#1] JCasper^: said "/-platescan"
[4:51:42 AM] [XWh77#1] JCasper^: said "/-platescan"
[4:51:43 AM] [XWh77#1] JCasper^: said "/-platescan"
[4:52:36 AM] [XWh77#1] JCasper^: said "/-platescan"
[4:52:37 AM] [XWh77#1] JCasper^: said "/-platescan"
[4:52:38 AM] [XWh77#1] JCasper^: said "/-platescan"
[4:52:39 AM] [XWh77#1] JCasper^: said "/-platescan"
[4:52:39 AM] [XWh77#1] JCasper^: said "/-platescan"
[4:52:49 AM] [XWh77#1] JCasper^: said "/-platescan"
[4:52:49 AM] [XWh77#1] JCasper^: said "/-platescan"
[4:53:09 AM] [XWh77#1] JCasper^: said "/-platescan"
[4:53:09 AM] [XWh77#1] JCasper^: said "/-platescan"
[4:53:27 AM] [XWh77#1] JCasper^: said "/-platescan"
[4:53:27 AM] [XWh77#1] JCasper^: said "/-platescan"
[4:53:33 AM] [XWh77#1] JCasper^: said "/-platescan"
[4:53:33 AM] [XWh77#1] JCasper^: said "/-platescan"
[4:53:33 AM] [XWh77#1] JCasper^: said "/-platescan"
[4:54:42 AM] [XWh77#1] JCasper^: said "/-platescan"
[4:54:43 AM] [XWh77#1] JCasper^: said "/-platescan"
[4:55:08 AM] [XWh77#1] JCasper^: said "/-platescan"
[4:55:10 AM] [XWh77#1] JCasper^: said "/-platescan"
[4:55:11 AM] [XWh77#1] JCasper^: said "/-platescan"
[4:58:04 AM] [XWh77#1] JCasper^: said "/-platescan"
[4:58:06 AM] [XWh77#1] JCasper^: said "/-platescan"
[4:58:07 AM] [XWh77#1] JCasper^: said "/-platescan"
[4:59:36 AM] [XWh77#1] JCasper^: said "/-platescan"
[5:05:38 AM] [XWh77#1] JCasper^: said "/-platescan"
[5:07:19 AM] [XWh77#1] JCasper^: said "/-platescan"
[5:07:34 AM] [XWh77#1] JCasper^: said "/-platescan"
[5:07:40 AM] [XWh77#1] JCasper^: said "/-platescan"
[5:07:41 AM] [XWh77#1] JCasper^: said "/-platescan"
[5:09:37 AM] [XWh77#1] JCasper^: said "/-platescan"
[5:10:24 AM] [XWh77#1] JCasper^: said "/-platescan"
[5:10:24 AM] [XWh77#1] JCasper^: said "/-platescan"
[5:10:26 AM] [XWh77#1] JCasper^: said "/-platescan"
[5:10:27 AM] [XWh77#1] JCasper^: said "/-platescan"
[5:12:49 AM] [XWh77#1] JCasper^: said "/-platescan"
[5:12:50 AM] [XWh77#1] JCasper^: said "/-platescan"
[5:14:00 AM] [XWh77#1] JCasper^: said "/-platescan"
[5:14:00 AM] [XWh77#1] JCasper^: said "/-platescan"
[5:14:49 AM] [XWh77#1] JCasper^: said "/-platescan"
[5:14:52 AM] [XWh77#1] JCasper^: said "/-platescan"
[5:14:53 AM] [XWh77#1] JCasper^: said "/-platescan"
[5:14:53 AM] [XWh77#1] JCasper^: said "/-platescan"
[5:17:33 AM] [XWh77#1] JCasper^: said "/-platescan"
[5:17:36 AM] [XWh77#1] JCasper^: said "/-platescan"
[5:17:57 AM] [XWh77#1] JCasper^: said "/-platescan"
[5:17:58 AM] [XWh77#1] JCasper^: said "/-platescan"
[5:18:30 AM] [XWh77#1] JCasper^: said "/-platescan"
[5:18:32 AM] [XWh77#1] JCasper^: said "/-platescan"
[5:18:32 AM] [XWh77#1] JCasper^: said "/-platescan"
[5:29:56 AM] [XWh77#1] JCasper^: said "/-platescan"
[5:29:57 AM] [XWh77#1] JCasper^: said "/-platescan"
[5:29:57 AM] [XWh77#1] JCasper^: said "/-platescan"
[5:29:58 AM] [XWh77#1] JCasper^: said "/-platescan"
[5:30:00 AM] [XWh77#1] JCasper^: said "/-platescan"
[5:30:00 AM] [XWh77#1] JCasper^: said "/-platescan"
[5:30:05 AM] [XWh77#1] JCasper^: said "/-platescan"
[5:30:05 AM] [XWh77#1] JCasper^: said "/-platescan"
[5:30:41 AM] txAdmin: ((Broadcast) txAdmin): said "This server is scheduled to restart in 30 minutes."
[5:30:48 AM] [XWh77#1] JCasper^: said "/-platescan"
[5:30:48 AM] [XWh77#1] JCasper^: said "/-platescan"
[5:32:01 AM] [XWh77#1] JCasper^: said "/-platescan"
[5:32:02 AM] [XWh77#1] JCasper^: said "/-platescan"
[5:32:03 AM] [XWh77#1] JCasper^: said "/-platescan"
[5:32:04 AM] [XWh77#1] JCasper^: said "/-platescan"
[5:32:11 AM] [XWh77#1] JCasper^: said "/-platescan"
[5:32:13 AM] [XWh77#1] JCasper^: said "/-platescan"
[5:33:03 AM] [XWh77#1] JCasper^: said "/-platescan"
[5:33:03 AM] [XWh77#1] JCasper^: said "/-platescan"
[5:33:28 AM] [XWh77#1] JCasper^: said "/-platescan"
[5:33:31 AM] [XWh77#1] JCasper^: said "/-platescan"
[5:33:31 AM] [XWh77#1] JCasper^: said "/-platescan"
[5:34:41 AM] [XWh77#1] JCasper^: said "/-platescan"
[5:34:41 AM] [XWh77#1] JCasper^: said "/-platescan"
[5:35:40 AM] [XWh77#1] JCasper^: said "/-platescan"
[5:35:41 AM] [XWh77#1] JCasper^: said "/-platescan"
[5:39:32 AM] [XWh77#1] JCasper^: said "/-platescan"
[5:39:32 AM] [XWh77#1] JCasper^: said "/-platescan"
[5:40:14 AM] [XWh77#1] JCasper^: said "/-platescan"
[5:42:24 AM] [XWh77#1] JCasper^: said "/-platescan"
[5:42:25 AM] [XWh77#1] JCasper^: said "/-platescan"
[5:42:41 AM] [XWh77#1] JCasper^: said "/-platescan"
[5:42:41 AM] [XWh77#1] JCasper^: said "/-platescan"
[5:42:57 AM] [XWh77#1] JCasper^: said "/-platescan"
[5:42:57 AM] [XWh77#1] JCasper^: said "/-platescan"
[5:43:17 AM] [XWh77#1] JCasper^: said "/-platescan"
[5:43:18 AM] [XWh77#1] JCasper^: said "/-platescan"
[5:44:36 AM] [XWh77#1] JCasper^: said "/-platescan"
[5:44:39 AM] [XWh77#1] JCasper^: said "/-platescan"
[5:44:39 AM] [XWh77#1] JCasper^: said "/-platescan"
[5:44:42 AM] [XWh77#1] JCasper^: said "/-platescan"
[5:44:42 AM] [XWh77#1] JCasper^: said "/-platescan"
[5:44:42 AM] [XWh77#1] JCasper^: said "/-platescan"
[5:44:42 AM] [XWh77#1] JCasper^: said "/-platescan"
[5:44:43 AM] [XWh77#1] JCasper^: said "/-platescan"
[5:44:43 AM] [XWh77#1] JCasper^: said "/-platescan"
[5:45:42 AM] txAdmin: ((Broadcast) txAdmin): said "This server is scheduled to restart in 15 minutes."
[5:50:42 AM] txAdmin: ((Broadcast) txAdmin): said "This server is scheduled to restart in 10 minutes."
[5:55:42 AM] txAdmin: ((Broadcast) txAdmin): said "This server is scheduled to restart in 5 minutes."
[5:56:42 AM] txAdmin: ((Broadcast) txAdmin): said "This server is scheduled to restart in 4 minutes."
[5:57:42 AM] txAdmin: ((Broadcast) txAdmin): said "This server is scheduled to restart in 3 minutes."
[5:58:42 AM] txAdmin: ((Broadcast) txAdmin): said "This server is scheduled to restart in 2 minutes."
[5:59:42 AM] txAdmin: ((Broadcast) txAdmin): said "This server is scheduled to restart in 1 minute. Please disconnect now."
[6:00:42 AM] [XWh77#1] JCasper^: disconnected ([txAdmin] Server restarting (scheduled restart at 06:00).)
[6:01:00 AM] txAdmin: Logger started
[6:06:52 AM] [tcmKE#1] JCasper^: joined with identifiers [license:e877a585ff0996f661cc51a2ea1467b4bc2ed076; xbl:2535430569296258; live:844425416822082; discord:574295802713866250; fivem:1900090; license2:a3c538475ddfa54d8cb28e880eca7d2720afc2c9]
[6:19:18 AM] [tcmKE#1] JCasper^: said "/-platescan"
[6:19:19 AM] [tcmKE#1] JCasper^: said "/-platescan"
[6:19:19 AM] [tcmKE#1] JCasper^: said "/-platescan"
[6:19:20 AM] [tcmKE#1] JCasper^: said "/-platescan"
[6:19:54 AM] [tcmKE#1] JCasper^: said "/-platescan"
[6:19:55 AM] [tcmKE#1] JCasper^: said "/-platescan"
[6:19:56 AM] [tcmKE#1] JCasper^: said "/-platescan"
[6:19:56 AM] [tcmKE#1] JCasper^: said "/-platescan"
[6:20:20 AM] [tcmKE#1] JCasper^: said "/-platescan"
[6:20:21 AM] [tcmKE#1] JCasper^: said "/-platescan"
[6:20:48 AM] [tcmKE#1] JCasper^: said "/-platescan"
[6:20:51 AM] [tcmKE#1] JCasper^: said "/-platescan"
[6:20:51 AM] [tcmKE#1] JCasper^: said "/-platescan"
[6:25:43 AM] [tcmKE#1] JCasper^: said "/-platescan"
[6:25:44 AM] [tcmKE#1] JCasper^: said "/-platescan"
[6:26:23 AM] [tcmKE#1] JCasper^: said "/-platescan"
[6:26:24 AM] [tcmKE#1] JCasper^: said "/-platescan"
[6:26:40 AM] [tcmKE#1] JCasper^: said "/-platescan"
[6:26:42 AM] [tcmKE#1] JCasper^: said "/-platescan"
[6:31:54 AM] [tcmKE#1] JCasper^: said "/-platescan"
[6:31:54 AM] [tcmKE#1] JCasper^: said "/-platescan"
[6:33:26 AM] [tcmKE#1] JCasper^: said "/-platescan"
[6:33:27 AM] [tcmKE#1] JCasper^: said "/-platescan"
[6:33:34 AM] [tcmKE#1] JCasper^: said "/-platescan"
[6:33:35 AM] [tcmKE#1] JCasper^: said "/-platescan"
[6:33:52 AM] [tcmKE#1] JCasper^: said "/-platescan"
[6:33:53 AM] [tcmKE#1] JCasper^: said "/-platescan"
[6:33:53 AM] [tcmKE#1] JCasper^: said "/-platescan"
[6:34:08 AM] [tcmKE#1] JCasper^: said "/-platescan"
[6:34:08 AM] [tcmKE#1] JCasper^: said "/-platescan"
[6:38:49 AM] [tcmKE#1] JCasper^: said "/-platescan"
[6:38:49 AM] [tcmKE#1] JCasper^: said "/-platescan"
[6:38:50 AM] [tcmKE#1] JCasper^: said "/-platescan"
[6:42:00 AM] [tcmKE#1] JCasper^: said "/-platescan"
[6:42:01 AM] [tcmKE#1] JCasper^: said "/-platescan"
[6:42:12 AM] [tcmKE#1] JCasper^: disconnected (Exiting)
[6:42:42 AM] [tcmKE#2] JCasper^: joined with identifiers [license:e877a585ff0996f661cc51a2ea1467b4bc2ed076; xbl:2535430569296258; live:844425416822082; discord:574295802713866250; fivem:1900090; license2:a3c538475ddfa54d8cb28e880eca7d2720afc2c9]
[6:45:58 AM] [tcmKE#2] JCasper^: said "/-platescan"
[6:47:01 AM] [tcmKE#2] JCasper^: said "/-platescan"
[6:47:01 AM] [tcmKE#2] JCasper^: said "/-platescan"
[6:47:06 AM] [tcmKE#2] JCasper^: said "/-platescan"
[6:47:07 AM] [tcmKE#2] JCasper^: said "/-platescan"
[6:47:34 AM] [tcmKE#2] JCasper^: said "/-platescan"
[6:47:36 AM] [tcmKE#2] JCasper^: said "/-platescan"
[6:47:36 AM] [tcmKE#2] JCasper^: said "/-platescan"
[6:56:28 AM] [tcmKE#2] JCasper^: said "/-platescan"
[6:56:29 AM] [tcmKE#2] JCasper^: said "/-platescan"
[6:58:54 AM] [tcmKE#3] Barb: joined with identifiers [license:63ece83bec31d86f0787a776378cb3bd987aa3d1; discord:302865640111472640; fivem:1871334; license2:4613851b390c5b23eef5f33d537710bcb3e3bec7]
[6:59:56 AM] [tcmKE#3] Barb: said "/-platescan"
[6:59:57 AM] [tcmKE#3] Barb: said "/-platescan"
[6:59:58 AM] [tcmKE#3] Barb: said "/-platescan"
[6:59:59 AM] [tcmKE#3] Barb: said "/-platescan"
[7:00:00 AM] [tcmKE#3] Barb: said "/-platescan"
[7:00:02 AM] [tcmKE#3] Barb: said "/-platescan"
[7:00:02 AM] [tcmKE#3] Barb: said "/-platescan"
[7:00:05 AM] [tcmKE#3] Barb: said "/-platescan"
[7:00:06 AM] [tcmKE#3] Barb: said "/-platescan"
[7:00:06 AM] [tcmKE#3] Barb: said "/-platescan"
[7:01:07 AM] [tcmKE#2] JCasper^: said "/-platescan"
[7:01:59 AM] [tcmKE#3] Barb: said "/-platescan"
[7:02:00 AM] [tcmKE#2] JCasper^: said "/-platescan"
[7:02:00 AM] [tcmKE#3] Barb: said "/-platescan"
[7:02:00 AM] [tcmKE#2] JCasper^: said "/-platescan"
[7:02:01 AM] [tcmKE#3] Barb: said "/-platescan"
[7:02:01 AM] [tcmKE#2] JCasper^: said "/-platescan"
[7:02:01 AM] [tcmKE#3] Barb: said "/-platescan"
[7:02:01 AM] [tcmKE#2] JCasper^: said "/-platescan"
[7:02:02 AM] [tcmKE#2] JCasper^: said "/-platescan"
[7:02:03 AM] [tcmKE#2] JCasper^: said "/-platescan"
[7:02:03 AM] [tcmKE#3] Barb: said "/-platescan"
[7:02:04 AM] [tcmKE#3] Barb: said "/-platescan"
[7:02:05 AM] [tcmKE#3] Barb: said "/-platescan"
[7:02:06 AM] [tcmKE#3] Barb: said "/-platescan"
[7:02:07 AM] [tcmKE#3] Barb: said "/-platescan"
[7:02:08 AM] [tcmKE#3] Barb: said "/-platescan"
[7:02:09 AM] [tcmKE#3] Barb: said "/-platescan"
[7:02:09 AM] [tcmKE#3] Barb: said "/-platescan"
[7:02:38 AM] [tcmKE#3] Barb: said "/-platescan"
[7:02:38 AM] [tcmKE#3] Barb: said "/-platescan"
[7:02:40 AM] [tcmKE#3] Barb: said "/-platescan"
[7:02:40 AM] [tcmKE#2] JCasper^: said "/-platescan"
[7:02:40 AM] [tcmKE#2] JCasper^: said "/-platescan"
[7:02:41 AM] [tcmKE#2] JCasper^: said "/-platescan"
[7:02:42 AM] [tcmKE#2] JCasper^: said "/-platescan"
[7:02:42 AM] [tcmKE#3] Barb: said "/-platescan"
[7:02:43 AM] [tcmKE#3] Barb: said "/-platescan"
[7:02:44 AM] [tcmKE#3] Barb: said "/-platescan"
[7:02:44 AM] [tcmKE#3] Barb: said "/-platescan"
[7:02:45 AM] [tcmKE#3] Barb: said "/-platescan"
[7:02:45 AM] [tcmKE#3] Barb: said "/-platescan"
[7:02:56 AM] [tcmKE#2] JCasper^: said "/-platescan"
[7:02:57 AM] [tcmKE#2] JCasper^: said "/-platescan"
[7:03:12 AM] [tcmKE#3] Barb: said "/-platescan"
[7:03:12 AM] [tcmKE#3] Barb: said "/-platescan"
[7:03:14 AM] [tcmKE#2] JCasper^: said "/-platescan"
[7:03:15 AM] [tcmKE#2] JCasper^: said "/-platescan"
[7:03:18 AM] [tcmKE#3] Barb: said "/-platescan"
[7:03:19 AM] [tcmKE#3] Barb: said "/-platescan"
[7:03:20 AM] [tcmKE#3] Barb: said "/-platescan"
[7:03:21 AM] [tcmKE#3] Barb: said "/-platescan"
[7:03:21 AM] [tcmKE#3] Barb: said "/-platescan"
[7:03:31 AM] [tcmKE#2] JCasper^: said "/-platescan"
[7:03:32 AM] [tcmKE#2] JCasper^: said "/-platescan"
[7:03:32 AM] [tcmKE#2] JCasper^: said "/-platescan"
[7:03:49 AM] [tcmKE#2] JCasper^: said "/-platescan"
[7:03:49 AM] [tcmKE#2] JCasper^: said "/-platescan"
[7:03:54 AM] [tcmKE#3] Barb: said "/-platescan"
[7:03:56 AM] [tcmKE#3] Barb: said "/-platescan"
[7:04:00 AM] [tcmKE#3] Barb: said "/-platescan"
[7:04:04 AM] [tcmKE#3] Barb: said "/-platescan"
[7:04:04 AM] [tcmKE#3] Barb: said "/-platescan"
[7:04:07 AM] [tcmKE#2] JCasper^: said "/-platescan"
[7:04:07 AM] [tcmKE#2] JCasper^: said "/-platescan"
[7:04:16 AM] [tcmKE#3] Barb: said "/-platescan"
[7:04:22 AM] [tcmKE#2] JCasper^: said "/-platescan"
[7:04:22 AM] [tcmKE#2] JCasper^: said "/-platescan"
[7:04:52 AM] [tcmKE#2] JCasper^: said "/-platescan"
[7:04:53 AM] [tcmKE#2] JCasper^: said "/-platescan"
[7:04:53 AM] [tcmKE#2] JCasper^: said "/-platescan"
[7:05:16 AM] [tcmKE#2] JCasper^: said "/-platescan"
[7:05:17 AM] [tcmKE#2] JCasper^: said "/-platescan"
[7:05:24 AM] [tcmKE#3] Barb: said "/-platescan"
[7:05:25 AM] [tcmKE#3] Barb: said "/-platescan"
[7:05:26 AM] [tcmKE#3] Barb: said "/-platescan"
[7:05:26 AM] [tcmKE#3] Barb: said "/-platescan"
[7:05:27 AM] [tcmKE#3] Barb: said "/-platescan"
[7:05:27 AM] [tcmKE#3] Barb: said "/-platescan"
[7:05:29 AM] [tcmKE#3] Barb: said "/-platescan"
[7:05:30 AM] [tcmKE#3] Barb: said "/-platescan"
[7:05:30 AM] [tcmKE#3] Barb: said "/-platescan"
[7:05:31 AM] [tcmKE#2] JCasper^: said "/-platescan"
[7:05:32 AM] [tcmKE#2] JCasper^: said "/-platescan"
[7:05:47 AM] [tcmKE#3] Barb: said "/-platescan"
[7:05:48 AM] [tcmKE#2] JCasper^: said "/-platescan"
[7:05:48 AM] [tcmKE#2] JCasper^: said "/-platescan"
[7:06:48 AM] [tcmKE#2] JCasper^: said "/-platescan"
[7:06:49 AM] [tcmKE#2] JCasper^: said "/-platescan"
[7:07:04 AM] [tcmKE#2] JCasper^: said "/-platescan"
[7:07:05 AM] [tcmKE#2] JCasper^: said "/-platescan"
[7:07:20 AM] [tcmKE#2] JCasper^: said "/-platescan"
[7:07:20 AM] [tcmKE#2] JCasper^: said "/-platescan"
[7:07:21 AM] [tcmKE#2] JCasper^: said "/-platescan"
[7:07:22 AM] [tcmKE#2] JCasper^: said "/-platescan"
[7:08:28 AM] [tcmKE#3] Barb: said "/-platescan"
[7:08:45 AM] [tcmKE#2] JCasper^: said "/-platescan"
[7:08:45 AM] [tcmKE#2] JCasper^: said "/-platescan"
[7:09:17 AM] [tcmKE#2] JCasper^: said "/-platescan"
[7:09:18 AM] [tcmKE#2] JCasper^: said "/-platescan"
[7:09:34 AM] [tcmKE#2] JCasper^: said "/-platescan"
[7:09:34 AM] [tcmKE#2] JCasper^: said "/-platescan"
[7:11:49 AM] [tcmKE#2] JCasper^: said "/-platescan"
[7:11:50 AM] [tcmKE#2] JCasper^: said "/-platescan"
[7:13:49 AM] [tcmKE#2] JCasper^: said "/-platescan"
[7:15:03 AM] [tcmKE#2] JCasper^: said "/-platescan"
[7:15:04 AM] [tcmKE#2] JCasper^: said "/-platescan"
[7:25:37 AM] [tcmKE#2] JCasper^: said "/-platescan"
[7:25:40 AM] [tcmKE#2] JCasper^: said "/-platescan"
[7:25:40 AM] [tcmKE#2] JCasper^: said "/-platescan"
[7:33:14 AM] [tcmKE#2] JCasper^: said "/-platescan"
[7:33:14 AM] [tcmKE#2] JCasper^: said "/-platescan"
[7:33:26 AM] [tcmKE#2] JCasper^: said "/-platescan"
[7:33:26 AM] [tcmKE#2] JCasper^: said "/-platescan"
[7:37:43 AM] [tcmKE#2] JCasper^: said "/-platescan"
[7:37:43 AM] [tcmKE#2] JCasper^: said "/-platescan"
[7:39:03 AM] [tcmKE#2] JCasper^: said "/-platescan"
[7:39:04 AM] [tcmKE#2] JCasper^: said "/-platescan"
[7:39:26 AM] [tcmKE#2] JCasper^: said "/-platescan"
[7:41:02 AM] [tcmKE#2] JCasper^: said "/-platescan"
[7:41:02 AM] [tcmKE#2] JCasper^: said "/-platescan"
[7:41:03 AM] [tcmKE#2] JCasper^: said "/-platescan"
[7:41:10 AM] [tcmKE#2] JCasper^: said "/-platescan"
[7:41:14 AM] [tcmKE#2] JCasper^: said "/-platescan"
[7:41:15 AM] [tcmKE#2] JCasper^: said "/-platescan"
[7:41:15 AM] [tcmKE#2] JCasper^: said "/-platescan"
[7:42:13 AM] [tcmKE#2] JCasper^: said "/-platescan"
[7:42:13 AM] [tcmKE#2] JCasper^: said "/-platescan"
[7:43:14 AM] [tcmKE#2] JCasper^: said "/-platescan"
[7:45:50 AM] [tcmKE#3] Barb: said "/-platescan"
[7:45:54 AM] [tcmKE#3] Barb: said "/-platescan"
[7:45:58 AM] [tcmKE#3] Barb: said "/-platescan"
[7:46:00 AM] [tcmKE#2] JCasper^: said "/-platescan"
[7:46:02 AM] [tcmKE#3] Barb: said "/-platescan"
[7:46:02 AM] [tcmKE#2] JCasper^: said "/-platescan"
[7:46:03 AM] [tcmKE#2] JCasper^: said "/-platescan"
[7:46:04 AM] [tcmKE#3] Barb: said "/-platescan"
[7:46:06 AM] [tcmKE#2] JCasper^: said "/-platescan"
[7:46:08 AM] [tcmKE#2] JCasper^: said "/-platescan"
[7:46:09 AM] [tcmKE#3] Barb: said "/-platescan"
[7:46:12 AM] [tcmKE#2] JCasper^: said "/-platescan"
[7:46:15 AM] [tcmKE#2] JCasper^: said "/-platescan"
[7:46:16 AM] [tcmKE#2] JCasper^: said "/-platescan"
[7:46:18 AM] [tcmKE#2] JCasper^: said "/-platescan"
[7:46:20 AM] [tcmKE#3] Barb: said "/-platescan"
[7:46:21 AM] [tcmKE#3] Barb: said "/-platescan"
[7:46:22 AM] [tcmKE#3] Barb: said "/-platescan"
[7:46:22 AM] [tcmKE#2] JCasper^: said "/-platescan"
[7:46:24 AM] [tcmKE#2] JCasper^: said "/-platescan"
[7:46:35 AM] [tcmKE#3] Barb: said "/-platescan"
[7:46:36 AM] [tcmKE#2] JCasper^: said "/-platescan"
[7:46:38 AM] [tcmKE#3] Barb: said "/-platescan"
[7:46:43 AM] [tcmKE#3] Barb: said "/-platescan"
[7:46:44 AM] [tcmKE#3] Barb: said "/-platescan"
[7:46:45 AM] [tcmKE#3] Barb: said "/-platescan"
[7:46:45 AM] [tcmKE#3] Barb: said "/-platescan"
[7:47:51 AM] [tcmKE#2] JCasper^: said "/-platescan"
[7:47:52 AM] [tcmKE#2] JCasper^: said "/-platescan"
[7:59:13 AM] [tcmKE#2] JCasper^: said "/-platescan"
[7:59:14 AM] [tcmKE#2] JCasper^: said "/-platescan"
[7:59:16 AM] [tcmKE#2] JCasper^: said "/-platescan"
[7:59:16 AM] [tcmKE#2] JCasper^: said "/-platescan"
[7:59:19 AM] [tcmKE#2] JCasper^: said "/-platescan"
[7:59:20 AM] [tcmKE#2] JCasper^: said "/-platescan"
[7:59:20 AM] [tcmKE#2] JCasper^: said "/-platescan"
[8:00:33 AM] [tcmKE#2] JCasper^: said "/-platescan"
[8:00:34 AM] [tcmKE#2] JCasper^: said "/-platescan"
[8:01:48 AM] [tcmKE#2] JCasper^: said "/-platescan"
[8:01:49 AM] [tcmKE#2] JCasper^: said "/-platescan"
[8:04:06 AM] [tcmKE#2] JCasper^: said "/-platescan"
[8:04:07 AM] [tcmKE#2] JCasper^: said "/-platescan"
[8:08:25 AM] [tcmKE#2] JCasper^: disconnected ([txAdmin] Server restarting (requested by Sk3tchPlays).)
[8:08:25 AM] [tcmKE#3] Barb: disconnected ([txAdmin] Server restarting (requested by Sk3tchPlays).)
[8:08:44 AM] txAdmin: Logger started
[8:09:23 AM] [TxpDN#1] Barb: joined with identifiers [license:63ece83bec31d86f0787a776378cb3bd987aa3d1; discord:302865640111472640; fivem:1871334; license2:4613851b390c5b23eef5f33d537710bcb3e3bec7]
[8:11:18 AM] [TxpDN#1] Barb: said "/-platescan"
[8:11:21 AM] [TxpDN#1] Barb: said "/-platescan"
[8:11:24 AM] [TxpDN#1] Barb: said "/-platescan"
[8:13:13 AM] [TxpDN#1] Barb: healed all players!
[8:15:40 AM] [TxpDN#1] Barb: repaired their vehicle
[8:25:03 AM] [TxpDN#1] Barb: disconnected ([txAdmin] Server restarting (requested by Barb).)
[8:25:21 AM] txAdmin: Logger started
[8:25:50 AM] [R3kFp#1] Barb: joined with identifiers [license:63ece83bec31d86f0787a776378cb3bd987aa3d1; discord:302865640111472640; fivem:1871334; license2:4613851b390c5b23eef5f33d537710bcb3e3bec7]
[8:27:12 AM] [R3kFp#1] Barb: said "/-platescan"
[8:27:12 AM] [R3kFp#1] Barb: said "/-platescan"
[10:14:10 AM] [R3kFp#1] Barb: disconnected (Disconnected.)
[11:30:48 AM] txAdmin: ((Broadcast) txAdmin): said "This server is scheduled to restart in 30 minutes."
[11:45:48 AM] txAdmin: ((Broadcast) txAdmin): said "This server is scheduled to restart in 15 minutes."
[11:50:48 AM] txAdmin: ((Broadcast) txAdmin): said "This server is scheduled to restart in 10 minutes."
[11:55:48 AM] txAdmin: ((Broadcast) txAdmin): said "This server is scheduled to restart in 5 minutes."
[11:56:48 AM] txAdmin: ((Broadcast) txAdmin): said "This server is scheduled to restart in 4 minutes."
[11:57:48 AM] txAdmin: ((Broadcast) txAdmin): said "This server is scheduled to restart in 3 minutes."
[11:58:48 AM] txAdmin: ((Broadcast) txAdmin): said "This server is scheduled to restart in 2 minutes."
[11:59:49 AM] txAdmin: ((Broadcast) txAdmin): said "This server is scheduled to restart in 1 minute. Please disconnect now."
[12:01:06 PM] txAdmin: Logger started
[5:30:53 PM] txAdmin: ((Broadcast) txAdmin): said "This server is scheduled to restart in 30 minutes."
[5:45:52 PM] txAdmin: ((Broadcast) txAdmin): said "This server is scheduled to restart in 15 minutes."
[5:50:53 PM] txAdmin: ((Broadcast) txAdmin): said "This server is scheduled to restart in 10 minutes."
[5:55:53 PM] txAdmin: ((Broadcast) txAdmin): said "This server is scheduled to restart in 5 minutes."
[5:56:53 PM] txAdmin: ((Broadcast) txAdmin): said "This server is scheduled to restart in 4 minutes."
[5:57:53 PM] txAdmin: ((Broadcast) txAdmin): said "This server is scheduled to restart in 3 minutes."
[5:58:53 PM] txAdmin: ((Broadcast) txAdmin): said "This server is scheduled to restart in 2 minutes."
[5:59:53 PM] txAdmin: ((Broadcast) txAdmin): said "This server is scheduled to restart in 1 minute. Please disconnect now."
[6:02:38 PM] txAdmin: Logger started
[11:30:58 PM] txAdmin: ((Broadcast) txAdmin): said "This server is scheduled to restart in 30 minutes."
[11:45:58 PM] txAdmin: ((Broadcast) txAdmin): said "This server is scheduled to restart in 15 minutes."
[11:50:58 PM] txAdmin: ((Broadcast) txAdmin): said "This server is scheduled to restart in 10 minutes."
[11:55:58 PM] txAdmin: ((Broadcast) txAdmin): said "This server is scheduled to restart in 5 minutes."
[11:56:58 PM] txAdmin: ((Broadcast) txAdmin): said "This server is scheduled to restart in 4 minutes."
[11:57:58 PM] txAdmin: ((Broadcast) txAdmin): said "This server is scheduled to restart in 3 minutes."
[11:58:58 PM] txAdmin: ((Broadcast) txAdmin): said "This server is scheduled to restart in 2 minutes."
[11:59:58 PM] txAdmin: ((Broadcast) txAdmin): said "This server is scheduled to restart in 1 minute. Please disconnect now."
