
================================================================
======== Log Rotated - 9/2/2023, 12:00:01 AM                    
================================================================
[12:01:16 AM] txAdmin: Logger started
[12:03:53 AM] [nKbDN#1] Gage Muid: joined with identifiers [license:b0494a005acf4e052cfb2b02bafdf03e0afa2e50; xbl:2535452686016926; live:844426164185034; discord:1077447299057324032; fivem:9706133; license2:b0494a005acf4e052cfb2b02bafdf03e0afa2e50]
[12:06:33 AM] [nKbDN#2] Gage Muid: joined with identifiers [license:b0494a005acf4e052cfb2b02bafdf03e0afa2e50; xbl:2535452686016926; live:844426164185034; discord:1077447299057324032; fivem:9706133; license2:b0494a005acf4e052cfb2b02bafdf03e0afa2e50]
[12:06:59 AM] [nKbDN#1] Gage Muid: disconnected (Server->client connection timed out. Last seen 58776 msec ago.)
[12:07:51 AM] [nKbDN#2] Gage Muid: disconnected (Server->client connection timed out. Last seen 41729 msec ago.)
[1:13:34 AM] [nKbDN#3] Gage Muid: joined with identifiers [license:b0494a005acf4e052cfb2b02bafdf03e0afa2e50; xbl:2535452686016926; live:844426164185034; discord:1077447299057324032; fivem:9706133; license2:b0494a005acf4e052cfb2b02bafdf03e0afa2e50]
[1:15:46 AM] [nKbDN#3] Gage Muid: disconnected (Server->client connection timed out. Last seen 36590 msec ago.)
[1:15:47 AM] [nKbDN#4] Gage Muid: joined with identifiers [license:b0494a005acf4e052cfb2b02bafdf03e0afa2e50; xbl:2535452686016926; live:844426164185034; discord:1077447299057324032; fivem:9706133; license2:b0494a005acf4e052cfb2b02bafdf03e0afa2e50]
[1:16:43 AM] [nKbDN#4] Gage Muid: disconnected (Server->client connection timed out. Last seen 34596 msec ago.)
[1:16:56 AM] [nKbDN#5] Gage Muid: joined with identifiers [license:b0494a005acf4e052cfb2b02bafdf03e0afa2e50; xbl:2535452686016926; live:844426164185034; discord:1077447299057324032; fivem:9706133; license2:b0494a005acf4e052cfb2b02bafdf03e0afa2e50]
[1:18:26 AM] [nKbDN#5] Gage Muid: disconnected (Server->client connection timed out. Last seen 41703 msec ago.)
[2:40:48 AM] txAdmin: Logger started

================================================================
======== txAdmin Starting - 9/2/2023, 4:20:03 AM                
================================================================
[4:20:17 AM] txAdmin: Logger started
[5:30:04 AM] txAdmin: ((Broadcast) txAdmin): said "This server is scheduled to restart in 30 minutes."
[5:45:04 AM] txAdmin: ((Broadcast) txAdmin): said "This server is scheduled to restart in 15 minutes."
[5:50:04 AM] txAdmin: ((Broadcast) txAdmin): said "This server is scheduled to restart in 10 minutes."
[5:55:04 AM] txAdmin: ((Broadcast) txAdmin): said "This server is scheduled to restart in 5 minutes."
[5:56:04 AM] txAdmin: ((Broadcast) txAdmin): said "This server is scheduled to restart in 4 minutes."
[5:57:04 AM] txAdmin: ((Broadcast) txAdmin): said "This server is scheduled to restart in 3 minutes."
[5:58:04 AM] txAdmin: ((Broadcast) txAdmin): said "This server is scheduled to restart in 2 minutes."
[5:59:05 AM] txAdmin: ((Broadcast) txAdmin): said "This server is scheduled to restart in 1 minute. Please disconnect now."
[6:00:22 AM] txAdmin: Logger started
[8:32:37 AM] [JYec9#1] Brandon: joined with identifiers [license:a807e49c22d82fa8c69dc89725c77da4c83aa60b; discord:286183755092328448; fivem:8522648; license2:b9c43c601d9e49df6753dae43cb45bfa6e535881]
[8:37:06 AM] [JYec9#1] Brandon: said "/-platescan"
[8:38:20 AM] [JYec9#1] Brandon: said "/-platescan"
[8:38:29 AM] [JYec9#1] Brandon: said "/-platescan"
[8:50:37 AM] [JYec9#1] Brandon: disconnected (Server->client connection timed out. Last seen 51132 msec ago.)
[11:30:09 AM] txAdmin: ((Broadcast) txAdmin): said "This server is scheduled to restart in 30 minutes."
[11:45:09 AM] txAdmin: ((Broadcast) txAdmin): said "This server is scheduled to restart in 15 minutes."
[11:50:10 AM] txAdmin: ((Broadcast) txAdmin): said "This server is scheduled to restart in 10 minutes."
[11:55:10 AM] txAdmin: ((Broadcast) txAdmin): said "This server is scheduled to restart in 5 minutes."
[11:56:10 AM] txAdmin: ((Broadcast) txAdmin): said "This server is scheduled to restart in 4 minutes."
[11:57:10 AM] txAdmin: ((Broadcast) txAdmin): said "This server is scheduled to restart in 3 minutes."
[11:58:10 AM] txAdmin: ((Broadcast) txAdmin): said "This server is scheduled to restart in 2 minutes."
[11:59:10 AM] txAdmin: ((Broadcast) txAdmin): said "This server is scheduled to restart in 1 minute. Please disconnect now."
[12:00:28 PM] txAdmin: Logger started
[5:30:15 PM] txAdmin: ((Broadcast) txAdmin): said "This server is scheduled to restart in 30 minutes."
[5:45:15 PM] txAdmin: ((Broadcast) txAdmin): said "This server is scheduled to restart in 15 minutes."
[5:50:15 PM] txAdmin: ((Broadcast) txAdmin): said "This server is scheduled to restart in 10 minutes."
[5:55:15 PM] txAdmin: ((Broadcast) txAdmin): said "This server is scheduled to restart in 5 minutes."
[5:56:15 PM] txAdmin: ((Broadcast) txAdmin): said "This server is scheduled to restart in 4 minutes."
[5:57:15 PM] txAdmin: ((Broadcast) txAdmin): said "This server is scheduled to restart in 3 minutes."
[5:58:15 PM] txAdmin: ((Broadcast) txAdmin): said "This server is scheduled to restart in 2 minutes."
[5:59:15 PM] txAdmin: ((Broadcast) txAdmin): said "This server is scheduled to restart in 1 minute. Please disconnect now."
[6:01:58 PM] txAdmin: Logger started
[7:34:32 PM] [hq8nH#1] P. Adams: joined with identifiers [license:5aa773eb99bb1c16c8028ce664103018a0af52e1; xbl:2533274877001361; live:1759221481199184; discord:342131859263848459; fivem:453160]
[8:21:25 PM] [hq8nH#1] P. Adams: said "/jon"
[9:15:19 PM] [hq8nH#2] Barb: joined with identifiers [license:63ece83bec31d86f0787a776378cb3bd987aa3d1; discord:302865640111472640; fivem:1871334; license2:4613851b390c5b23eef5f33d537710bcb3e3bec7]
[9:16:58 PM] [hq8nH#2] Barb: healed all players!
[9:18:02 PM] txAdmin: ((DM) Barb): said "you should have your job now"
[9:20:31 PM] [hq8nH#2] Barb: said "/-platescan"
[9:20:33 PM] [hq8nH#2] Barb: said "/-platescan"
[9:20:35 PM] [hq8nH#2] Barb: said "/-platescan"
[9:20:36 PM] [hq8nH#2] Barb: said "/-platescan"
[9:20:37 PM] [hq8nH#2] Barb: said "/-platescan"
[9:20:45 PM] [hq8nH#2] Barb: disconnected (Exiting)
[9:31:09 PM] [hq8nH#1] P. Adams: said "/-platescan"
[9:32:42 PM] [hq8nH#1] P. Adams: said "/-platescan"
[9:32:43 PM] [hq8nH#1] P. Adams: said "/-platescan"
[9:32:44 PM] [hq8nH#1] P. Adams: said "/-platescan"
[9:32:51 PM] [hq8nH#1] P. Adams: disconnected (Exiting)
[11:30:20 PM] txAdmin: ((Broadcast) txAdmin): said "This server is scheduled to restart in 30 minutes."
[11:45:21 PM] txAdmin: ((Broadcast) txAdmin): said "This server is scheduled to restart in 15 minutes."
[11:50:20 PM] txAdmin: ((Broadcast) txAdmin): said "This server is scheduled to restart in 10 minutes."
[11:55:20 PM] txAdmin: ((Broadcast) txAdmin): said "This server is scheduled to restart in 5 minutes."
[11:56:20 PM] txAdmin: ((Broadcast) txAdmin): said "This server is scheduled to restart in 4 minutes."
[11:57:20 PM] txAdmin: ((Broadcast) txAdmin): said "This server is scheduled to restart in 3 minutes."
[11:58:20 PM] txAdmin: ((Broadcast) txAdmin): said "This server is scheduled to restart in 2 minutes."
[11:59:20 PM] txAdmin: ((Broadcast) txAdmin): said "This server is scheduled to restart in 1 minute. Please disconnect now."
