
================================================================
======== Log Rotated - 8/31/2023, 12:00:00 AM                   
================================================================
[12:00:30 AM] txAdmin: Logger started
[12:02:08 AM] [ynbjw#1] JCasper^: joined with identifiers [license:e877a585ff0996f661cc51a2ea1467b4bc2ed076; xbl:2535430569296258; live:844425416822082; discord:574295802713866250; fivem:1900090; license2:a3c538475ddfa54d8cb28e880eca7d2720afc2c9]
[12:53:51 AM] [ynbjw#1] JCasper^: said "/-platescan"
[12:58:11 AM] [ynbjw#1] JCasper^: said "/-platescan"
[12:58:11 AM] [ynbjw#1] JCasper^: said "/-platescan"
[1:03:13 AM] [ynbjw#1] JCasper^: said "/-platescan"
[1:03:15 AM] [ynbjw#1] JCasper^: said "/-platescan"
[1:03:16 AM] [ynbjw#1] JCasper^: said "/-platescan"
[1:04:33 AM] [ynbjw#1] JCasper^: said "/-platescan"
[1:04:33 AM] [ynbjw#1] JCasper^: said "/-platescan"
[1:04:43 AM] [ynbjw#1] JCasper^: said "/-platescan"
[1:04:45 AM] [ynbjw#1] JCasper^: said "/-platescan"
[1:04:46 AM] [ynbjw#1] JCasper^: said "/-platescan"
[1:05:05 AM] [ynbjw#1] JCasper^: said "/-platescan"
[1:05:05 AM] [ynbjw#1] JCasper^: said "/-platescan"
[1:05:18 AM] [ynbjw#1] JCasper^: said "/-platescan"
[1:05:18 AM] [ynbjw#1] JCasper^: said "/-platescan"
[1:05:27 AM] [ynbjw#1] JCasper^: said "/-platescan"
[1:05:27 AM] [ynbjw#1] JCasper^: said "/-platescan"
[1:08:03 AM] [ynbjw#1] JCasper^: said "/-platescan"
[1:08:04 AM] [ynbjw#1] JCasper^: said "/-platescan"
[1:09:36 AM] [ynbjw#1] JCasper^: said "/-answer"
[1:11:32 AM] [ynbjw#1] JCasper^: said "/-platescan"
[1:11:33 AM] [ynbjw#1] JCasper^: said "/-platescan"
[1:11:34 AM] [ynbjw#1] JCasper^: said "/-platescan"
[1:11:44 AM] [ynbjw#1] JCasper^: said "/-platescan"
[1:11:44 AM] [ynbjw#1] JCasper^: said "/-platescan"
[1:11:45 AM] [ynbjw#1] JCasper^: said "/-platescan"
[1:11:45 AM] [ynbjw#1] JCasper^: said "/-platescan"
[1:11:47 AM] [ynbjw#1] JCasper^: disconnected (Disconnected.)
[1:14:51 AM] [ynbjw#2] JCasper^: joined with identifiers [license:e877a585ff0996f661cc51a2ea1467b4bc2ed076; xbl:2535430569296258; live:844425416822082; discord:574295802713866250; fivem:1900090; license2:a3c538475ddfa54d8cb28e880eca7d2720afc2c9]
[1:16:07 AM] [ynbjw#2] JCasper^: said "/-platescan"
[1:16:15 AM] [ynbjw#2] JCasper^: said "/-platescan"
[1:16:15 AM] [ynbjw#2] JCasper^: said "/-platescan"
[1:16:41 AM] [ynbjw#2] JCasper^: said "/-platescan"
[1:16:47 AM] [ynbjw#2] JCasper^: said "/-platescan"
[1:16:47 AM] [ynbjw#2] JCasper^: said "/-platescan"
[1:17:09 AM] [ynbjw#2] JCasper^: said "/-platescan"
[1:17:11 AM] [ynbjw#2] JCasper^: said "/-answer"
[1:17:30 AM] [ynbjw#2] JCasper^: said "/-platescan"
[1:17:32 AM] [ynbjw#2] JCasper^: said "/-platescan"
[1:17:32 AM] [ynbjw#2] JCasper^: said "/-platescan"
[1:17:44 AM] [ynbjw#2] JCasper^: said "/-platescan"
[1:18:03 AM] [ynbjw#2] JCasper^: said "/-platescan"
[1:18:36 AM] [ynbjw#2] JCasper^: said "/-platescan"
[1:18:37 AM] [ynbjw#2] JCasper^: said "/-platescan"
[1:18:38 AM] [ynbjw#2] JCasper^: said "/-platescan"
[1:18:52 AM] [ynbjw#2] JCasper^: said "/-platescan"
[1:18:53 AM] [ynbjw#2] JCasper^: said "/-platescan"
[1:18:53 AM] [ynbjw#2] JCasper^: said "/-platescan"
[1:19:21 AM] [ynbjw#2] JCasper^: said "/-platescan"
[1:19:22 AM] [ynbjw#2] JCasper^: said "/-platescan"
[1:19:22 AM] [ynbjw#2] JCasper^: said "/-platescan"
[1:21:50 AM] [ynbjw#2] JCasper^: died from suicide
[1:23:06 AM] [ynbjw#2] JCasper^: said "/-platescan"
[1:23:06 AM] [ynbjw#2] JCasper^: said "/-platescan"
[1:23:15 AM] [ynbjw#2] JCasper^: said "/-platescan"
[1:23:18 AM] [ynbjw#2] JCasper^: said "/-platescan"
[1:23:19 AM] [ynbjw#2] JCasper^: said "/-platescan"
[1:29:59 AM] [ynbjw#2] JCasper^: said "/-platescan"
[1:30:02 AM] [ynbjw#2] JCasper^: said "/-platescan"
[1:30:02 AM] [ynbjw#2] JCasper^: said "/-platescan"
[1:30:52 AM] [ynbjw#2] JCasper^: said "/-platescan"
[1:31:10 AM] [ynbjw#2] JCasper^: said "/-platescan"
[1:31:12 AM] [ynbjw#2] JCasper^: said "/-platescan"
[1:31:12 AM] [ynbjw#2] JCasper^: said "/-platescan"
[1:31:41 AM] [ynbjw#2] JCasper^: said "/-platescan"
[1:31:48 AM] [ynbjw#2] JCasper^: said "/-platescan"
[1:31:49 AM] [ynbjw#2] JCasper^: said "/-platescan"
[1:32:20 AM] [ynbjw#2] JCasper^: said "/-platescan"
[1:32:21 AM] [ynbjw#2] JCasper^: said "/-platescan"
[1:32:21 AM] [ynbjw#2] JCasper^: said "/-platescan"
[1:32:42 AM] [ynbjw#2] JCasper^: said "/-platescan"
[1:32:46 AM] [ynbjw#2] JCasper^: said "/-platescan"
[1:32:46 AM] [ynbjw#2] JCasper^: said "/-platescan"
[1:33:03 AM] [ynbjw#2] JCasper^: said "/-platescan"
[1:33:04 AM] [ynbjw#2] JCasper^: said "/-platescan"
[1:33:04 AM] [ynbjw#2] JCasper^: said "/-platescan"
[1:33:05 AM] [ynbjw#2] JCasper^: said "/-platescan"
[1:33:07 AM] [ynbjw#2] JCasper^: said "/-platescan"
[1:33:07 AM] [ynbjw#2] JCasper^: said "/-platescan"
[1:33:23 AM] [ynbjw#2] JCasper^: said "/-platescan"
[1:33:26 AM] [ynbjw#2] JCasper^: said "/-platescan"
[1:33:27 AM] [ynbjw#2] JCasper^: said "/-platescan"
[1:33:27 AM] [ynbjw#2] JCasper^: said "/-platescan"
[2:04:12 AM] [ynbjw#2] JCasper^: said "/-platescan"
[2:04:20 AM] [ynbjw#2] JCasper^: said "/-platescan"
[2:04:20 AM] [ynbjw#2] JCasper^: said "/-platescan"
[2:04:41 AM] [ynbjw#2] JCasper^: said "/-platescan"
[2:04:42 AM] [ynbjw#2] JCasper^: said "/-platescan"
[2:04:42 AM] [ynbjw#2] JCasper^: said "/-platescan"
[2:05:02 AM] [ynbjw#2] JCasper^: said "/-platescan"
[2:05:08 AM] [ynbjw#2] JCasper^: said "/-platescan"
[2:05:08 AM] [ynbjw#2] JCasper^: said "/-platescan"
[2:05:19 AM] [ynbjw#2] JCasper^: said "/-platescan"
[2:05:22 AM] [ynbjw#2] JCasper^: said "/-platescan"
[2:05:22 AM] [ynbjw#2] JCasper^: said "/-platescan"
[2:07:49 AM] [ynbjw#2] JCasper^: said "/-platescan"
[2:07:56 AM] [ynbjw#2] JCasper^: said "/-platescan"
[2:07:56 AM] [ynbjw#2] JCasper^: said "/-platescan"
[2:08:06 AM] [ynbjw#2] JCasper^: said "/-platescan"
[2:08:11 AM] [ynbjw#2] JCasper^: said "/-platescan"
[2:08:11 AM] [ynbjw#2] JCasper^: said "/-platescan"
[2:08:24 AM] [ynbjw#2] JCasper^: said "/-platescan"
[2:09:14 AM] [ynbjw#2] JCasper^: said "/-platescan"
[2:09:14 AM] [ynbjw#2] JCasper^: said "/-platescan"
[2:11:33 AM] [ynbjw#2] JCasper^: said "/-platescan"
[2:11:38 AM] [ynbjw#2] JCasper^: said "/-platescan"
[2:11:38 AM] [ynbjw#2] JCasper^: said "/-platescan"
[2:12:33 AM] [ynbjw#2] JCasper^: said "/-platescan"
[2:12:33 AM] [ynbjw#2] JCasper^: said "/-platescan"
[2:14:38 AM] [ynbjw#2] JCasper^: said "/-platescan"
[2:14:39 AM] [ynbjw#2] JCasper^: said "/-platescan"
[2:14:39 AM] [ynbjw#2] JCasper^: said "/-platescan"
[2:14:40 AM] [ynbjw#2] JCasper^: said "/-platescan"
[2:17:36 AM] [ynbjw#2] JCasper^: said "/-platescan"
[2:17:36 AM] [ynbjw#2] JCasper^: said "/-platescan"
[2:18:15 AM] [ynbjw#2] JCasper^: said "/-platescan"
[2:18:15 AM] [ynbjw#2] JCasper^: said "/-platescan"
[2:19:19 AM] [ynbjw#2] JCasper^: said "/-platescan"
[2:19:19 AM] [ynbjw#2] JCasper^: said "/-platescan"
[2:19:44 AM] [ynbjw#2] JCasper^: said "/-platescan"
[2:19:44 AM] [ynbjw#2] JCasper^: said "/-platescan"
[2:20:19 AM] [ynbjw#2] JCasper^: said "/-platescan"
[2:20:20 AM] [ynbjw#2] JCasper^: said "/-platescan"
[2:20:38 AM] [ynbjw#2] JCasper^: said "/-platescan"
[2:20:38 AM] [ynbjw#2] JCasper^: said "/-platescan"
[2:20:58 AM] [ynbjw#2] JCasper^: said "/-platescan"
[2:20:58 AM] [ynbjw#2] JCasper^: said "/-platescan"
[2:20:59 AM] [ynbjw#2] JCasper^: said "/-platescan"
[2:20:59 AM] [ynbjw#2] JCasper^: said "/-platescan"
[2:21:23 AM] [ynbjw#2] JCasper^: said "/-platescan"
[2:21:23 AM] [ynbjw#2] JCasper^: said "/-platescan"
[2:21:41 AM] [ynbjw#2] JCasper^: said "/-platescan"
[2:21:41 AM] [ynbjw#2] JCasper^: said "/-platescan"
[2:22:03 AM] [ynbjw#2] JCasper^: said "/-platescan"
[2:22:04 AM] [ynbjw#2] JCasper^: said "/-platescan"
[2:22:23 AM] [ynbjw#2] JCasper^: said "/-platescan"
[2:22:24 AM] [ynbjw#2] JCasper^: said "/-platescan"
[2:22:43 AM] [ynbjw#2] JCasper^: said "/-platescan"
[2:22:43 AM] [ynbjw#2] JCasper^: said "/-platescan"
[2:23:02 AM] [ynbjw#2] JCasper^: said "/-platescan"
[2:23:03 AM] [ynbjw#2] JCasper^: said "/-platescan"
[2:23:04 AM] [ynbjw#2] JCasper^: said "/-platescan"
[2:23:21 AM] [ynbjw#2] JCasper^: said "/-platescan"
[2:23:22 AM] [ynbjw#2] JCasper^: said "/-platescan"
[2:23:46 AM] [ynbjw#2] JCasper^: said "/-platescan"
[2:23:46 AM] [ynbjw#2] JCasper^: said "/-platescan"
[2:23:46 AM] [ynbjw#2] JCasper^: said "/-platescan"
[2:24:08 AM] [ynbjw#2] JCasper^: said "/-platescan"
[2:24:09 AM] [ynbjw#2] JCasper^: said "/-platescan"
[2:36:42 AM] [ynbjw#2] JCasper^: disconnected (Server->client connection timed out. Last seen 47900 msec ago.)
[4:04:33 AM] [ynbjw#3] JCasper^: joined with identifiers [license:e877a585ff0996f661cc51a2ea1467b4bc2ed076; xbl:2535430569296258; live:844425416822082; discord:574295802713866250; fivem:1900090; license2:a3c538475ddfa54d8cb28e880eca7d2720afc2c9]
[4:08:51 AM] [ynbjw#3] JCasper^: said "/-platescan"
[4:08:51 AM] [ynbjw#3] JCasper^: said "/-platescan"
[4:08:51 AM] [ynbjw#3] JCasper^: said "/-platescan"
[4:09:28 AM] [ynbjw#3] JCasper^: said "/-platescan"
[4:09:28 AM] [ynbjw#3] JCasper^: said "/-platescan"
[4:09:28 AM] [ynbjw#3] JCasper^: said "/-platescan"
[4:09:29 AM] [ynbjw#3] JCasper^: said "/-platescan"
[4:09:29 AM] [ynbjw#3] JCasper^: said "/-platescan"
[4:09:47 AM] [ynbjw#3] JCasper^: said "/-platescan"
[4:09:47 AM] [ynbjw#3] JCasper^: said "/-platescan"
[4:10:04 AM] [ynbjw#3] JCasper^: said "/-platescan"
[4:10:04 AM] [ynbjw#3] JCasper^: said "/-platescan"
[4:10:45 AM] [ynbjw#3] JCasper^: said "/-platescan"
[4:10:46 AM] [ynbjw#3] JCasper^: said "/-platescan"
[4:10:47 AM] [ynbjw#3] JCasper^: said "/-platescan"
[4:10:48 AM] [ynbjw#3] JCasper^: said "/-platescan"
[4:11:04 AM] [ynbjw#3] JCasper^: said "/-platescan"
[4:11:04 AM] [ynbjw#3] JCasper^: said "/-platescan"
[4:11:22 AM] [ynbjw#3] JCasper^: said "/-platescan"
[4:11:22 AM] [ynbjw#3] JCasper^: said "/-platescan"
[4:11:23 AM] [ynbjw#3] JCasper^: said "/-platescan"
[4:11:23 AM] [ynbjw#3] JCasper^: said "/-platescan"
[4:11:39 AM] [ynbjw#3] JCasper^: said "/-platescan"
[4:11:39 AM] [ynbjw#3] JCasper^: said "/-platescan"
[4:11:40 AM] [ynbjw#3] JCasper^: said "/-platescan"
[4:11:40 AM] [ynbjw#3] JCasper^: said "/-platescan"
[4:11:56 AM] [ynbjw#3] JCasper^: said "/-platescan"
[4:11:56 AM] [ynbjw#3] JCasper^: said "/-platescan"
[4:12:21 AM] [ynbjw#3] JCasper^: said "/-platescan"
[4:12:21 AM] [ynbjw#3] JCasper^: said "/-platescan"
[4:12:38 AM] [ynbjw#3] JCasper^: said "/-platescan"
[4:12:38 AM] [ynbjw#3] JCasper^: said "/-platescan"
[4:12:54 AM] [ynbjw#3] JCasper^: said "/-platescan"
[4:12:55 AM] [ynbjw#3] JCasper^: said "/-platescan"
[4:12:55 AM] [ynbjw#3] JCasper^: said "/-platescan"
[4:12:56 AM] [ynbjw#3] JCasper^: said "/-platescan"
[4:13:14 AM] [ynbjw#3] JCasper^: said "/-platescan"
[4:13:15 AM] [ynbjw#3] JCasper^: said "/-platescan"
[4:13:31 AM] [ynbjw#3] JCasper^: said "/-platescan"
[4:13:32 AM] [ynbjw#3] JCasper^: said "/-platescan"
[4:13:32 AM] [ynbjw#3] JCasper^: said "/-platescan"
[4:13:33 AM] [ynbjw#3] JCasper^: said "/-platescan"
[4:13:48 AM] [ynbjw#3] JCasper^: said "/-platescan"
[4:13:49 AM] [ynbjw#3] JCasper^: said "/-platescan"
[4:14:06 AM] [ynbjw#3] JCasper^: said "/-platescan"
[4:14:06 AM] [ynbjw#3] JCasper^: said "/-platescan"
[4:14:42 AM] [ynbjw#3] JCasper^: said "/-platescan"
[4:14:52 AM] [ynbjw#3] JCasper^: said "/-platescan"
[4:14:52 AM] [ynbjw#3] JCasper^: said "/-platescan"
[4:15:07 AM] [ynbjw#3] JCasper^: said "/-platescan"
[4:15:08 AM] [ynbjw#3] JCasper^: said "/-platescan"
[4:15:25 AM] [ynbjw#3] JCasper^: said "/-platescan"
[4:15:25 AM] [ynbjw#3] JCasper^: said "/-platescan"
[4:15:42 AM] [ynbjw#3] JCasper^: said "/-platescan"
[4:15:43 AM] [ynbjw#3] JCasper^: said "/-platescan"
[4:16:00 AM] [ynbjw#3] JCasper^: said "/-platescan"
[4:16:00 AM] [ynbjw#3] JCasper^: said "/-platescan"
[4:16:18 AM] [ynbjw#3] JCasper^: said "/-platescan"
[4:16:18 AM] [ynbjw#3] JCasper^: said "/-platescan"
[4:16:19 AM] [ynbjw#3] JCasper^: said "/-platescan"
[4:16:19 AM] [ynbjw#3] JCasper^: said "/-platescan"
[4:16:36 AM] [ynbjw#3] JCasper^: said "/-platescan"
[4:16:36 AM] [ynbjw#3] JCasper^: said "/-platescan"
[4:16:59 AM] [ynbjw#3] JCasper^: said "/-platescan"
[4:16:59 AM] [ynbjw#3] JCasper^: said "/-platescan"
[4:17:15 AM] [ynbjw#3] JCasper^: said "/-platescan"
[4:17:15 AM] [ynbjw#3] JCasper^: said "/-platescan"
[4:17:31 AM] [ynbjw#3] JCasper^: said "/-platescan"
[4:17:32 AM] [ynbjw#3] JCasper^: said "/-platescan"
[4:18:01 AM] [ynbjw#3] JCasper^: said "/-platescan"
[4:18:01 AM] [ynbjw#3] JCasper^: said "/-platescan"
[4:18:17 AM] [ynbjw#3] JCasper^: said "/-platescan"
[4:18:18 AM] [ynbjw#3] JCasper^: said "/-platescan"
[4:18:37 AM] [ynbjw#3] JCasper^: said "/-platescan"
[4:18:37 AM] [ynbjw#3] JCasper^: said "/-platescan"
[4:18:54 AM] [ynbjw#3] JCasper^: said "/-platescan"
[4:18:55 AM] [ynbjw#3] JCasper^: said "/-platescan"
[4:19:35 AM] [ynbjw#3] JCasper^: said "/-platescan"
[4:19:35 AM] [ynbjw#3] JCasper^: said "/-platescan"
[4:19:52 AM] [ynbjw#3] JCasper^: said "/-platescan"
[4:19:53 AM] [ynbjw#3] JCasper^: said "/-platescan"
[4:19:53 AM] [ynbjw#3] JCasper^: said "/-platescan"
[4:19:54 AM] [ynbjw#3] JCasper^: said "/-platescan"
[4:20:10 AM] [ynbjw#3] JCasper^: said "/-platescan"
[4:20:10 AM] [ynbjw#3] JCasper^: said "/-platescan"
[4:20:26 AM] [ynbjw#3] JCasper^: said "/-platescan"
[4:20:27 AM] [ynbjw#3] JCasper^: said "/-platescan"
[4:20:28 AM] [ynbjw#3] JCasper^: said "/-platescan"
[4:20:28 AM] [ynbjw#3] JCasper^: said "/-platescan"
[4:20:46 AM] [ynbjw#3] JCasper^: said "/-platescan"
[4:20:47 AM] [ynbjw#3] JCasper^: said "/-platescan"
[4:21:04 AM] [ynbjw#3] JCasper^: said "/-platescan"
[4:21:04 AM] [ynbjw#3] JCasper^: said "/-platescan"
[4:21:21 AM] [ynbjw#3] JCasper^: said "/-platescan"
[4:21:21 AM] [ynbjw#3] JCasper^: said "/-platescan"
[4:21:22 AM] [ynbjw#3] JCasper^: said "/-platescan"
[4:21:38 AM] [ynbjw#3] JCasper^: said "/-platescan"
[4:21:38 AM] [ynbjw#3] JCasper^: said "/-platescan"
[4:21:38 AM] [ynbjw#3] JCasper^: said "/-platescan"
[4:22:02 AM] [ynbjw#3] JCasper^: said "/-platescan"
[4:22:02 AM] [ynbjw#3] JCasper^: said "/-platescan"
[4:22:32 AM] [ynbjw#3] JCasper^: said "/-platescan"
[4:22:32 AM] [ynbjw#3] JCasper^: said "/-platescan"
[4:23:36 AM] [ynbjw#3] JCasper^: said "/-platescan"
[4:23:36 AM] [ynbjw#3] JCasper^: said "/-platescan"
[4:32:30 AM] [ynbjw#3] JCasper^: said "/-platescan"
[4:32:31 AM] [ynbjw#3] JCasper^: said "/-platescan"
[4:32:31 AM] [ynbjw#3] JCasper^: said "/-platescan"
[4:32:32 AM] [ynbjw#3] JCasper^: said "/-platescan"
[4:32:58 AM] [ynbjw#3] JCasper^: said "/-platescan"
[4:32:58 AM] [ynbjw#3] JCasper^: said "/-platescan"
[4:33:19 AM] [ynbjw#3] JCasper^: said "/-platescan"
[4:33:20 AM] [ynbjw#3] JCasper^: said "/-platescan"
[4:33:53 AM] [ynbjw#3] JCasper^: said "/-platescan"
[4:33:54 AM] [ynbjw#3] JCasper^: said "/-platescan"
[4:34:14 AM] [ynbjw#3] JCasper^: said "/-platescan"
[4:34:15 AM] [ynbjw#3] JCasper^: said "/-platescan"
[4:34:15 AM] [ynbjw#3] JCasper^: said "/-platescan"
[4:34:32 AM] [ynbjw#3] JCasper^: said "/-platescan"
[4:34:33 AM] [ynbjw#3] JCasper^: said "/-platescan"
[4:34:57 AM] [ynbjw#3] JCasper^: said "/-platescan"
[4:34:58 AM] [ynbjw#3] JCasper^: said "/-platescan"
[4:34:58 AM] [ynbjw#3] JCasper^: said "/-platescan"
[4:35:20 AM] [ynbjw#3] JCasper^: said "/-platescan"
[4:35:20 AM] [ynbjw#3] JCasper^: said "/-platescan"
[4:35:40 AM] [ynbjw#3] JCasper^: said "/-platescan"
[4:35:55 AM] [ynbjw#3] JCasper^: said "/-platescan"
[4:35:56 AM] [ynbjw#3] JCasper^: said "/-platescan"
[4:36:12 AM] [ynbjw#3] JCasper^: said "/-platescan"
[4:36:12 AM] [ynbjw#3] JCasper^: said "/-platescan"
[4:36:30 AM] [ynbjw#3] JCasper^: said "/-platescan"
[4:36:30 AM] [ynbjw#3] JCasper^: said "/-platescan"
[4:36:47 AM] [ynbjw#3] JCasper^: said "/-platescan"
[4:36:47 AM] [ynbjw#3] JCasper^: said "/-platescan"
[4:36:48 AM] [ynbjw#3] JCasper^: said "/-platescan"
[4:36:49 AM] [ynbjw#3] JCasper^: said "/-platescan"
[4:36:49 AM] [ynbjw#3] JCasper^: said "/-platescan"
[4:37:11 AM] [ynbjw#3] JCasper^: said "/-platescan"
[4:37:11 AM] [ynbjw#3] JCasper^: said "/-platescan"
[4:37:26 AM] [ynbjw#3] JCasper^: said "/-platescan"
[4:37:27 AM] [ynbjw#3] JCasper^: said "/-platescan"
[4:37:48 AM] [ynbjw#3] JCasper^: said "/-platescan"
[4:37:48 AM] [ynbjw#3] JCasper^: said "/-platescan"
[4:37:48 AM] [ynbjw#3] JCasper^: said "/-platescan"
[4:38:05 AM] [ynbjw#3] JCasper^: said "/-platescan"
[4:38:05 AM] [ynbjw#3] JCasper^: said "/-platescan"
[4:38:24 AM] [ynbjw#3] JCasper^: said "/-platescan"
[4:38:24 AM] [ynbjw#3] JCasper^: said "/-platescan"
[4:38:42 AM] [ynbjw#3] JCasper^: said "/-platescan"
[4:38:42 AM] [ynbjw#3] JCasper^: said "/-platescan"
[4:39:03 AM] [ynbjw#3] JCasper^: said "/-platescan"
[4:39:04 AM] [ynbjw#3] JCasper^: said "/-platescan"
[4:42:26 AM] [ynbjw#3] JCasper^: said "/-platescan"
[4:42:26 AM] [ynbjw#3] JCasper^: said "/-platescan"
[4:51:29 AM] [ynbjw#3] JCasper^: said "/-platescan"
[4:51:29 AM] [ynbjw#3] JCasper^: said "/-platescan"
[4:51:41 AM] [ynbjw#3] JCasper^: said "/-platescan"
[4:51:41 AM] [ynbjw#3] JCasper^: said "/-platescan"
[4:52:01 AM] [ynbjw#3] JCasper^: said "/-platescan"
[4:52:01 AM] [ynbjw#3] JCasper^: said "/-platescan"
[4:52:01 AM] [ynbjw#3] JCasper^: said "/-platescan"
[4:52:57 AM] [ynbjw#3] JCasper^: said "/-platescan"
[4:52:58 AM] [ynbjw#3] JCasper^: said "/-platescan"
[4:52:58 AM] [ynbjw#3] JCasper^: said "/-platescan"
[4:53:07 AM] [ynbjw#3] JCasper^: said "/-platescan"
[4:53:07 AM] [ynbjw#3] JCasper^: said "/-platescan"
[4:53:09 AM] [ynbjw#3] JCasper^: said "/-platescan"
[4:53:09 AM] [ynbjw#3] JCasper^: said "/-platescan"
[4:54:57 AM] [ynbjw#3] JCasper^: said "/-platescan"
[4:55:05 AM] [ynbjw#3] JCasper^: said "/-platescan"
[4:55:05 AM] [ynbjw#3] JCasper^: said "/-platescan"
[4:55:43 AM] [ynbjw#3] JCasper^: said "/-platescan"
[4:55:44 AM] [ynbjw#3] JCasper^: said "/-platescan"
[4:55:47 AM] [ynbjw#3] JCasper^: said "/-platescan"
[4:55:47 AM] [ynbjw#3] JCasper^: said "/-platescan"
[4:55:47 AM] [ynbjw#3] JCasper^: said "/-platescan"
[4:55:56 AM] [ynbjw#3] JCasper^: said "/-platescan"
[4:55:58 AM] [ynbjw#3] JCasper^: said "/-platescan"
[4:56:01 AM] [ynbjw#3] JCasper^: said "/-platescan"
[4:56:01 AM] [ynbjw#3] JCasper^: said "/-platescan"
[4:56:07 AM] [ynbjw#3] JCasper^: said "/-platescan"
[4:56:14 AM] [ynbjw#3] JCasper^: said "/-platescan"
[4:56:16 AM] [ynbjw#3] JCasper^: said "/-platescan"
[4:56:16 AM] [ynbjw#3] JCasper^: said "/-platescan"
[4:56:18 AM] [ynbjw#3] JCasper^: said "/-platescan"
[4:56:18 AM] [ynbjw#3] JCasper^: said "/-platescan"
[4:56:18 AM] [ynbjw#3] JCasper^: said "/-platescan"
[4:56:19 AM] [ynbjw#3] JCasper^: said "/-platescan"
[4:56:20 AM] [ynbjw#3] JCasper^: said "/-platescan"
[4:56:32 AM] [ynbjw#3] JCasper^: said "/-platescan"
[4:56:33 AM] [ynbjw#3] JCasper^: said "/-platescan"
[4:57:04 AM] [ynbjw#3] JCasper^: said "/-platescan"
[4:57:05 AM] [ynbjw#3] JCasper^: said "/-platescan"
[4:57:15 AM] [ynbjw#3] JCasper^: said "/-platescan"
[4:57:17 AM] [ynbjw#3] JCasper^: said "/-platescan"
[4:57:18 AM] [ynbjw#3] JCasper^: said "/-platescan"
[4:57:19 AM] [ynbjw#3] JCasper^: said "/-platescan"
[4:57:26 AM] [ynbjw#3] JCasper^: said "/-platescan"
[4:57:27 AM] [ynbjw#3] JCasper^: said "/-platescan"
[4:57:59 AM] [ynbjw#3] JCasper^: said "/-platescan"
[4:58:00 AM] [ynbjw#3] JCasper^: said "/-platescan"
[4:59:07 AM] [ynbjw#3] JCasper^: said "/-platescan"
[4:59:07 AM] [ynbjw#3] JCasper^: said "/-platescan"
[4:59:27 AM] [ynbjw#3] JCasper^: said "/-platescan"
[4:59:27 AM] [ynbjw#3] JCasper^: said "/-platescan"
[4:59:33 AM] [ynbjw#3] JCasper^: said "/-platescan"
[4:59:33 AM] [ynbjw#3] JCasper^: said "/-platescan"
[5:30:18 AM] txAdmin: ((Broadcast) txAdmin): said "This server is scheduled to restart in 30 minutes."
[5:45:18 AM] txAdmin: ((Broadcast) txAdmin): said "This server is scheduled to restart in 15 minutes."
[5:50:18 AM] txAdmin: ((Broadcast) txAdmin): said "This server is scheduled to restart in 10 minutes."
[5:55:18 AM] txAdmin: ((Broadcast) txAdmin): said "This server is scheduled to restart in 5 minutes."
[5:56:18 AM] txAdmin: ((Broadcast) txAdmin): said "This server is scheduled to restart in 4 minutes."
[5:57:18 AM] txAdmin: ((Broadcast) txAdmin): said "This server is scheduled to restart in 3 minutes."
[5:57:24 AM] [ynbjw#3] JCasper^: said "/-platescan"
[5:57:24 AM] [ynbjw#3] JCasper^: said "/-platescan"
[5:57:25 AM] [ynbjw#3] JCasper^: said "/-platescan"
[5:58:18 AM] txAdmin: ((Broadcast) txAdmin): said "This server is scheduled to restart in 2 minutes."
[5:58:31 AM] [ynbjw#3] JCasper^: said "/-platescan"
[5:58:32 AM] [ynbjw#3] JCasper^: said "/-platescan"
[5:59:08 AM] [ynbjw#3] JCasper^: said "/-platescan"
[5:59:10 AM] [ynbjw#3] JCasper^: said "/-platescan"
[5:59:13 AM] [ynbjw#3] JCasper^: said "/-platescan"
[5:59:17 AM] [ynbjw#3] JCasper^: said "/-platescan"
[5:59:18 AM] txAdmin: ((Broadcast) txAdmin): said "This server is scheduled to restart in 1 minute. Please disconnect now."
[5:59:19 AM] [ynbjw#3] JCasper^: said "/-platescan"
[5:59:22 AM] [ynbjw#3] JCasper^: said "/-platescan"
[5:59:22 AM] [ynbjw#3] JCasper^: said "/-platescan"
[5:59:27 AM] [ynbjw#3] JCasper^: said "/-platescan"
[5:59:28 AM] [ynbjw#3] JCasper^: said "/-platescan"
[5:59:30 AM] [ynbjw#3] JCasper^: said "/-platescan"
[5:59:30 AM] [ynbjw#3] JCasper^: said "/-platescan"
[5:59:31 AM] [ynbjw#3] JCasper^: said "/-platescan"
[5:59:32 AM] [ynbjw#3] JCasper^: said "/-platescan"
[5:59:32 AM] [ynbjw#3] JCasper^: said "/-platescan"
[5:59:33 AM] [ynbjw#3] JCasper^: said "/-platescan"
[5:59:33 AM] [ynbjw#3] JCasper^: said "/-platescan"
[5:59:34 AM] [ynbjw#3] JCasper^: said "/-platescan"
[5:59:34 AM] [ynbjw#3] JCasper^: said "/-platescan"
[5:59:34 AM] [ynbjw#3] JCasper^: said "/-platescan"
[5:59:35 AM] [ynbjw#3] JCasper^: said "/-platescan"
[5:59:35 AM] [ynbjw#3] JCasper^: said "/-platescan"
[5:59:36 AM] [ynbjw#3] JCasper^: said "/-platescan"
[5:59:37 AM] [ynbjw#3] JCasper^: said "/-platescan"
[5:59:39 AM] [ynbjw#3] JCasper^: said "/-platescan"
[5:59:40 AM] [ynbjw#3] JCasper^: said "/-platescan"
[5:59:41 AM] [ynbjw#3] JCasper^: said "/-platescan"
[5:59:48 AM] [ynbjw#3] JCasper^: said "/-platescan"
[5:59:49 AM] [ynbjw#3] JCasper^: disconnected (Disconnected.)
[5:59:49 AM] [ynbjw#3] JCasper^: said "/-platescan"
[6:00:36 AM] txAdmin: Logger started
[9:04:22 AM] [VqtM6#1] -Sk3tch: joined with identifiers [license:48043ff12bd90d0b8cd53d98a97726ee90bbc870; xbl:2535452117168309; live:1055521565662318; discord:380480863865012224; fivem:11487262; license2:a2fc45ca5c8e40e2431a7066dcc632bacf7310d2]
[9:05:22 AM] [VqtM6#1] -Sk3tch: said "/-platescan"
[9:05:25 AM] [VqtM6#1] -Sk3tch: said "/-platescan"
[9:05:27 AM] [VqtM6#1] -Sk3tch: said "/-platescan"
[9:05:29 AM] [VqtM6#1] -Sk3tch: said "/-platescan"
[9:05:48 AM] [VqtM6#1] -Sk3tch: said "/-platescan"
[9:05:54 AM] [VqtM6#1] -Sk3tch: said "/-platescan"
[9:05:54 AM] [VqtM6#1] -Sk3tch: said "/-platescan"
[9:06:10 AM] [VqtM6#1] -Sk3tch: said "/-platescan"
[9:06:10 AM] [VqtM6#1] -Sk3tch: said "/-platescan"
[9:06:41 AM] [VqtM6#1] -Sk3tch: said "/-platescan"
[9:06:42 AM] [VqtM6#1] -Sk3tch: said "/-platescan"
[9:06:43 AM] [VqtM6#1] -Sk3tch: said "/-platescan"
[9:06:44 AM] [VqtM6#1] -Sk3tch: said "/-platescan"
[9:06:51 AM] [VqtM6#1] -Sk3tch: said "/-platescan"
[9:06:52 AM] [VqtM6#1] -Sk3tch: said "/-platescan"
[9:07:24 AM] [VqtM6#1] -Sk3tch: said "/-platescan"
[9:07:25 AM] [VqtM6#1] -Sk3tch: said "/-platescan"
[9:07:26 AM] [VqtM6#1] -Sk3tch: said "/-platescan"
[9:07:35 AM] [VqtM6#1] -Sk3tch: said "/-platescan"
[9:07:36 AM] [VqtM6#1] -Sk3tch: said "/-platescan"
[9:17:12 AM] [VqtM6#1] -Sk3tch: teleported to coordinates (x=88.910, y=3743.880, z=40.770)
[9:17:56 AM] [VqtM6#1] -Sk3tch: said "/-platescan"
[9:17:57 AM] [VqtM6#1] -Sk3tch: said "/-platescan"
[9:18:00 AM] [VqtM6#1] -Sk3tch: said "/-platescan"
[9:18:02 AM] [VqtM6#1] -Sk3tch: said "/-platescan"
[9:18:05 AM] [VqtM6#1] -Sk3tch: said "/-platescan"
[9:18:12 AM] [VqtM6#1] -Sk3tch: said "/-platescan"
[9:18:52 AM] [VqtM6#1] -Sk3tch: said "/-platescan"
[9:18:55 AM] [VqtM6#1] -Sk3tch: said "/-platescan"
[9:18:57 AM] [VqtM6#1] -Sk3tch: said "/-platescan"
[9:19:00 AM] [VqtM6#1] -Sk3tch: said "/-platescan"
[9:19:39 AM] [VqtM6#1] -Sk3tch: said "/-platescan"
[9:19:59 AM] [VqtM6#1] -Sk3tch: said "/-platescan"
[9:20:00 AM] [VqtM6#1] -Sk3tch: said "/-platescan"
[9:20:01 AM] [VqtM6#1] -Sk3tch: said "/-platescan"
[9:20:01 AM] [VqtM6#1] -Sk3tch: said "/-platescan"
[9:20:04 AM] [VqtM6#1] -Sk3tch: said "/-platescan"
[9:20:22 AM] [VqtM6#1] -Sk3tch: said "/-platescan"
[9:20:23 AM] [VqtM6#1] -Sk3tch: said "/-platescan"
[9:21:39 AM] [VqtM6#1] -Sk3tch: said "/-platescan"
[9:21:39 AM] [VqtM6#1] -Sk3tch: said "/-platescan"
[9:21:48 AM] [VqtM6#1] -Sk3tch: said "/-platescan"
[9:21:48 AM] [VqtM6#1] -Sk3tch: said "/-platescan"
[9:22:00 AM] [VqtM6#1] -Sk3tch: said "/-platescan"
[9:22:01 AM] [VqtM6#1] -Sk3tch: said "/-platescan"
[9:22:01 AM] [VqtM6#1] -Sk3tch: said "/-platescan"
[9:22:07 AM] [VqtM6#1] -Sk3tch: said "/-platescan"
[9:22:09 AM] [VqtM6#1] -Sk3tch: said "/-platescan"
[9:22:10 AM] [VqtM6#1] -Sk3tch: said "/-platescan"
[9:22:15 AM] [VqtM6#1] -Sk3tch: said "/-platescan"
[9:22:15 AM] [VqtM6#1] -Sk3tch: said "/-platescan"
[9:22:31 AM] [VqtM6#1] -Sk3tch: said "/-platescan"
[9:22:32 AM] [VqtM6#1] -Sk3tch: said "/-platescan"
[9:23:24 AM] [VqtM6#1] -Sk3tch: said "/-platescan"
[9:23:24 AM] [VqtM6#1] -Sk3tch: said "/-platescan"
[9:23:27 AM] [VqtM6#1] -Sk3tch: said "/-platescan"
[9:23:28 AM] [VqtM6#1] -Sk3tch: said "/-platescan"
[9:23:28 AM] [VqtM6#1] -Sk3tch: said "/-platescan"
[9:46:02 AM] [VqtM6#1] -Sk3tch: said "/-platescan"
[9:46:06 AM] [VqtM6#1] -Sk3tch: said "/-platescan"
[9:46:07 AM] [VqtM6#1] -Sk3tch: said "/-platescan"
[9:46:33 AM] [VqtM6#1] -Sk3tch: said "/-platescan"
[9:46:33 AM] [VqtM6#1] -Sk3tch: said "/-platescan"
[9:46:39 AM] [VqtM6#1] -Sk3tch: said "/-platescan"
[9:46:40 AM] [VqtM6#1] -Sk3tch: said "/-platescan"
[9:46:50 AM] [VqtM6#1] -Sk3tch: said "/-platescan"
[9:46:50 AM] [VqtM6#1] -Sk3tch: said "/-platescan"
[9:47:00 AM] [VqtM6#1] -Sk3tch: said "/-platescan"
[9:47:01 AM] [VqtM6#1] -Sk3tch: said "/-platescan"
[9:47:04 AM] [VqtM6#1] -Sk3tch: said "/-platescan"
[9:47:04 AM] [VqtM6#1] -Sk3tch: said "/-platescan"
[9:47:14 AM] [VqtM6#1] -Sk3tch: said "/-platescan"
[9:47:15 AM] [VqtM6#1] -Sk3tch: said "/-platescan"
[9:47:23 AM] [VqtM6#1] -Sk3tch: said "/-platescan"
[9:47:23 AM] [VqtM6#1] -Sk3tch: said "/-platescan"
[9:47:30 AM] [VqtM6#1] -Sk3tch: said "/-platescan"
[9:50:07 AM] [VqtM6#1] -Sk3tch: said "/-platescan"
[9:50:07 AM] [VqtM6#1] -Sk3tch: said "/-platescan"
[9:50:26 AM] [VqtM6#1] -Sk3tch: said "/-platescan"
[9:50:27 AM] [VqtM6#1] -Sk3tch: said "/-platescan"
[9:50:27 AM] [VqtM6#1] -Sk3tch: said "/-platescan"
[9:50:27 AM] [VqtM6#1] -Sk3tch: said "/-platescan"
[9:50:35 AM] [VqtM6#1] -Sk3tch: said "/-platescan"
[9:50:36 AM] [VqtM6#1] -Sk3tch: said "/-platescan"
[9:50:42 AM] [VqtM6#1] -Sk3tch: said "/-platescan"
[9:50:42 AM] [VqtM6#1] -Sk3tch: said "/-platescan"
[9:50:49 AM] [VqtM6#1] -Sk3tch: said "/-platescan"
[9:50:49 AM] [VqtM6#1] -Sk3tch: said "/-platescan"
[9:50:50 AM] [VqtM6#1] -Sk3tch: said "/-platescan"
[9:50:56 AM] [VqtM6#1] -Sk3tch: said "/-platescan"
[9:50:56 AM] [VqtM6#1] -Sk3tch: said "/-platescan"
[9:51:02 AM] [VqtM6#1] -Sk3tch: said "/-platescan"
[9:51:02 AM] [VqtM6#1] -Sk3tch: said "/-platescan"
[9:51:19 AM] [VqtM6#1] -Sk3tch: said "/-platescan"
[9:51:19 AM] [VqtM6#1] -Sk3tch: said "/-platescan"
[9:51:19 AM] [VqtM6#1] -Sk3tch: said "/-platescan"
[9:51:24 AM] [VqtM6#1] -Sk3tch: said "/-platescan"
[9:51:24 AM] [VqtM6#1] -Sk3tch: said "/-platescan"
[9:51:31 AM] [VqtM6#1] -Sk3tch: said "/-platescan"
[9:51:31 AM] [VqtM6#1] -Sk3tch: said "/-platescan"
[9:51:35 AM] [VqtM6#1] -Sk3tch: said "/-platescan"
[9:51:36 AM] [VqtM6#1] -Sk3tch: said "/-platescan"
[9:51:41 AM] [VqtM6#1] -Sk3tch: said "/-platescan"
[9:51:42 AM] [VqtM6#1] -Sk3tch: said "/-platescan"
[9:51:49 AM] [VqtM6#1] -Sk3tch: said "/-platescan"
[9:51:49 AM] [VqtM6#1] -Sk3tch: said "/-platescan"
[10:05:56 AM] [VqtM6#1] -Sk3tch: disconnected ([txAdmin] Server restarting (requested by Sk3tchPlays).)
[10:06:15 AM] txAdmin: Logger started
[10:11:30 AM] [kcwGn#1] JCasper^: joined with identifiers [license:e877a585ff0996f661cc51a2ea1467b4bc2ed076; xbl:2535430569296258; live:844425416822082; discord:574295802713866250; fivem:1900090; license2:a3c538475ddfa54d8cb28e880eca7d2720afc2c9]
[10:18:53 AM] [kcwGn#1] JCasper^: said "/-platescan"
[10:18:53 AM] [kcwGn#1] JCasper^: said "/-platescan"
[10:18:53 AM] [kcwGn#1] JCasper^: said "/-platescan"
[10:20:05 AM] [kcwGn#1] JCasper^: said "/-platescan"
[10:20:07 AM] [kcwGn#1] JCasper^: said "/-platescan"
[10:20:07 AM] [kcwGn#1] JCasper^: said "/-platescan"
[10:21:28 AM] [kcwGn#1] JCasper^: said "/-platescan"
[10:21:29 AM] [kcwGn#1] JCasper^: said "/-platescan"
[10:21:30 AM] [kcwGn#1] JCasper^: said "/-platescan"
[10:21:31 AM] [kcwGn#1] JCasper^: said "/-platescan"
[10:21:40 AM] [kcwGn#1] JCasper^: said "/-platescan"
[10:21:44 AM] [kcwGn#1] JCasper^: said "/-platescan"
[10:21:44 AM] [kcwGn#1] JCasper^: said "/-platescan"
[10:22:22 AM] [kcwGn#1] JCasper^: said "/-platescan"
[10:22:22 AM] [kcwGn#1] JCasper^: said "/-platescan"
[10:22:54 AM] [kcwGn#1] JCasper^: said "/-platescan"
[10:22:54 AM] [kcwGn#1] JCasper^: said "/-platescan"
[10:23:30 AM] [kcwGn#1] JCasper^: said "/-platescan"
[10:23:35 AM] [kcwGn#1] JCasper^: said "/-platescan"
[10:23:35 AM] [kcwGn#1] JCasper^: said "/-platescan"
[10:25:14 AM] [kcwGn#1] JCasper^: said "/-platescan"
[10:25:15 AM] [kcwGn#1] JCasper^: said "/-platescan"
[10:25:25 AM] [kcwGn#1] JCasper^: said "/-platescan"
[10:25:26 AM] [kcwGn#1] JCasper^: said "/-platescan"
[10:25:36 AM] [kcwGn#1] JCasper^: said "/-platescan"
[10:25:37 AM] [kcwGn#1] JCasper^: said "/-platescan"
[10:25:46 AM] [kcwGn#1] JCasper^: said "/-platescan"
[10:25:47 AM] [kcwGn#1] JCasper^: said "/-platescan"
[10:25:58 AM] [kcwGn#1] JCasper^: said "/-platescan"
[10:25:58 AM] [kcwGn#1] JCasper^: said "/-platescan"
[10:26:20 AM] [kcwGn#1] JCasper^: said "/-platescan"
[10:26:21 AM] [kcwGn#1] JCasper^: said "/-platescan"
[10:26:35 AM] [kcwGn#1] JCasper^: said "/-platescan"
[10:26:35 AM] [kcwGn#1] JCasper^: said "/-platescan"
[10:26:46 AM] [kcwGn#1] JCasper^: said "/-platescan"
[10:26:46 AM] [kcwGn#1] JCasper^: said "/-platescan"
[10:26:59 AM] [kcwGn#1] JCasper^: said "/-platescan"
[10:26:59 AM] [kcwGn#1] JCasper^: said "/-platescan"
[10:27:13 AM] [kcwGn#1] JCasper^: said "/-platescan"
[10:27:14 AM] [kcwGn#1] JCasper^: said "/-platescan"
[10:27:26 AM] [kcwGn#1] JCasper^: said "/-platescan"
[10:27:26 AM] [kcwGn#1] JCasper^: said "/-platescan"
[10:27:36 AM] [kcwGn#1] JCasper^: said "/-platescan"
[10:27:36 AM] [kcwGn#1] JCasper^: said "/-platescan"
[10:27:37 AM] [kcwGn#1] JCasper^: said "/-platescan"
[10:27:47 AM] [kcwGn#1] JCasper^: said "/-platescan"
[10:27:48 AM] [kcwGn#1] JCasper^: said "/-platescan"
[10:27:59 AM] [kcwGn#1] JCasper^: said "/-platescan"
[10:27:59 AM] [kcwGn#1] JCasper^: said "/-platescan"
[10:28:11 AM] [kcwGn#1] JCasper^: said "/-platescan"
[10:28:12 AM] [kcwGn#1] JCasper^: said "/-platescan"
[10:28:21 AM] [kcwGn#1] JCasper^: said "/-platescan"
[10:28:22 AM] [kcwGn#1] JCasper^: said "/-platescan"
[10:28:29 AM] [kcwGn#1] JCasper^: said "/-platescan"
[10:28:32 AM] [kcwGn#1] JCasper^: said "/-platescan"
[10:28:43 AM] [kcwGn#1] JCasper^: said "/-platescan"
[10:28:43 AM] [kcwGn#1] JCasper^: said "/-platescan"
[10:28:54 AM] [kcwGn#1] JCasper^: said "/-platescan"
[10:28:54 AM] [kcwGn#1] JCasper^: said "/-platescan"
[10:29:07 AM] [kcwGn#1] JCasper^: said "/-platescan"
[10:29:07 AM] [kcwGn#1] JCasper^: said "/-platescan"
[10:29:20 AM] [kcwGn#1] JCasper^: said "/-platescan"
[10:29:21 AM] [kcwGn#1] JCasper^: said "/-platescan"
[10:33:21 AM] [kcwGn#1] JCasper^: said "/-platescan"
[10:33:21 AM] [kcwGn#1] JCasper^: said "/-platescan"
[10:33:34 AM] [kcwGn#1] JCasper^: said "/-platescan"
[10:33:34 AM] [kcwGn#1] JCasper^: said "/-platescan"
[10:33:35 AM] [kcwGn#1] JCasper^: said "/-platescan"
[10:33:47 AM] [kcwGn#1] JCasper^: said "/-platescan"
[10:33:48 AM] [kcwGn#1] JCasper^: said "/-platescan"
[10:33:48 AM] [kcwGn#1] JCasper^: said "/-platescan"
[10:33:48 AM] [kcwGn#1] JCasper^: said "/-platescan"
[10:33:59 AM] [kcwGn#1] JCasper^: said "/-platescan"
[10:34:00 AM] [kcwGn#1] JCasper^: said "/-platescan"
[10:34:23 AM] [kcwGn#1] JCasper^: said "/-platescan"
[10:34:24 AM] [kcwGn#1] JCasper^: said "/-platescan"
[10:34:35 AM] [kcwGn#1] JCasper^: said "/-platescan"
[10:34:36 AM] [kcwGn#1] JCasper^: said "/-platescan"
[10:34:41 AM] [kcwGn#1] JCasper^: disconnected ([txAdmin] Server restarting (requested by Sk3tchPlays).)
[10:34:59 AM] txAdmin: Logger started
[10:35:27 AM] [daFtY#1] JCasper^: joined with identifiers [license:e877a585ff0996f661cc51a2ea1467b4bc2ed076; xbl:2535430569296258; live:844425416822082; discord:574295802713866250; fivem:1900090; license2:a3c538475ddfa54d8cb28e880eca7d2720afc2c9]
[10:36:21 AM] [daFtY#2] -Sk3tch: joined with identifiers [license:48043ff12bd90d0b8cd53d98a97726ee90bbc870; xbl:2535452117168309; live:1055521565662318; discord:380480863865012224; fivem:11487262; license2:a2fc45ca5c8e40e2431a7066dcc632bacf7310d2]
[10:36:22 AM] [daFtY#1] JCasper^: said "/-platescan"
[10:36:22 AM] [daFtY#1] JCasper^: said "/-platescan"
[10:36:33 AM] [daFtY#1] JCasper^: said "/-platescan"
[10:36:34 AM] [daFtY#1] JCasper^: said "/-platescan"
[10:36:34 AM] [daFtY#1] JCasper^: said "/-platescan"
[10:36:44 AM] [daFtY#1] JCasper^: said "/-platescan"
[10:36:45 AM] [daFtY#1] JCasper^: said "/-platescan"
[10:36:59 AM] [daFtY#1] JCasper^: said "/-platescan"
[10:36:59 AM] [daFtY#1] JCasper^: said "/-platescan"
[10:37:12 AM] [daFtY#1] JCasper^: said "/-platescan"
[10:37:12 AM] [daFtY#1] JCasper^: said "/-platescan"
[10:37:12 AM] [daFtY#1] JCasper^: said "/-platescan"
[10:55:20 AM] [daFtY#1] JCasper^: said "/-platescan"
[10:55:20 AM] [daFtY#1] JCasper^: said "/-platescan"
[10:55:49 AM] [daFtY#1] JCasper^: said "/-platescan"
[10:55:49 AM] [daFtY#1] JCasper^: said "/-platescan"
[10:56:15 AM] [daFtY#1] JCasper^: said "/-platescan"
[10:56:15 AM] [daFtY#1] JCasper^: said "/-platescan"
[10:56:28 AM] [daFtY#1] JCasper^: said "/-platescan"
[10:56:30 AM] [daFtY#1] JCasper^: said "/-platescan"
[10:59:01 AM] [daFtY#1] JCasper^: said "/-platescan"
[10:59:02 AM] [daFtY#1] JCasper^: said "/-platescan"
[10:59:13 AM] [daFtY#1] JCasper^: said "/-platescan"
[10:59:14 AM] [daFtY#1] JCasper^: said "/-platescan"
[10:59:16 AM] [daFtY#1] JCasper^: said "/-platescan"
[10:59:16 AM] [daFtY#1] JCasper^: said "/-platescan"
[10:59:17 AM] [daFtY#1] JCasper^: said "/-platescan"
[10:59:25 AM] [daFtY#1] JCasper^: said "/-platescan"
[10:59:34 AM] [daFtY#1] JCasper^: said "/-platescan"
[10:59:36 AM] [daFtY#1] JCasper^: said "/-platescan"
[10:59:36 AM] [daFtY#1] JCasper^: said "/-platescan"
[10:59:37 AM] [daFtY#1] JCasper^: said "/-platescan"
[10:59:45 AM] [daFtY#1] JCasper^: said "/-platescan"
[10:59:47 AM] [daFtY#1] JCasper^: said "/-platescan"
[10:59:48 AM] [daFtY#1] JCasper^: said "/-platescan"
[10:59:49 AM] [daFtY#1] JCasper^: said "/-platescan"
[11:00:06 AM] [daFtY#1] JCasper^: said "/-platescan"
[11:00:06 AM] [daFtY#1] JCasper^: said "/-platescan"
[11:00:12 AM] [daFtY#1] JCasper^: said "/-platescan"
[11:00:18 AM] [daFtY#1] JCasper^: said "/-platescan"
[11:00:18 AM] [daFtY#1] JCasper^: said "/-platescan"
[11:07:36 AM] [daFtY#1] JCasper^: said "/-platescan"
[11:07:37 AM] [daFtY#1] JCasper^: said "/-platescan"
[11:07:49 AM] [daFtY#1] JCasper^: said "/-platescan"
[11:07:49 AM] [daFtY#1] JCasper^: said "/-platescan"
[11:08:01 AM] [daFtY#1] JCasper^: said "/-platescan"
[11:08:02 AM] [daFtY#1] JCasper^: said "/-platescan"
[11:08:02 AM] [daFtY#1] JCasper^: said "/-platescan"
[11:08:02 AM] [daFtY#1] JCasper^: said "/-platescan"
[11:08:14 AM] [daFtY#1] JCasper^: said "/-platescan"
[11:08:15 AM] [daFtY#1] JCasper^: said "/-platescan"
[11:08:27 AM] [daFtY#1] JCasper^: said "/-platescan"
[11:08:27 AM] [daFtY#1] JCasper^: said "/-platescan"
[11:08:38 AM] [daFtY#1] JCasper^: said "/-platescan"
[11:08:39 AM] [daFtY#1] JCasper^: said "/-platescan"
[11:08:50 AM] [daFtY#1] JCasper^: said "/-platescan"
[11:08:50 AM] [daFtY#1] JCasper^: said "/-platescan"
[11:08:56 AM] [daFtY#1] JCasper^: said "/-platescan"
[11:09:02 AM] [daFtY#1] JCasper^: said "/-platescan"
[11:09:10 AM] [daFtY#1] JCasper^: said "/-platescan"
[11:09:13 AM] [daFtY#1] JCasper^: said "/-platescan"
[11:09:13 AM] [daFtY#1] JCasper^: said "/-platescan"
[11:09:14 AM] [daFtY#1] JCasper^: said "/-platescan"
[11:09:23 AM] [daFtY#1] JCasper^: said "/-platescan"
[11:09:25 AM] [daFtY#1] JCasper^: said "/-platescan"
[11:09:37 AM] [daFtY#1] JCasper^: said "/-platescan"
[11:09:38 AM] [daFtY#1] JCasper^: said "/-platescan"
[11:09:57 AM] [daFtY#1] JCasper^: said "/-platescan"
[11:09:57 AM] [daFtY#1] JCasper^: said "/-platescan"
[11:10:14 AM] [daFtY#1] JCasper^: said "/-platescan"
[11:10:14 AM] [daFtY#1] JCasper^: said "/-platescan"
[11:10:21 AM] [daFtY#1] JCasper^: said "/-platescan"
[11:10:26 AM] [daFtY#1] JCasper^: said "/-platescan"
[11:10:30 AM] [daFtY#1] JCasper^: said "/-platescan"
[11:10:37 AM] [daFtY#1] JCasper^: said "/-platescan"
[11:10:38 AM] [daFtY#1] JCasper^: said "/-platescan"
[11:10:45 AM] [daFtY#1] JCasper^: said "/-platescan"
[11:10:49 AM] [daFtY#1] JCasper^: said "/-platescan"
[11:10:50 AM] [daFtY#1] JCasper^: said "/-platescan"
[11:10:50 AM] [daFtY#1] JCasper^: said "/-platescan"
[11:10:50 AM] [daFtY#1] JCasper^: said "/-platescan"
[11:11:00 AM] [daFtY#1] JCasper^: said "/-platescan"
[11:11:02 AM] [daFtY#1] JCasper^: said "/-platescan"
[11:11:03 AM] [daFtY#1] JCasper^: said "/-platescan"
[11:11:03 AM] [daFtY#1] JCasper^: said "/-platescan"
[11:11:13 AM] [daFtY#1] JCasper^: said "/-platescan"
[11:11:14 AM] [daFtY#1] JCasper^: said "/-platescan"
[11:11:24 AM] [daFtY#1] JCasper^: said "/-platescan"
[11:11:26 AM] [daFtY#1] JCasper^: said "/-platescan"
[11:11:27 AM] [daFtY#1] JCasper^: said "/-platescan"
[11:11:37 AM] [daFtY#1] JCasper^: said "/-platescan"
[11:11:38 AM] [daFtY#1] JCasper^: said "/-platescan"
[11:11:38 AM] [daFtY#1] JCasper^: said "/-platescan"
[11:11:49 AM] [daFtY#1] JCasper^: said "/-platescan"
[11:11:50 AM] [daFtY#1] JCasper^: said "/-platescan"
[11:12:00 AM] [daFtY#1] JCasper^: said "/-platescan"
[11:12:02 AM] [daFtY#1] JCasper^: said "/-platescan"
[11:12:09 AM] [daFtY#1] JCasper^: said "/-platescan"
[11:12:13 AM] [daFtY#1] JCasper^: said "/-platescan"
[11:12:13 AM] [daFtY#1] JCasper^: said "/-platescan"
[11:12:14 AM] [daFtY#1] JCasper^: said "/-platescan"
[11:12:14 AM] [daFtY#1] JCasper^: said "/-platescan"
[11:12:22 AM] [daFtY#1] JCasper^: said "/-platescan"
[11:12:22 AM] [daFtY#1] JCasper^: said "/-platescan"
[11:12:33 AM] [daFtY#1] JCasper^: said "/-platescan"
[11:12:34 AM] [daFtY#1] JCasper^: said "/-platescan"
[11:12:46 AM] [daFtY#1] JCasper^: said "/-platescan"
[11:12:46 AM] [daFtY#1] JCasper^: said "/-platescan"
[11:12:56 AM] [daFtY#1] JCasper^: said "/-platescan"
[11:12:57 AM] [daFtY#1] JCasper^: said "/-platescan"
[11:13:04 AM] [daFtY#1] JCasper^: said "/-platescan"
[11:13:09 AM] [daFtY#1] JCasper^: said "/-platescan"
[11:13:21 AM] [daFtY#1] JCasper^: said "/-platescan"
[11:13:22 AM] [daFtY#1] JCasper^: said "/-platescan"
[11:13:24 AM] [daFtY#1] JCasper^: said "/-platescan"
[11:13:25 AM] [daFtY#1] JCasper^: said "/-platescan"
[11:13:26 AM] [daFtY#1] JCasper^: said "/-platescan"
[11:13:27 AM] [daFtY#1] JCasper^: said "/-platescan"
[11:13:28 AM] [daFtY#1] JCasper^: said "/-platescan"
[11:13:28 AM] [daFtY#1] JCasper^: said "/-platescan"
[11:13:28 AM] [daFtY#1] JCasper^: said "/-platescan"
[11:13:29 AM] [daFtY#1] JCasper^: said "/-platescan"
[11:15:54 AM] [daFtY#1] JCasper^: said "/-platescan"
[11:15:55 AM] [daFtY#1] JCasper^: said "/-platescan"
[11:16:18 AM] [daFtY#1] JCasper^: said "/-platescan"
[11:16:25 AM] [daFtY#1] JCasper^: said "/-platescan"
[11:16:25 AM] [daFtY#1] JCasper^: said "/-platescan"
[11:18:21 AM] [daFtY#1] JCasper^: said "/-platescan"
[11:18:21 AM] [daFtY#1] JCasper^: said "/-platescan"
[11:18:46 AM] [daFtY#1] JCasper^: said "/-platescan"
[11:18:46 AM] [daFtY#1] JCasper^: said "/-platescan"
[11:19:26 AM] [daFtY#1] JCasper^: said "/-platescan"
[11:19:26 AM] [daFtY#1] JCasper^: said "/-platescan"
[11:20:22 AM] [daFtY#1] JCasper^: said "/-platescan"
[11:20:25 AM] [daFtY#1] JCasper^: said "/-platescan"
[11:20:25 AM] [daFtY#1] JCasper^: said "/-platescan"
[11:24:26 AM] [daFtY#1] JCasper^: said "/-platescan"
[11:24:27 AM] [daFtY#1] JCasper^: said "/-platescan"
[11:24:43 AM] [daFtY#1] JCasper^: said "/-platescan"
[11:24:44 AM] [daFtY#1] JCasper^: said "/-platescan"
[11:24:45 AM] [daFtY#1] JCasper^: said "/-platescan"
[11:24:59 AM] [daFtY#1] JCasper^: said "/-platescan"
[11:25:00 AM] [daFtY#1] JCasper^: said "/-platescan"
[11:27:36 AM] [daFtY#1] JCasper^: said "/-platescan"
[11:27:39 AM] [daFtY#1] JCasper^: said "/-platescan"
[11:27:39 AM] [daFtY#1] JCasper^: said "/-platescan"
[11:28:54 AM] [daFtY#1] JCasper^: said "/-platescan"
[11:28:55 AM] [daFtY#1] JCasper^: said "/-platescan"
[11:28:59 AM] [daFtY#1] JCasper^: said "/-platescan"
[11:28:59 AM] [daFtY#1] JCasper^: said "/-platescan"
[11:29:00 AM] [daFtY#1] JCasper^: said "/-platescan"
[11:29:00 AM] [daFtY#1] JCasper^: said "/-platescan"
[11:29:01 AM] [daFtY#1] JCasper^: said "/-platescan"
[11:29:01 AM] [daFtY#1] JCasper^: said "/-platescan"
[11:29:01 AM] [daFtY#1] JCasper^: said "/-platescan"
[11:29:02 AM] [daFtY#1] JCasper^: said "/-platescan"
[11:29:06 AM] [daFtY#1] JCasper^: said "/-platescan"
[11:29:06 AM] [daFtY#1] JCasper^: said "/-platescan"
[11:29:13 AM] [daFtY#1] JCasper^: said "/-platescan"
[11:29:15 AM] [daFtY#1] JCasper^: said "/-platescan"
[11:29:15 AM] [daFtY#1] JCasper^: said "/-platescan"
[11:30:23 AM] txAdmin: ((Broadcast) txAdmin): said "This server is scheduled to restart in 30 minutes."
[11:30:45 AM] [daFtY#1] JCasper^: said "/-platescan"
[11:30:45 AM] [daFtY#1] JCasper^: said "/-platescan"
[11:30:59 AM] [daFtY#1] JCasper^: said "/-platescan"
[11:30:59 AM] [daFtY#1] JCasper^: said "/-platescan"
[11:31:03 AM] [daFtY#1] JCasper^: said "/-platescan"
[11:31:03 AM] [daFtY#1] JCasper^: said "/-platescan"
[11:31:04 AM] [daFtY#1] JCasper^: said "/-platescan"
[11:31:04 AM] [daFtY#1] JCasper^: said "/-platescan"
[11:31:05 AM] [daFtY#1] JCasper^: said "/-platescan"
[11:31:05 AM] [daFtY#1] JCasper^: said "/-platescan"
[11:34:49 AM] [daFtY#1] JCasper^: said "/-platescan"
[11:34:49 AM] [daFtY#1] JCasper^: said "/-platescan"
[11:34:50 AM] [daFtY#1] JCasper^: said "/-platescan"
[11:34:50 AM] [daFtY#1] JCasper^: said "/-platescan"
[11:35:29 AM] [daFtY#1] JCasper^: said "/-answer"
[11:35:33 AM] [daFtY#1] JCasper^: said "/-platescan"
[11:35:35 AM] [daFtY#1] JCasper^: said "/-platescan"
[11:35:36 AM] [daFtY#1] JCasper^: said "/-platescan"
[11:35:40 AM] [daFtY#1] JCasper^: said "/-platescan"
[11:35:40 AM] [daFtY#1] JCasper^: said "/-platescan"
[11:35:41 AM] [daFtY#1] JCasper^: said "/-platescan"
[11:35:44 AM] [daFtY#1] JCasper^: said "/-platescan"
[11:35:46 AM] [daFtY#1] JCasper^: said "/-platescan"
[11:35:47 AM] [daFtY#1] JCasper^: said "/-platescan"
[11:35:51 AM] [daFtY#1] JCasper^: said "/-platescan"
[11:35:51 AM] [daFtY#1] JCasper^: said "/-platescan"
[11:35:52 AM] [daFtY#1] JCasper^: said "/-platescan"
[11:35:53 AM] [daFtY#1] JCasper^: said "/-platescan"
[11:35:54 AM] [daFtY#1] JCasper^: said "/-platescan"
[11:35:54 AM] [daFtY#1] JCasper^: said "/-platescan"
[11:35:55 AM] [daFtY#1] JCasper^: said "/-platescan"
[11:35:56 AM] [daFtY#1] JCasper^: said "/-platescan"
[11:35:56 AM] [daFtY#1] JCasper^: said "/-platescan"
[11:35:58 AM] [daFtY#1] JCasper^: said "/-platescan"
[11:36:24 AM] [daFtY#1] JCasper^: said "/-platescan"
[11:38:19 AM] [daFtY#1] JCasper^: said "/-platescan"
[11:38:19 AM] [daFtY#1] JCasper^: said "/-platescan"
[11:39:14 AM] [daFtY#1] JCasper^: said "/-platescan"
[11:39:15 AM] [daFtY#1] JCasper^: said "/-platescan"
[11:39:16 AM] [daFtY#1] JCasper^: said "/-platescan"
[11:39:17 AM] [daFtY#1] JCasper^: said "/-platescan"
[11:39:43 AM] [daFtY#2] -Sk3tch: said "/-platescan"
[11:39:45 AM] [daFtY#2] -Sk3tch: said "/-platescan"
[11:39:46 AM] [daFtY#2] -Sk3tch: said "/-platescan"
[11:39:48 AM] [daFtY#2] -Sk3tch: said "/-platescan"
[11:39:49 AM] [daFtY#2] -Sk3tch: said "/-platescan"
[11:40:09 AM] [daFtY#2] -Sk3tch: said "/-platescan"
[11:40:09 AM] [daFtY#2] -Sk3tch: said "/-platescan"
[11:41:54 AM] [daFtY#2] -Sk3tch: said "/-platescan"
[11:41:54 AM] [daFtY#2] -Sk3tch: said "/-platescan"
[11:44:29 AM] [daFtY#2] -Sk3tch: said "/-platescan"
[11:44:37 AM] [daFtY#2] -Sk3tch: said "/-platescan"
[11:44:45 AM] [daFtY#2] -Sk3tch: said "/-platescan"
[11:44:45 AM] [daFtY#2] -Sk3tch: said "/-platescan"
[11:44:45 AM] [daFtY#2] -Sk3tch: said "/-platescan"
[11:45:24 AM] txAdmin: ((Broadcast) txAdmin): said "This server is scheduled to restart in 15 minutes."
[11:45:24 AM] [daFtY#2] -Sk3tch: teleported to coordinates (x=448.150, y=-1017.400, z=22.960)
[11:45:29 AM] [daFtY#2] -Sk3tch: enabled noclip
[11:45:37 AM] [daFtY#2] -Sk3tch: became mortal (standard mode)
[11:45:58 AM] [daFtY#1] JCasper^: said "/-platescan"
[11:46:02 AM] [daFtY#1] JCasper^: said "/-platescan"
[11:46:10 AM] [daFtY#1] JCasper^: said "/-platescan"
[11:46:28 AM] [daFtY#1] JCasper^: said "/-platescan"
[11:46:30 AM] [daFtY#1] JCasper^: said "/-platescan"
[11:46:45 AM] [daFtY#1] JCasper^: said "/-platescan"
[11:46:46 AM] [daFtY#1] JCasper^: said "/-platescan"
[11:47:09 AM] [daFtY#1] JCasper^: disconnected (Exiting)
[11:50:24 AM] txAdmin: ((Broadcast) txAdmin): said "This server is scheduled to restart in 10 minutes."
[11:52:29 AM] [daFtY#2] -Sk3tch: said "/-platescan"
[11:55:24 AM] txAdmin: ((Broadcast) txAdmin): said "This server is scheduled to restart in 5 minutes."
[11:56:24 AM] txAdmin: ((Broadcast) txAdmin): said "This server is scheduled to restart in 4 minutes."
[11:56:42 AM] [daFtY#2] -Sk3tch: died from suicide (Falling)
[11:57:24 AM] txAdmin: ((Broadcast) txAdmin): said "This server is scheduled to restart in 3 minutes."
[11:58:24 AM] txAdmin: ((Broadcast) txAdmin): said "This server is scheduled to restart in 2 minutes."
[11:59:24 AM] txAdmin: ((Broadcast) txAdmin): said "This server is scheduled to restart in 1 minute. Please disconnect now."
[12:00:24 PM] [daFtY#2] -Sk3tch: disconnected ([txAdmin] Server restarting (scheduled restart at 12:00).)
[12:00:42 PM] txAdmin: Logger started
[12:06:27 PM] [Mt6d9#1] -Sk3tch: joined with identifiers [license:48043ff12bd90d0b8cd53d98a97726ee90bbc870; xbl:2535452117168309; live:1055521565662318; discord:380480863865012224; fivem:11487262; license2:a2fc45ca5c8e40e2431a7066dcc632bacf7310d2]
[12:08:19 PM] [Mt6d9#2] JCasper^: joined with identifiers [license:e877a585ff0996f661cc51a2ea1467b4bc2ed076; xbl:2535430569296258; live:844425416822082; discord:574295802713866250; fivem:1900090; license2:a3c538475ddfa54d8cb28e880eca7d2720afc2c9]
[12:09:06 PM] [Mt6d9#2] JCasper^: said "/-platescan"
[12:09:11 PM] [Mt6d9#2] JCasper^: said "/-platescan"
[12:09:11 PM] [Mt6d9#2] JCasper^: said "/-platescan"
[12:09:11 PM] [Mt6d9#2] JCasper^: said "/-platescan"
[12:09:12 PM] [Mt6d9#2] JCasper^: said "/-platescan"
[12:09:47 PM] [Mt6d9#1] -Sk3tch: disconnected (Exiting)
[12:11:05 PM] [Mt6d9#2] JCasper^: said "/-platescan"
[12:11:05 PM] [Mt6d9#2] JCasper^: said "/-platescan"
[12:13:06 PM] [Mt6d9#3] -Sk3tch: joined with identifiers [license:48043ff12bd90d0b8cd53d98a97726ee90bbc870; xbl:2535452117168309; live:1055521565662318; discord:380480863865012224; fivem:11487262; license2:a2fc45ca5c8e40e2431a7066dcc632bacf7310d2]
[12:14:54 PM] [Mt6d9#3] -Sk3tch: said "/-platescan"
[12:15:29 PM] [Mt6d9#3] -Sk3tch: said "/-platescan"
[12:16:01 PM] [Mt6d9#3] -Sk3tch: said "/-platescan"
[12:16:02 PM] [Mt6d9#3] -Sk3tch: said "/-platescan"
[12:17:07 PM] [Mt6d9#3] -Sk3tch: said "/-platescan"
[12:17:28 PM] [Mt6d9#2] JCasper^: said "/-platescan"
[12:20:12 PM] [Mt6d9#2] JCasper^: said "/givekey"
[12:20:15 PM] [Mt6d9#2] JCasper^: said "/givekey"
[12:21:02 PM] [Mt6d9#3] -Sk3tch: said "/-platescan"
[12:21:05 PM] [Mt6d9#3] -Sk3tch: said "/-platescan"
[12:21:06 PM] [Mt6d9#3] -Sk3tch: said "/-platescan"
[12:21:07 PM] [Mt6d9#3] -Sk3tch: said "/-platescan"
[12:21:09 PM] [Mt6d9#3] -Sk3tch: said "/-platescan"
[12:21:13 PM] [Mt6d9#3] -Sk3tch: said "/-platescan"
[12:21:14 PM] [Mt6d9#3] -Sk3tch: said "/-platescan"
[12:23:13 PM] [Mt6d9#2] JCasper^: said "/-platescan"
[12:23:14 PM] [Mt6d9#2] JCasper^: said "/-platescan"
[12:23:17 PM] [Mt6d9#2] JCasper^: said "/-platescan"
[12:23:22 PM] [Mt6d9#2] JCasper^: said "/-platescan"
[12:23:23 PM] [Mt6d9#3] -Sk3tch: said "/-answer"
[12:23:29 PM] [Mt6d9#3] -Sk3tch: said "/-answer"
[12:23:45 PM] [Mt6d9#2] JCasper^: said "/-platescan"
[12:23:47 PM] [Mt6d9#2] JCasper^: said "/-platescan"
[12:23:48 PM] [Mt6d9#2] JCasper^: said "/-platescan"
[12:23:50 PM] [Mt6d9#2] JCasper^: said "/-platescan"
[12:23:50 PM] [Mt6d9#2] JCasper^: said "/-platescan"
[12:23:51 PM] [Mt6d9#2] JCasper^: said "/-platescan"
[12:23:54 PM] [Mt6d9#2] JCasper^: said "/-platescan"
[12:23:57 PM] [Mt6d9#2] JCasper^: said "/-platescan"
[12:23:58 PM] [Mt6d9#2] JCasper^: said "/-platescan"
[12:23:58 PM] [Mt6d9#2] JCasper^: said "/-platescan"
[12:23:58 PM] [Mt6d9#3] -Sk3tch: said "/-platescan"
[12:24:00 PM] [Mt6d9#3] -Sk3tch: said "/-platescan"
[12:24:01 PM] [Mt6d9#2] JCasper^: said "/-platescan"
[12:24:01 PM] [Mt6d9#3] -Sk3tch: said "/-platescan"
[12:24:02 PM] [Mt6d9#3] -Sk3tch: said "/-platescan"
[12:24:04 PM] [Mt6d9#3] -Sk3tch: said "/-platescan"
[12:24:05 PM] [Mt6d9#3] -Sk3tch: said "/-platescan"
[12:24:08 PM] [Mt6d9#2] JCasper^: said "/-platescan"
[12:24:16 PM] [Mt6d9#2] JCasper^: said "/-platescan"
[12:24:21 PM] [Mt6d9#2] JCasper^: said "/-platescan"
[12:25:35 PM] [Mt6d9#3] -Sk3tch: repaired their vehicle
[12:25:45 PM] [Mt6d9#2] JCasper^: said "/-platescan"
[12:27:19 PM] [Mt6d9#2] JCasper^: said "/-platescan"
[12:27:20 PM] [Mt6d9#2] JCasper^: said "/-platescan"
[12:27:21 PM] [Mt6d9#2] JCasper^: said "/-platescan"
[12:27:24 PM] [Mt6d9#2] JCasper^: said "/-platescan"
[12:27:25 PM] [Mt6d9#2] JCasper^: said "/-platescan"
[12:27:25 PM] [Mt6d9#2] JCasper^: said "/-platescan"
[12:27:27 PM] [Mt6d9#2] JCasper^: said "/-platescan"
[12:27:28 PM] [Mt6d9#2] JCasper^: said "/-platescan"
[12:28:35 PM] [Mt6d9#2] JCasper^: said "/-platescan"
[12:28:36 PM] [Mt6d9#2] JCasper^: said "/-platescan"
[12:29:12 PM] [Mt6d9#2] JCasper^: said "/-platescan"
[12:29:13 PM] [Mt6d9#2] JCasper^: said "/-platescan"
[12:29:24 PM] [Mt6d9#3] -Sk3tch: said "/-answer"
[12:30:14 PM] [Mt6d9#2] JCasper^: said "/-platescan"
[12:30:15 PM] [Mt6d9#2] JCasper^: said "/-platescan"
[12:32:28 PM] [Mt6d9#2] JCasper^: said "/-platescan"
[12:32:30 PM] [Mt6d9#2] JCasper^: said "/-platescan"
[12:33:04 PM] [Mt6d9#2] JCasper^: said "/-platescan"
[12:33:05 PM] [Mt6d9#2] JCasper^: said "/-platescan"
[12:34:26 PM] [Mt6d9#2] JCasper^: said "/-platescan"
[12:34:27 PM] [Mt6d9#2] JCasper^: said "/-platescan"
[12:34:28 PM] [Mt6d9#2] JCasper^: said "/-platescan"
[12:34:28 PM] [Mt6d9#2] JCasper^: said "/-platescan"
[12:35:18 PM] [Mt6d9#2] JCasper^: said "/-platescan"
[12:35:19 PM] [Mt6d9#2] JCasper^: said "/-platescan"
[12:39:41 PM] [Mt6d9#2] JCasper^: said "/-platescan"
[12:39:42 PM] [Mt6d9#2] JCasper^: said "/-platescan"
[12:40:09 PM] [Mt6d9#2] JCasper^: said "/-platescan"
[12:40:09 PM] [Mt6d9#2] JCasper^: said "/-platescan"
[12:40:09 PM] [Mt6d9#2] JCasper^: said "/-platescan"
[12:43:31 PM] [Mt6d9#3] -Sk3tch: said "/-platescan"
[12:43:53 PM] [Mt6d9#3] -Sk3tch: boosted their vehicle
[12:44:03 PM] [Mt6d9#2] JCasper^: died from suicide (Falling)
[12:49:26 PM] [Mt6d9#4] Barb: joined with identifiers [license:63ece83bec31d86f0787a776378cb3bd987aa3d1; discord:302865640111472640; fivem:1871334; license2:4613851b390c5b23eef5f33d537710bcb3e3bec7]
[12:52:39 PM] [Mt6d9#4] Barb: said "/-platescan"
[12:54:13 PM] [Mt6d9#4] Barb: said "/admina"
[12:54:16 PM] [Mt6d9#4] Barb: said "/admina"
[12:54:43 PM] [Mt6d9#3] -Sk3tch: disconnected (Game crashed: GTA5_b2802.exe!sub_141385264 (0x89))
[12:55:14 PM] [Mt6d9#4] Barb: said "/-platescan"
[12:55:23 PM] [Mt6d9#5] -Sk3tch: joined with identifiers [license:48043ff12bd90d0b8cd53d98a97726ee90bbc870; xbl:2535452117168309; live:1055521565662318; discord:380480863865012224; fivem:11487262; license2:a2fc45ca5c8e40e2431a7066dcc632bacf7310d2]
[12:56:48 PM] [Mt6d9#5] -Sk3tch: said "/-platescan"
[12:56:49 PM] [Mt6d9#5] -Sk3tch: said "/-platescan"
[12:56:52 PM] [Mt6d9#2] JCasper^: died from suicide (Falling)
[12:57:37 PM] [Mt6d9#2] JCasper^: died from suicide (Falling)
[1:01:18 PM] [Mt6d9#5] -Sk3tch: repaired their vehicle
[1:02:43 PM] [Mt6d9#2] JCasper^: said "/admin'"
[1:03:30 PM] [Mt6d9#5] -Sk3tch: repaired their vehicle
[1:03:55 PM] [Mt6d9#5] -Sk3tch: died from suicide (Falling)
[1:10:31 PM] [Mt6d9#5] -Sk3tch: said "/-platescan"
[1:10:32 PM] [Mt6d9#5] -Sk3tch: said "/-platescan"
[1:10:33 PM] [Mt6d9#5] -Sk3tch: said "/-platescan"
[1:11:38 PM] [Mt6d9#5] -Sk3tch: said "/-platescan"
[1:11:38 PM] [Mt6d9#5] -Sk3tch: said "/-platescan"
[1:12:32 PM] [Mt6d9#5] -Sk3tch: said "/-platescan"
[1:12:32 PM] [Mt6d9#5] -Sk3tch: said "/-platescan"
[1:12:57 PM] [Mt6d9#5] -Sk3tch: said "/-platescan"
[1:12:57 PM] [Mt6d9#5] -Sk3tch: said "/-platescan"
[1:12:57 PM] [Mt6d9#5] -Sk3tch: said "/-platescan"
[1:13:29 PM] [Mt6d9#5] -Sk3tch: said "/-platescan"
[1:13:29 PM] [Mt6d9#5] -Sk3tch: said "/-platescan"
[1:13:29 PM] [Mt6d9#5] -Sk3tch: said "/-platescan"
[1:14:27 PM] [Mt6d9#5] -Sk3tch: said "/-platescan"
[1:14:27 PM] [Mt6d9#5] -Sk3tch: said "/-platescan"
[1:15:09 PM] [Mt6d9#5] -Sk3tch: said "/-platescan"
[1:15:10 PM] [Mt6d9#5] -Sk3tch: said "/-platescan"
[1:15:14 PM] [Mt6d9#5] -Sk3tch: said "/-platescan"
[1:16:25 PM] [Mt6d9#5] -Sk3tch: said "/-platescan"
[1:16:28 PM] [Mt6d9#5] -Sk3tch: said "/-platescan"
[1:16:30 PM] [Mt6d9#5] -Sk3tch: said "/-platescan"
[1:16:36 PM] [Mt6d9#5] -Sk3tch: said "/-platescan"
[1:16:37 PM] [Mt6d9#5] -Sk3tch: said "/-platescan"
[1:16:38 PM] [Mt6d9#5] -Sk3tch: said "/-platescan"
[1:16:40 PM] [Mt6d9#5] -Sk3tch: said "/-platescan"
[1:16:40 PM] [Mt6d9#5] -Sk3tch: said "/-platescan"
[1:16:58 PM] [Mt6d9#5] -Sk3tch: said "/-platescan"
[1:16:59 PM] [Mt6d9#5] -Sk3tch: said "/-platescan"
[1:17:00 PM] [Mt6d9#5] -Sk3tch: said "/-platescan"
[1:17:03 PM] [Mt6d9#5] -Sk3tch: said "/-platescan"
[1:17:04 PM] [Mt6d9#5] -Sk3tch: said "/-platescan"
[1:17:11 PM] [Mt6d9#5] -Sk3tch: said "/-platescan"
[1:17:19 PM] [Mt6d9#5] -Sk3tch: healed themself
[1:17:53 PM] [Mt6d9#5] -Sk3tch: repaired their vehicle
[1:19:18 PM] [Mt6d9#5] -Sk3tch: repaired their vehicle
[1:20:53 PM] [Mt6d9#5] -Sk3tch: said "/-platescan"
[1:20:53 PM] [Mt6d9#5] -Sk3tch: said "/-platescan"
[1:20:54 PM] [Mt6d9#5] -Sk3tch: said "/-platescan"
[1:20:55 PM] [Mt6d9#5] -Sk3tch: said "/-platescan"
[1:20:55 PM] [Mt6d9#5] -Sk3tch: said "/-platescan"
[1:20:56 PM] [Mt6d9#5] -Sk3tch: said "/-platescan"
[1:20:59 PM] [Mt6d9#5] -Sk3tch: said "/-platescan"
[1:21:00 PM] [Mt6d9#5] -Sk3tch: said "/-platescan"
[1:21:01 PM] [Mt6d9#5] -Sk3tch: said "/-platescan"
[1:23:35 PM] [Mt6d9#4] Barb: died from unknown by -Sk3tch
[1:23:37 PM] [Mt6d9#5] -Sk3tch: said "/-platescan"
[1:23:48 PM] [Mt6d9#2] JCasper^: said "/-decline"
[1:23:49 PM] [Mt6d9#2] JCasper^: said "/-decline"
[1:24:40 PM] [Mt6d9#5] -Sk3tch: said "/-platescan"
[1:24:46 PM] [Mt6d9#5] -Sk3tch: said "/-platescan"
[1:24:46 PM] [Mt6d9#5] -Sk3tch: said "/-platescan"
[1:24:46 PM] [Mt6d9#5] -Sk3tch: said "/-platescan"
[1:24:46 PM] [Mt6d9#5] -Sk3tch: said "/-platescan"
[1:24:48 PM] [Mt6d9#5] -Sk3tch: said "/-platescan"
[1:24:48 PM] [Mt6d9#5] -Sk3tch: said "/-platescan"
[1:24:57 PM] [Mt6d9#5] -Sk3tch: said "/-platescan"
[1:24:57 PM] [Mt6d9#5] -Sk3tch: said "/-platescan"
[1:24:57 PM] [Mt6d9#5] -Sk3tch: said "/-platescan"
[1:24:59 PM] [Mt6d9#5] -Sk3tch: said "/-platescan"
[1:24:59 PM] [Mt6d9#5] -Sk3tch: said "/-platescan"
[1:25:33 PM] [Mt6d9#5] -Sk3tch: said "/-platescan"
[1:25:57 PM] [Mt6d9#5] -Sk3tch: said "/-platescan"
[1:25:58 PM] [Mt6d9#5] -Sk3tch: said "/-platescan"
[1:25:58 PM] [Mt6d9#5] -Sk3tch: said "/-platescan"
[1:25:59 PM] [Mt6d9#5] -Sk3tch: said "/-platescan"
[1:25:59 PM] [Mt6d9#5] -Sk3tch: said "/-platescan"
[1:25:59 PM] [Mt6d9#5] -Sk3tch: said "/-platescan"
[1:26:10 PM] [Mt6d9#5] -Sk3tch: said "/-platescan"
[1:26:10 PM] [Mt6d9#5] -Sk3tch: said "/-platescan"
[1:26:11 PM] [Mt6d9#5] -Sk3tch: said "/-platescan"
[1:26:11 PM] [Mt6d9#5] -Sk3tch: said "/-platescan"
[1:26:12 PM] [Mt6d9#5] -Sk3tch: said "/-platescan"
[1:26:13 PM] [Mt6d9#5] -Sk3tch: said "/-platescan"
[1:27:32 PM] [Mt6d9#5] -Sk3tch: said "/-platescan"
[1:31:16 PM] [Mt6d9#2] JCasper^: caused an explosion (CAR)
[1:32:31 PM] [Mt6d9#5] -Sk3tch: said "/-platescan"
[1:32:37 PM] [Mt6d9#5] -Sk3tch: said "/-platescan"
[1:32:39 PM] [Mt6d9#5] -Sk3tch: said "/-platescan"
[1:32:42 PM] [Mt6d9#5] -Sk3tch: said "/-platescan"
[1:32:42 PM] [Mt6d9#5] -Sk3tch: said "/-platescan"
[1:32:43 PM] [Mt6d9#5] -Sk3tch: said "/-platescan"
[1:32:43 PM] [Mt6d9#2] JCasper^: died from suicide (Falling)
[1:33:07 PM] [Mt6d9#5] -Sk3tch: said "/-platescan"
[1:33:07 PM] [Mt6d9#4] Barb: died from unknown by -Sk3tch
[1:33:33 PM] [Mt6d9#2] JCasper^: said "/-platescan"
[1:33:33 PM] [Mt6d9#2] JCasper^: said "/-platescan"
[1:33:34 PM] [Mt6d9#2] JCasper^: said "/-platescan"
[1:33:34 PM] [Mt6d9#2] JCasper^: said "/-platescan"
[1:33:34 PM] [Mt6d9#2] JCasper^: said "/-platescan"
[1:33:34 PM] [Mt6d9#2] JCasper^: said "/-platescan"
[1:33:34 PM] [Mt6d9#2] JCasper^: said "/-platescan"
[1:33:34 PM] [Mt6d9#2] JCasper^: said "/-platescan"
[1:33:35 PM] [Mt6d9#2] JCasper^: said "/-platescan"
[1:33:38 PM] [Mt6d9#2] JCasper^: said "/-platescan"
[1:33:38 PM] [Mt6d9#2] JCasper^: said "/-platescan"
[1:33:38 PM] [Mt6d9#2] JCasper^: said "/-platescan"
[1:33:38 PM] [Mt6d9#2] JCasper^: said "/-platescan"
[1:33:38 PM] [Mt6d9#2] JCasper^: said "/-platescan"
[1:33:39 PM] [Mt6d9#2] JCasper^: said "/-platescan"
[1:33:46 PM] [Mt6d9#5] -Sk3tch: said "/-platescan"
[1:33:54 PM] [Mt6d9#4] Barb: said "/-platescan"
[1:34:13 PM] [Mt6d9#5] -Sk3tch: said "/-platescan"
[1:34:14 PM] [Mt6d9#4] Barb: died from unknown by -Sk3tch
[1:34:45 PM] [Mt6d9#5] -Sk3tch: teleported to coordinates (x=-809.400, y=190.300, z=72.500)
[1:35:23 PM] [Mt6d9#2] JCasper^: said "/-platescan"
[1:35:23 PM] [Mt6d9#4] Barb: said "/-platescan"
[1:35:25 PM] [Mt6d9#2] JCasper^: died from Fist by Barb
[1:35:56 PM] [Mt6d9#5] -Sk3tch: said "/-platescan"
[1:36:26 PM] [Mt6d9#2] JCasper^: said "/-platescan"
[1:37:19 PM] [Mt6d9#5] -Sk3tch: said "/-platescan"
[1:37:19 PM] [Mt6d9#5] -Sk3tch: said "/-platescan"
[1:37:22 PM] [Mt6d9#5] -Sk3tch: said "/-platescan"
[1:37:23 PM] [Mt6d9#5] -Sk3tch: said "/-platescan"
[1:37:30 PM] [Mt6d9#5] -Sk3tch: said "/-platescan"
[1:37:31 PM] [Mt6d9#5] -Sk3tch: said "/-platescan"
[1:37:33 PM] [Mt6d9#5] -Sk3tch: said "/-platescan"
[1:37:59 PM] [Mt6d9#5] -Sk3tch: said "/-platescan"
[1:38:01 PM] [Mt6d9#5] -Sk3tch: said "/-platescan"
[1:38:04 PM] [Mt6d9#5] -Sk3tch: said "/-platescan"
[1:38:04 PM] [Mt6d9#5] -Sk3tch: said "/-platescan"
[1:38:34 PM] [Mt6d9#5] -Sk3tch: said "/-platescan"
[1:38:44 PM] [Mt6d9#5] -Sk3tch: said "/-platescan"
[1:38:46 PM] [Mt6d9#5] -Sk3tch: said "/-platescan"
[1:38:47 PM] [Mt6d9#5] -Sk3tch: said "/-platescan"
[1:38:57 PM] [Mt6d9#5] -Sk3tch: said "/-platescan"
[1:38:58 PM] [Mt6d9#5] -Sk3tch: said "/-platescan"
[1:39:00 PM] [Mt6d9#5] -Sk3tch: said "/-platescan"
[1:39:15 PM] [Mt6d9#2] JCasper^: said "/-platescan"
[1:39:34 PM] [Mt6d9#4] Barb: said "/-platescan"
[1:39:40 PM] [Mt6d9#5] -Sk3tch: said "/-platescan"
[1:39:41 PM] [Mt6d9#5] -Sk3tch: said "/-platescan"
[1:39:44 PM] [Mt6d9#2] JCasper^: said "/-platescan"
[1:39:44 PM] [Mt6d9#2] JCasper^: said "/-platescan"
[1:39:44 PM] [Mt6d9#5] -Sk3tch: said "/-platescan"
[1:39:45 PM] [Mt6d9#5] -Sk3tch: said "/-platescan"
[1:39:45 PM] [Mt6d9#2] JCasper^: died from unknown by -Sk3tch
[1:39:45 PM] [Mt6d9#5] -Sk3tch: said "/-platescan"
[1:39:45 PM] [Mt6d9#2] JCasper^: said "/-platescan"
[1:39:52 PM] [Mt6d9#5] -Sk3tch: said "/-platescan"
[1:39:52 PM] [Mt6d9#5] -Sk3tch: said "/-platescan"
[1:39:52 PM] [Mt6d9#5] -Sk3tch: said "/-platescan"
[1:40:06 PM] [Mt6d9#2] JCasper^: said "/-platescan"
[1:40:09 PM] [Mt6d9#5] -Sk3tch: said "/-platescan"
[1:40:09 PM] [Mt6d9#5] -Sk3tch: said "/-platescan"
[1:40:09 PM] [Mt6d9#2] JCasper^: died from unknown by -Sk3tch
[1:40:17 PM] [Mt6d9#5] -Sk3tch: said "/-platescan"
[1:40:17 PM] [Mt6d9#5] -Sk3tch: said "/-platescan"
[1:40:20 PM] [Mt6d9#2] JCasper^: said "/-platescan"
[1:40:20 PM] [Mt6d9#2] JCasper^: said "/-platescan"
[1:40:20 PM] [Mt6d9#2] JCasper^: said "/-platescan"
[1:40:20 PM] [Mt6d9#2] JCasper^: said "/-platescan"
[1:40:21 PM] [Mt6d9#2] JCasper^: said "/-platescan"
[1:40:21 PM] [Mt6d9#2] JCasper^: said "/-platescan"
[1:40:21 PM] [Mt6d9#2] JCasper^: said "/-platescan"
[1:40:21 PM] [Mt6d9#2] JCasper^: said "/-platescan"
[1:40:21 PM] [Mt6d9#2] JCasper^: said "/-platescan"
[1:40:21 PM] [Mt6d9#2] JCasper^: said "/-platescan"
[1:40:21 PM] [Mt6d9#2] JCasper^: said "/-platescan"
[1:40:22 PM] [Mt6d9#2] JCasper^: said "/-platescan"
[1:40:22 PM] [Mt6d9#2] JCasper^: said "/-platescan"
[1:40:22 PM] [Mt6d9#2] JCasper^: said "/-platescan"
[1:40:22 PM] [Mt6d9#2] JCasper^: said "/-platescan"
[1:40:22 PM] [Mt6d9#2] JCasper^: said "/-platescan"
[1:40:22 PM] [Mt6d9#2] JCasper^: said "/-platescan"
[1:40:23 PM] [Mt6d9#2] JCasper^: said "/-platescan"
[1:40:23 PM] [Mt6d9#2] JCasper^: said "/-platescan"
[1:40:24 PM] [Mt6d9#5] -Sk3tch: said "/-platescan"
[1:40:24 PM] [Mt6d9#5] -Sk3tch: said "/-platescan"
[1:40:25 PM] [Mt6d9#5] -Sk3tch: said "/-platescan"
[1:40:25 PM] [Mt6d9#2] JCasper^: died from suicide
[1:40:27 PM] [Mt6d9#2] JCasper^: said "/-platescan"
[1:40:27 PM] [Mt6d9#2] JCasper^: said "/-platescan"
[1:40:28 PM] [Mt6d9#2] JCasper^: said "/-platescan"
[1:40:29 PM] [Mt6d9#2] JCasper^: said "/-platescan"
[1:40:29 PM] [Mt6d9#2] JCasper^: said "/-platescan"
[1:40:52 PM] [Mt6d9#2] JCasper^: said "/-platescan"
[1:41:19 PM] [Mt6d9#5] -Sk3tch: said "/-platescan"
[1:41:21 PM] [Mt6d9#5] -Sk3tch: said "/-platescan"
[1:41:30 PM] [Mt6d9#5] -Sk3tch: healed all players!
[1:41:53 PM] [Mt6d9#4] Barb: said "/-platescan"
[1:41:54 PM] [Mt6d9#4] Barb: said "/-platescan"
[1:41:58 PM] [Mt6d9#4] Barb: said "/-platescan"
[1:41:58 PM] [Mt6d9#4] Barb: said "/-platescan"
[1:42:01 PM] [Mt6d9#5] -Sk3tch: said "/-platescan"
[1:42:03 PM] [Mt6d9#5] -Sk3tch: said "/-platescan"
[1:42:04 PM] [Mt6d9#5] -Sk3tch: said "/-platescan"
[1:42:05 PM] [Mt6d9#2] JCasper^: said "/-platescan"
[1:42:08 PM] [Mt6d9#2] JCasper^: said "/-platescan"
[1:42:08 PM] [Mt6d9#2] JCasper^: said "/-platescan"
[1:42:13 PM] [Mt6d9#5] -Sk3tch: said "/-platescan"
[1:42:13 PM] [Mt6d9#5] -Sk3tch: said "/-platescan"
[1:42:25 PM] [Mt6d9#4] Barb: said "/-platescan"
[1:42:27 PM] [Mt6d9#2] JCasper^: said "/-platescan"
[1:42:28 PM] [Mt6d9#2] JCasper^: said "/-platescan"
[1:42:28 PM] [Mt6d9#2] JCasper^: said "/-platescan"
[1:42:39 PM] [Mt6d9#5] -Sk3tch: said "/-platescan"
[1:42:51 PM] [Mt6d9#4] Barb: said "/-platescan"
[1:42:54 PM] [Mt6d9#4] Barb: said "/-platescan"
[1:42:58 PM] [Mt6d9#4] Barb: said "/-platescan"
[1:42:59 PM] [Mt6d9#5] -Sk3tch: healed all players!
[1:43:03 PM] [Mt6d9#4] Barb: said "/-platescan"
[1:43:04 PM] [Mt6d9#4] Barb: disconnected (Disconnected.)
[1:43:04 PM] [Mt6d9#4] Barb: said "/-platescan"
[1:43:37 PM] [Mt6d9#2] JCasper^: said "/-answer"
[1:43:48 PM] [Mt6d9#6] Barb: joined with identifiers [license:63ece83bec31d86f0787a776378cb3bd987aa3d1; discord:302865640111472640; fivem:1871334; license2:4613851b390c5b23eef5f33d537710bcb3e3bec7]
[1:43:50 PM] [Mt6d9#5] -Sk3tch: said "/-platescan"
[1:44:03 PM] [Mt6d9#5] -Sk3tch: said "/-platescan"
[1:44:03 PM] [Mt6d9#5] -Sk3tch: said "/-platescan"
[1:44:03 PM] [Mt6d9#5] -Sk3tch: said "/-platescan"
[1:44:03 PM] [Mt6d9#5] -Sk3tch: said "/-platescan"
[1:44:03 PM] [Mt6d9#5] -Sk3tch: said "/-platescan"
[1:44:03 PM] [Mt6d9#5] -Sk3tch: said "/-platescan"
[1:44:04 PM] [Mt6d9#5] -Sk3tch: said "/-platescan"
[1:44:04 PM] [Mt6d9#5] -Sk3tch: said "/-platescan"
[1:44:04 PM] [Mt6d9#5] -Sk3tch: said "/-platescan"
[1:44:04 PM] [Mt6d9#5] -Sk3tch: said "/-platescan"
[1:44:04 PM] [Mt6d9#5] -Sk3tch: said "/-platescan"
[1:44:04 PM] [Mt6d9#5] -Sk3tch: said "/-platescan"
[1:44:04 PM] [Mt6d9#5] -Sk3tch: said "/-platescan"
[1:44:04 PM] [Mt6d9#5] -Sk3tch: said "/-platescan"
[1:44:05 PM] [Mt6d9#5] -Sk3tch: said "/-platescan"
[1:44:05 PM] [Mt6d9#5] -Sk3tch: said "/-platescan"
[1:44:07 PM] [Mt6d9#5] -Sk3tch: said "/-platescan"
[1:44:07 PM] [Mt6d9#5] -Sk3tch: said "/-platescan"
[1:44:07 PM] [Mt6d9#5] -Sk3tch: said "/-platescan"
[1:44:20 PM] [Mt6d9#5] -Sk3tch: said "/-platescan"
[1:44:20 PM] [Mt6d9#5] -Sk3tch: said "/-platescan"
[1:44:38 PM] [Mt6d9#5] -Sk3tch: disconnected (Exiting)
[2:04:02 PM] [Mt6d9#6] Barb: said "/-platescan"
[2:04:03 PM] [Mt6d9#6] Barb: said "/-platescan"
[2:04:04 PM] [Mt6d9#6] Barb: said "/-platescan"
[2:04:05 PM] [Mt6d9#6] Barb: said "/-platescan"
[2:04:05 PM] [Mt6d9#6] Barb: said "/-platescan"
[2:04:06 PM] [Mt6d9#6] Barb: said "/-platescan"
[2:04:06 PM] [Mt6d9#6] Barb: said "/-platescan"
[2:04:07 PM] [Mt6d9#6] Barb: said "/-platescan"
[2:04:08 PM] [Mt6d9#6] Barb: said "/-platescan"
[2:04:08 PM] [Mt6d9#6] Barb: said "/-platescan"
[2:04:08 PM] [Mt6d9#6] Barb: said "/-platescan"
[2:04:31 PM] [Mt6d9#6] Barb: said "/-platescan"
[2:04:32 PM] [Mt6d9#6] Barb: said "/-platescan"
[2:16:54 PM] [Mt6d9#6] Barb: said "/-platescan"
[2:16:55 PM] [Mt6d9#6] Barb: said "/-platescan"
[2:16:56 PM] [Mt6d9#6] Barb: said "/-platescan"
[2:16:56 PM] [Mt6d9#6] Barb: said "/-platescan"
[2:17:11 PM] [Mt6d9#6] Barb: said "/-platescan"
[2:17:11 PM] [Mt6d9#6] Barb: said "/-platescan"
[2:17:12 PM] [Mt6d9#6] Barb: said "/-platescan"
[2:17:12 PM] [Mt6d9#6] Barb: said "/-platescan"
[2:19:54 PM] [Mt6d9#2] JCasper^: said "/-platescan"
[2:19:55 PM] [Mt6d9#2] JCasper^: said "/-platescan"
[2:19:56 PM] [Mt6d9#2] JCasper^: said "/-platescan"
[2:19:59 PM] [Mt6d9#2] JCasper^: said "/-platescan"
[2:20:08 PM] [Mt6d9#2] JCasper^: said "/-platescan"
[2:20:17 PM] [Mt6d9#6] Barb: said "/-platescan"
[2:20:22 PM] [Mt6d9#6] Barb: said "/-platescan"
[2:20:26 PM] [Mt6d9#6] Barb: said "/-platescan"
[2:20:30 PM] [Mt6d9#6] Barb: said "/-platescan"
[2:20:31 PM] [Mt6d9#6] Barb: said "/-platescan"
[2:20:33 PM] [Mt6d9#6] Barb: said "/-platescan"
[2:20:35 PM] [Mt6d9#6] Barb: said "/-platescan"
[2:20:35 PM] [Mt6d9#6] Barb: said "/-platescan"
[2:20:37 PM] [Mt6d9#6] Barb: said "/-platescan"
[2:20:40 PM] [Mt6d9#6] Barb: said "/-platescan"
[2:20:42 PM] [Mt6d9#6] Barb: said "/-platescan"
[2:20:48 PM] [Mt6d9#6] Barb: said "/-platescan"
[2:20:49 PM] [Mt6d9#6] Barb: said "/-platescan"
[2:20:55 PM] [Mt6d9#6] Barb: said "/-platescan"
[2:20:56 PM] [Mt6d9#6] Barb: said "/-platescan"
[2:20:56 PM] [Mt6d9#6] Barb: said "/-platescan"
[2:20:57 PM] [Mt6d9#6] Barb: said "/-platescan"
[2:20:57 PM] [Mt6d9#6] Barb: said "/-platescan"
[2:20:58 PM] [Mt6d9#6] Barb: said "/-platescan"
[2:20:59 PM] [Mt6d9#6] Barb: said "/-platescan"
[2:21:00 PM] [Mt6d9#2] JCasper^: disconnected (Disconnected.)
[2:21:02 PM] [Mt6d9#6] Barb: said "/-platescan"
[2:21:03 PM] [Mt6d9#6] Barb: said "/-platescan"
[2:21:06 PM] [Mt6d9#6] Barb: said "/-platescan"
[2:21:06 PM] [Mt6d9#6] Barb: said "/-platescan"
[2:21:07 PM] [Mt6d9#6] Barb: said "/-platescan"
[2:21:08 PM] [Mt6d9#6] Barb: said "/-platescan"
[2:21:09 PM] [Mt6d9#6] Barb: said "/-platescan"
[2:21:11 PM] [Mt6d9#6] Barb: said "/-platescan"
[2:21:23 PM] [Mt6d9#6] Barb: said "/-platescan"
[2:21:24 PM] [Mt6d9#6] Barb: said "/-platescan"
[2:21:27 PM] [Mt6d9#6] Barb: said "/-platescan"
[2:21:30 PM] [Mt6d9#6] Barb: said "/-platescan"
[2:21:32 PM] [Mt6d9#6] Barb: said "/-platescan"
[2:21:34 PM] [Mt6d9#6] Barb: said "/-platescan"
[2:21:34 PM] [Mt6d9#6] Barb: said "/-platescan"
[2:21:35 PM] [Mt6d9#6] Barb: said "/-platescan"
[2:21:46 PM] [Mt6d9#6] Barb: said "/-platescan"
[2:21:48 PM] [Mt6d9#6] Barb: said "/-platescan"
[2:21:50 PM] [Mt6d9#6] Barb: said "/-platescan"
[2:21:52 PM] [Mt6d9#6] Barb: said "/-platescan"
[2:21:54 PM] [Mt6d9#6] Barb: said "/-platescan"
[2:21:55 PM] [Mt6d9#6] Barb: said "/-platescan"
[2:21:55 PM] [Mt6d9#6] Barb: said "/-platescan"
[2:21:55 PM] [Mt6d9#6] Barb: said "/-platescan"
[2:22:10 PM] [Mt6d9#6] Barb: said "/-platescan"
[2:22:11 PM] [Mt6d9#6] Barb: said "/-platescan"
[2:22:14 PM] [Mt6d9#6] Barb: said "/-platescan"
[2:22:14 PM] [Mt6d9#6] Barb: said "/-platescan"
[2:22:17 PM] [Mt6d9#6] Barb: said "/-platescan"
[2:22:18 PM] [Mt6d9#6] Barb: said "/-platescan"
[2:22:52 PM] [Mt6d9#6] Barb: said "/-platescan"
[2:23:16 PM] [Mt6d9#6] Barb: said "/-platescan"
[2:23:16 PM] [Mt6d9#6] Barb: said "/-platescan"
[2:23:17 PM] [Mt6d9#6] Barb: said "/-platescan"
[2:25:29 PM] [Mt6d9#6] Barb: said "/-platescan"
[2:26:08 PM] [Mt6d9#6] Barb: said "/-platescan"
[2:48:17 PM] [Mt6d9#6] Barb: said "/-platescan"
[2:50:12 PM] [Mt6d9#6] Barb: said "/-platescan"
[2:50:18 PM] [Mt6d9#6] Barb: said "/-platescan"
[3:15:30 PM] [Mt6d9#6] Barb: said "/-platescan"
[3:19:15 PM] [Mt6d9#6] Barb: said "/-platescan"
[3:25:20 PM] [Mt6d9#6] Barb: said "/-platescan"
[3:27:05 PM] [Mt6d9#6] Barb: said "/-platescan"
[3:27:05 PM] [Mt6d9#6] Barb: said "/-platescan"
[3:27:06 PM] [Mt6d9#6] Barb: said "/-platescan"
[3:27:06 PM] [Mt6d9#6] Barb: said "/-platescan"
[3:27:08 PM] [Mt6d9#6] Barb: said "/-platescan"
[3:27:09 PM] [Mt6d9#6] Barb: said "/-platescan"
[3:27:13 PM] [Mt6d9#6] Barb: said "/-platescan"
[3:27:14 PM] [Mt6d9#6] Barb: said "/-platescan"
[3:27:14 PM] [Mt6d9#6] Barb: said "/-platescan"
[3:27:16 PM] [Mt6d9#6] Barb: said "/-platescan"
[3:27:20 PM] [Mt6d9#6] Barb: said "/-platescan"
[3:29:16 PM] [Mt6d9#6] Barb: said "/-platescan"
[3:29:17 PM] [Mt6d9#6] Barb: said "/-platescan"
[3:29:26 PM] [Mt6d9#6] Barb: said "/-platescan"
[3:29:27 PM] [Mt6d9#6] Barb: said "/-platescan"
[3:29:28 PM] [Mt6d9#6] Barb: said "/-platescan"
[3:29:29 PM] [Mt6d9#6] Barb: said "/-platescan"
[3:29:31 PM] [Mt6d9#6] Barb: said "/-platescan"
[3:29:33 PM] [Mt6d9#6] Barb: said "/-platescan"
[3:29:34 PM] [Mt6d9#6] Barb: said "/-platescan"
[3:29:34 PM] [Mt6d9#6] Barb: said "/-platescan"
[3:29:50 PM] [Mt6d9#6] Barb: said "/-platescan"
[5:30:29 PM] txAdmin: ((Broadcast) txAdmin): said "This server is scheduled to restart in 30 minutes."
[5:45:30 PM] txAdmin: ((Broadcast) txAdmin): said "This server is scheduled to restart in 15 minutes."
[5:50:30 PM] txAdmin: ((Broadcast) txAdmin): said "This server is scheduled to restart in 10 minutes."
[5:55:30 PM] txAdmin: ((Broadcast) txAdmin): said "This server is scheduled to restart in 5 minutes."
[5:56:30 PM] txAdmin: ((Broadcast) txAdmin): said "This server is scheduled to restart in 4 minutes."
[5:57:30 PM] txAdmin: ((Broadcast) txAdmin): said "This server is scheduled to restart in 3 minutes."
[5:58:30 PM] txAdmin: ((Broadcast) txAdmin): said "This server is scheduled to restart in 2 minutes."
[5:59:31 PM] txAdmin: ((Broadcast) txAdmin): said "This server is scheduled to restart in 1 minute. Please disconnect now."
[5:59:39 PM] [Mt6d9#6] Barb: said "/-platescan"
[5:59:39 PM] [Mt6d9#6] Barb: said "/-platescan"
[5:59:40 PM] [Mt6d9#6] Barb: said "/-platescan"
[5:59:40 PM] [Mt6d9#6] Barb: disconnected (Disconnected.)
[5:59:41 PM] [Mt6d9#6] Barb: said "/-platescan"
[6:02:15 PM] txAdmin: Logger started
[8:49:53 PM] [w8ekK#1] Hannibal77: joined with identifiers [license:0098725183558015426011b71e87f91d7af46ab0; xbl:2535433101330769; live:1055518313406691; discord:99914854340509696; fivem:1525860; license2:16027c2e3f27283b4ca1d7c3f73dfaa74597a45d]
[8:51:00 PM] [w8ekK#1] Hannibal77: said "/-platescan"
[8:51:02 PM] [w8ekK#1] Hannibal77: said "/-platescan"
[8:51:09 PM] [w8ekK#1] Hannibal77: said "/-platescan"
[8:51:11 PM] [w8ekK#1] Hannibal77: said "/-platescan"
[8:51:21 PM] [w8ekK#1] Hannibal77: said "/-platescan"
[8:51:58 PM] [w8ekK#1] Hannibal77: said "/-platescan"
[8:52:02 PM] [w8ekK#1] Hannibal77: said "/-platescan"
[8:54:35 PM] [w8ekK#1] Hannibal77: said "/-platescan"
[8:54:38 PM] [w8ekK#1] Hannibal77: said "/-platescan"
[8:54:41 PM] [w8ekK#1] Hannibal77: said "/-platescan"
[8:54:42 PM] [w8ekK#1] Hannibal77: said "/-platescan"
[8:57:28 PM] [w8ekK#1] Hannibal77: said "/-platescan"
[8:57:29 PM] [w8ekK#1] Hannibal77: said "/-platescan"
[8:57:33 PM] [w8ekK#1] Hannibal77: said "/-platescan"
[8:57:34 PM] [w8ekK#1] Hannibal77: said "/-platescan"
[8:59:14 PM] [w8ekK#1] Hannibal77: said "/-platescan"
[8:59:14 PM] [w8ekK#1] Hannibal77: said "/-platescan"
[8:59:17 PM] [w8ekK#1] Hannibal77: said "/-platescan"
[8:59:19 PM] [w8ekK#1] Hannibal77: said "/-platescan"
[8:59:19 PM] [w8ekK#1] Hannibal77: said "/-platescan"
[8:59:21 PM] [w8ekK#1] Hannibal77: said "/-platescan"
[8:59:22 PM] [w8ekK#1] Hannibal77: said "/-platescan"
[8:59:33 PM] [w8ekK#1] Hannibal77: said "/-platescan"
[8:59:33 PM] [w8ekK#1] Hannibal77: said "/-platescan"
[9:02:07 PM] [w8ekK#1] Hannibal77: said "/-platescan"
[9:02:08 PM] [w8ekK#1] Hannibal77: said "/-platescan"
[9:02:09 PM] [w8ekK#1] Hannibal77: said "/-platescan"
[9:02:10 PM] [w8ekK#1] Hannibal77: said "/-platescan"
[9:02:11 PM] [w8ekK#1] Hannibal77: said "/-platescan"
[9:02:12 PM] [w8ekK#1] Hannibal77: said "/-platescan"
[9:02:12 PM] [w8ekK#1] Hannibal77: said "/-platescan"
[9:02:14 PM] [w8ekK#1] Hannibal77: said "/tp,"
[9:02:21 PM] [w8ekK#1] Hannibal77: said "/-platescan"
[9:02:21 PM] [w8ekK#1] Hannibal77: said "/-platescan"
[9:02:30 PM] [w8ekK#1] Hannibal77: said "/-platescan"
[9:02:32 PM] [w8ekK#1] Hannibal77: said "/-platescan"
[9:02:33 PM] [w8ekK#1] Hannibal77: said "/-platescan"
[9:02:34 PM] [w8ekK#1] Hannibal77: said "/-platescan"
[9:02:35 PM] [w8ekK#1] Hannibal77: said "/-platescan"
[9:02:46 PM] [w8ekK#1] Hannibal77: said "/-platescan"
[9:02:47 PM] [w8ekK#1] Hannibal77: said "/-platescan"
[9:06:17 PM] [w8ekK#1] Hannibal77: said "/-platescan"
[9:06:24 PM] [w8ekK#1] Hannibal77: said "/-platescan"
[9:06:24 PM] [w8ekK#1] Hannibal77: said "/-platescan"
[9:06:35 PM] [w8ekK#1] Hannibal77: said "/-platescan"
[9:06:36 PM] [w8ekK#1] Hannibal77: said "/-platescan"
[9:17:47 PM] [w8ekK#1] Hannibal77: disconnected (Exiting)
[9:18:12 PM] txAdmin: Logger started
[9:18:43 PM] [pnbw7#1] Hannibal77: joined with identifiers [license:0098725183558015426011b71e87f91d7af46ab0; xbl:2535433101330769; live:1055518313406691; discord:99914854340509696; fivem:1525860; license2:16027c2e3f27283b4ca1d7c3f73dfaa74597a45d]
[9:19:21 PM] [pnbw7#1] Hannibal77: said "/-platescan"
[9:19:22 PM] [pnbw7#1] Hannibal77: said "/-platescan"
[9:25:03 PM] [pnbw7#1] Hannibal77: said "/noclup"
[9:25:12 PM] [pnbw7#1] Hannibal77: said "/-platescan"
[9:25:16 PM] [pnbw7#1] Hannibal77: said "/-platescan"
[9:25:49 PM] [pnbw7#1] Hannibal77: said "/-platescan"
[9:25:49 PM] [pnbw7#1] Hannibal77: said "/-platescan"
[9:25:49 PM] [pnbw7#1] Hannibal77: said "/-platescan"
[9:25:49 PM] [pnbw7#1] Hannibal77: said "/-platescan"
[9:26:03 PM] [pnbw7#1] Hannibal77: disconnected (Exiting)
[9:29:38 PM] [pnbw7#2] Hannibal77: joined with identifiers [license:0098725183558015426011b71e87f91d7af46ab0; xbl:2535433101330769; live:1055518313406691; discord:99914854340509696; fivem:1525860; license2:16027c2e3f27283b4ca1d7c3f73dfaa74597a45d]
[9:30:19 PM] [pnbw7#2] Hannibal77: said "/-platescan"
[9:30:20 PM] [pnbw7#2] Hannibal77: said "/-platescan"
[9:30:45 PM] [pnbw7#2] Hannibal77: said "/-platescan"
[9:30:45 PM] [pnbw7#2] Hannibal77: said "/-platescan"
[9:30:46 PM] [pnbw7#2] Hannibal77: said "/-platescan"
[9:44:14 PM] [pnbw7#2] Hannibal77: disconnected ([txAdmin] Server restarting (requested by Sk3tchPlays).)
[9:44:32 PM] txAdmin: Logger started
[9:45:51 PM] [mYYWU#1] Hannibal77: joined with identifiers [license:0098725183558015426011b71e87f91d7af46ab0; xbl:2535433101330769; live:1055518313406691; discord:99914854340509696; fivem:1525860; license2:16027c2e3f27283b4ca1d7c3f73dfaa74597a45d]
[9:49:19 PM] [mYYWU#1] Hannibal77: said "/-platescan"
[9:52:02 PM] [mYYWU#1] Hannibal77: disconnected ([txAdmin] Server restarting (requested by Sk3tchPlays).)
[9:52:20 PM] txAdmin: Logger started
[9:52:44 PM] [K6agA#1] Hannibal77: joined with identifiers [license:0098725183558015426011b71e87f91d7af46ab0; xbl:2535433101330769; live:1055518313406691; discord:99914854340509696; fivem:1525860; license2:16027c2e3f27283b4ca1d7c3f73dfaa74597a45d]
[9:54:00 PM] [K6agA#1] Hannibal77: said "/-platescan"
[9:55:30 PM] [K6agA#1] Hannibal77: said "/-platescan"
[9:55:37 PM] [K6agA#1] Hannibal77: said "/-platescan"
[9:56:29 PM] [K6agA#1] Hannibal77: disconnected ([txAdmin] Server restarting (requested by Sk3tchPlays).)
[9:56:47 PM] txAdmin: Logger started
[9:57:12 PM] [zCReB#1] Hannibal77: joined with identifiers [license:0098725183558015426011b71e87f91d7af46ab0; xbl:2535433101330769; live:1055518313406691; discord:99914854340509696; fivem:1525860; license2:16027c2e3f27283b4ca1d7c3f73dfaa74597a45d]
[9:59:59 PM] [zCReB#1] Hannibal77: said "/-platescan"
[10:00:01 PM] [zCReB#1] Hannibal77: said "/-platescan"
[10:00:02 PM] [zCReB#1] Hannibal77: said "/-platescan"
[10:00:02 PM] [zCReB#1] Hannibal77: said "/-platescan"
[10:00:03 PM] [zCReB#1] Hannibal77: said "/-platescan"
[10:00:04 PM] [zCReB#1] Hannibal77: said "/-platescan"
[10:02:05 PM] [zCReB#1] Hannibal77: said "/-platescan"
[10:02:07 PM] [zCReB#1] Hannibal77: said "/-platescan"
[10:03:38 PM] [zCReB#1] Hannibal77: said "/-answer"
[10:22:20 PM] [zCReB#1] Hannibal77: said "/-platescan"
[10:22:22 PM] [zCReB#1] Hannibal77: said "/-platescan"
[10:22:23 PM] [zCReB#1] Hannibal77: said "/-platescan"
[10:22:23 PM] [zCReB#1] Hannibal77: said "/-platescan"
[10:22:45 PM] [zCReB#1] Hannibal77: said "/-platescan"
[10:22:46 PM] [zCReB#1] Hannibal77: said "/-platescan"
[10:27:23 PM] [zCReB#1] Hannibal77: said "/-platescan"
[10:27:48 PM] [zCReB#1] Hannibal77: said "/-platescan"
[10:27:48 PM] [zCReB#1] Hannibal77: said "/-platescan"
[10:28:24 PM] [zCReB#1] Hannibal77: said "/-platescan"
[10:31:48 PM] [zCReB#1] Hannibal77: said "/av_corner:sell"
[10:32:50 PM] [zCReB#1] Hannibal77: said "/parashute"
[10:33:19 PM] [zCReB#1] Hannibal77: said "/bagon"
[10:33:25 PM] [zCReB#1] Hannibal77: said "/bagon"
[10:33:53 PM] [zCReB#1] Hannibal77: said "/glovesoff"
[10:34:52 PM] [zCReB#1] Hannibal77: said "/-platescan"
[10:34:53 PM] [zCReB#1] Hannibal77: said "/-platescan"
[10:35:22 PM] [zCReB#1] Hannibal77: said "/-platescan"
[10:35:23 PM] [zCReB#1] Hannibal77: said "/-platescan"
[10:35:28 PM] [zCReB#1] Hannibal77: said "/-platescan"
[10:35:30 PM] [zCReB#1] Hannibal77: said "/-platescan"
[10:36:54 PM] [zCReB#1] Hannibal77: said "/-platescan"
[10:36:54 PM] [zCReB#1] Hannibal77: said "/-platescan"
[10:39:01 PM] [zCReB#1] Hannibal77: said "/-platescan"
[10:39:03 PM] [zCReB#1] Hannibal77: said "/-platescan"
[10:46:22 PM] [zCReB#1] Hannibal77: said "/-platescan"
[10:46:23 PM] [zCReB#1] Hannibal77: said "/-platescan"
[10:46:24 PM] [zCReB#1] Hannibal77: said "/-platescan"
[10:46:24 PM] [zCReB#1] Hannibal77: said "/-platescan"
[10:46:42 PM] [zCReB#1] Hannibal77: said "/-platescan"
[10:46:43 PM] [zCReB#1] Hannibal77: said "/-platescan"
[10:46:47 PM] [zCReB#1] Hannibal77: said "/-platescan"
[10:46:48 PM] [zCReB#1] Hannibal77: said "/-platescan"
[10:49:50 PM] [zCReB#1] Hannibal77: said "/-platescan"
[10:51:22 PM] [zCReB#1] Hannibal77: said "/-platescan"
[10:52:47 PM] [zCReB#1] Hannibal77: said "/-platescan"
[11:00:38 PM] [zCReB#1] Hannibal77: said "/-platescan"
[11:02:33 PM] [zCReB#1] Hannibal77: said "/-platescan"
[11:02:41 PM] [zCReB#1] Hannibal77: said "/-platescan"
[11:02:42 PM] [zCReB#1] Hannibal77: said "/-platescan"
[11:02:44 PM] [zCReB#1] Hannibal77: said "/-platescan"
[11:02:44 PM] [zCReB#1] Hannibal77: said "/-platescan"
[11:02:45 PM] [zCReB#1] Hannibal77: said "/-platescan"
[11:05:21 PM] [zCReB#1] Hannibal77: said "/-platescan"
[11:05:25 PM] [zCReB#1] Hannibal77: said "/-platescan"
[11:05:27 PM] [zCReB#1] Hannibal77: said "/-platescan"
[11:05:27 PM] [zCReB#1] Hannibal77: said "/-platescan"
[11:05:28 PM] [zCReB#1] Hannibal77: said "/-platescan"
[11:05:30 PM] [zCReB#1] Hannibal77: said "/tp,"
[11:22:16 PM] [zCReB#1] Hannibal77: disconnected ([txAdmin] Server restarting (requested by Sk3tchPlays).)
[11:22:34 PM] txAdmin: Logger started
[11:23:09 PM] [GzLjd#1] Hannibal77: joined with identifiers [license:0098725183558015426011b71e87f91d7af46ab0; xbl:2535433101330769; live:1055518313406691; discord:99914854340509696; fivem:1525860; license2:16027c2e3f27283b4ca1d7c3f73dfaa74597a45d]
[11:29:48 PM] [GzLjd#1] Hannibal77: disconnected ([txAdmin] Server restarting (requested by Sk3tchPlays).)
[11:30:06 PM] txAdmin: Logger started
[11:30:36 PM] [pFiay#1] Hannibal77: joined with identifiers [license:0098725183558015426011b71e87f91d7af46ab0; xbl:2535433101330769; live:1055518313406691; discord:99914854340509696; fivem:1525860; license2:16027c2e3f27283b4ca1d7c3f73dfaa74597a45d]
[11:30:36 PM] txAdmin: ((Broadcast) txAdmin): said "This server is scheduled to restart in 30 minutes."
[11:31:31 PM] [pFiay#1] Hannibal77: said "/-platescan"
[11:31:39 PM] [pFiay#1] Hannibal77: disconnected (Exiting)
[11:42:51 PM] txAdmin: Logger started
[11:44:16 PM] txAdmin: Logger started
[11:44:49 PM] [htjyh#1] Hannibal77: joined with identifiers [license:0098725183558015426011b71e87f91d7af46ab0; xbl:2535433101330769; live:1055518313406691; discord:99914854340509696; fivem:1525860; license2:16027c2e3f27283b4ca1d7c3f73dfaa74597a45d]
[11:45:31 PM] [htjyh#1] Hannibal77: said "/-platescan"
[11:45:33 PM] [htjyh#1] Hannibal77: said "/-platescan"
[11:45:36 PM] txAdmin: ((Broadcast) txAdmin): said "This server is scheduled to restart in 15 minutes."
[11:45:46 PM] [htjyh#1] Hannibal77: said "/-platescan"
[11:45:47 PM] [htjyh#1] Hannibal77: said "/-platescan"
[11:47:32 PM] [htjyh#1] Hannibal77: said "/-platescan"
[11:47:37 PM] [htjyh#1] Hannibal77: said "/-platescan"
[11:47:40 PM] [htjyh#1] Hannibal77: said "/-platescan"
[11:47:41 PM] [htjyh#1] Hannibal77: said "/-platescan"
[11:47:43 PM] [htjyh#1] Hannibal77: said "/-platescan"
[11:47:47 PM] [htjyh#1] Hannibal77: said "/-platescan"
[11:47:52 PM] [htjyh#1] Hannibal77: said "/-platescan"
[11:48:11 PM] [htjyh#1] Hannibal77: said "/-platescan"
[11:48:12 PM] [htjyh#1] Hannibal77: said "/-platescan"
[11:50:36 PM] txAdmin: ((Broadcast) txAdmin): said "This server is scheduled to restart in 10 minutes."
[11:55:36 PM] txAdmin: ((Broadcast) txAdmin): said "This server is scheduled to restart in 5 minutes."
[11:56:36 PM] txAdmin: ((Broadcast) txAdmin): said "This server is scheduled to restart in 4 minutes."
[11:57:36 PM] txAdmin: ((Broadcast) txAdmin): said "This server is scheduled to restart in 3 minutes."
[11:58:37 PM] txAdmin: ((Broadcast) txAdmin): said "This server is scheduled to restart in 2 minutes."
[11:59:37 PM] txAdmin: ((Broadcast) txAdmin): said "This server is scheduled to restart in 1 minute. Please disconnect now."
